{"C:\\Users\\hites\\orbital23\\App.js": {"path":"C:\\Users\\hites\\orbital23\\App.js","statementMap":{"0":{"start":{"line":8,"column":12},"end":{"line":8,"column":20}},"1":{"start":{"line":10,"column":0},"end":{"line":10,"column":12}},"2":{"start":{"line":11,"column":14},"end":{"line":11,"column":24}},"3":{"start":{"line":16,"column":4},"end":{"line":20,"column":6}}},"fnMap":{"0":{"name":"(anonymous_0)","decl":{"start":{"line":15,"column":2},"end":{"line":15,"column":3}},"loc":{"start":{"line":15,"column":11},"end":{"line":21,"column":3}},"line":15}},"branchMap":{},"s":{"0":0,"1":0,"2":0,"3":0},"f":{"0":0},"b":{}}
,"C:\\Users\\hites\\orbital23\\index.js": {"path":"C:\\Users\\hites\\orbital23\\index.js","statementMap":{"0":{"start":{"line":8,"column":0},"end":{"line":8,"column":27}}},"fnMap":{},"branchMap":{},"s":{"0":0},"f":{},"b":{}}
,"C:\\Users\\hites\\orbital23\\metro.config.js": {"path":"C:\\Users\\hites\\orbital23\\metro.config.js","statementMap":{"0":{"start":{"line":1,"column":29},"end":{"line":1,"column":58}},"1":{"start":{"line":3,"column":22},"end":{"line":3,"column":49}},"2":{"start":{"line":4,"column":0},"end":{"line":4,"column":45}},"3":{"start":{"line":6,"column":0},"end":{"line":6,"column":31}}},"fnMap":{},"branchMap":{},"s":{"0":0,"1":0,"2":0,"3":0},"f":{},"b":{}}
,"C:\\Users\\hites\\orbital23\\NUSocialize\\App.js": {"path":"C:\\Users\\hites\\orbital23\\NUSocialize\\App.js","statementMap":{"0":{"start":{"line":5,"column":2},"end":{"line":10,"column":4}},"1":{"start":{"line":13,"column":15},"end":{"line":20,"column":2}}},"fnMap":{"0":{"name":"App","decl":{"start":{"line":4,"column":24},"end":{"line":4,"column":27}},"loc":{"start":{"line":4,"column":30},"end":{"line":11,"column":1}},"line":4}},"branchMap":{},"s":{"0":0,"1":0},"f":{"0":0},"b":{}}
,"C:\\Users\\hites\\orbital23\\api\\auth.js": {"path":"C:\\Users\\hites\\orbital23\\api\\auth.js","statementMap":{"0":{"start":{"line":13,"column":21},"end":{"line":27,"column":1}},"1":{"start":{"line":14,"column":2},"end":{"line":26,"column":3}},"2":{"start":{"line":15,"column":21},"end":{"line":15,"column":76}},"3":{"start":{"line":16,"column":4},"end":{"line":21,"column":5}},"4":{"start":{"line":17,"column":6},"end":{"line":19,"column":7}},"5":{"start":{"line":18,"column":8},"end":{"line":18,"column":35}},"6":{"start":{"line":20,"column":6},"end":{"line":20,"column":29}},"7":{"start":{"line":22,"column":4},"end":{"line":22,"column":41}},"8":{"start":{"line":23,"column":4},"end":{"line":23,"column":43}},"9":{"start":{"line":25,"column":4},"end":{"line":25,"column":26}},"10":{"start":{"line":29,"column":22},"end":{"line":40,"column":1}},"11":{"start":{"line":30,"column":2},"end":{"line":39,"column":3}},"12":{"start":{"line":31,"column":21},"end":{"line":31,"column":80}},"13":{"start":{"line":32,"column":4},"end":{"line":36,"column":5}},"14":{"start":{"line":33,"column":6},"end":{"line":33,"column":52}},"15":{"start":{"line":34,"column":6},"end":{"line":34,"column":65}},"16":{"start":{"line":35,"column":6},"end":{"line":35,"column":29}},"17":{"start":{"line":38,"column":4},"end":{"line":38,"column":26}},"18":{"start":{"line":42,"column":29},"end":{"line":50,"column":1}},"19":{"start":{"line":43,"column":2},"end":{"line":49,"column":3}},"20":{"start":{"line":44,"column":4},"end":{"line":44,"column":46}},"21":{"start":{"line":45,"column":4},"end":{"line":45,"column":45}},"22":{"start":{"line":46,"column":4},"end":{"line":46,"column":23}},"23":{"start":{"line":48,"column":4},"end":{"line":48,"column":26}},"24":{"start":{"line":53,"column":33},"end":{"line":68,"column":1}},"25":{"start":{"line":54,"column":2},"end":{"line":67,"column":3}},"26":{"start":{"line":55,"column":17},"end":{"line":56,"column":40}},"27":{"start":{"line":56,"column":23},"end":{"line":56,"column":38}},"28":{"start":{"line":57,"column":17},"end":{"line":57,"column":67}},"29":{"start":{"line":58,"column":22},"end":{"line":58,"column":46}},"30":{"start":{"line":59,"column":4},"end":{"line":59,"column":48}},"31":{"start":{"line":60,"column":16},"end":{"line":60,"column":47}},"32":{"start":{"line":61,"column":4},"end":{"line":61,"column":58}},"33":{"start":{"line":62,"column":4},"end":{"line":62,"column":46}},"34":{"start":{"line":63,"column":4},"end":{"line":63,"column":43}},"35":{"start":{"line":64,"column":4},"end":{"line":64,"column":23}},"36":{"start":{"line":66,"column":4},"end":{"line":66,"column":26}},"37":{"start":{"line":70,"column":40},"end":{"line":80,"column":1}},"38":{"start":{"line":71,"column":2},"end":{"line":79,"column":3}},"39":{"start":{"line":72,"column":16},"end":{"line":72,"column":161}},"40":{"start":{"line":73,"column":4},"end":{"line":73,"column":58}},"41":{"start":{"line":74,"column":4},"end":{"line":74,"column":46}},"42":{"start":{"line":75,"column":4},"end":{"line":75,"column":43}},"43":{"start":{"line":76,"column":4},"end":{"line":76,"column":23}},"44":{"start":{"line":78,"column":4},"end":{"line":78,"column":26}}},"fnMap":{"0":{"name":"(anonymous_0)","decl":{"start":{"line":13,"column":21},"end":{"line":13,"column":22}},"loc":{"start":{"line":13,"column":86},"end":{"line":27,"column":1}},"line":13},"1":{"name":"(anonymous_1)","decl":{"start":{"line":29,"column":22},"end":{"line":29,"column":23}},"loc":{"start":{"line":29,"column":78},"end":{"line":40,"column":1}},"line":29},"2":{"name":"(anonymous_2)","decl":{"start":{"line":42,"column":29},"end":{"line":42,"column":30}},"loc":{"start":{"line":42,"column":69},"end":{"line":50,"column":1}},"line":42},"3":{"name":"(anonymous_3)","decl":{"start":{"line":53,"column":33},"end":{"line":53,"column":34}},"loc":{"start":{"line":53,"column":74},"end":{"line":68,"column":1}},"line":53},"4":{"name":"(anonymous_4)","decl":{"start":{"line":56,"column":10},"end":{"line":56,"column":11}},"loc":{"start":{"line":56,"column":23},"end":{"line":56,"column":38}},"line":56},"5":{"name":"(anonymous_5)","decl":{"start":{"line":70,"column":40},"end":{"line":70,"column":41}},"loc":{"start":{"line":70,"column":72},"end":{"line":80,"column":1}},"line":70}},"branchMap":{"0":{"loc":{"start":{"line":16,"column":4},"end":{"line":21,"column":5}},"type":"if","locations":[{"start":{"line":16,"column":4},"end":{"line":21,"column":5}},{"start":{},"end":{}}],"line":16},"1":{"loc":{"start":{"line":17,"column":6},"end":{"line":19,"column":7}},"type":"if","locations":[{"start":{"line":17,"column":6},"end":{"line":19,"column":7}},{"start":{},"end":{}}],"line":17},"2":{"loc":{"start":{"line":32,"column":4},"end":{"line":36,"column":5}},"type":"if","locations":[{"start":{"line":32,"column":4},"end":{"line":36,"column":5}},{"start":{},"end":{}}],"line":32}},"s":{"0":0,"1":0,"2":0,"3":0,"4":0,"5":0,"6":0,"7":0,"8":0,"9":0,"10":0,"11":0,"12":0,"13":0,"14":0,"15":0,"16":0,"17":0,"18":0,"19":0,"20":0,"21":0,"22":0,"23":0,"24":0,"25":0,"26":0,"27":0,"28":0,"29":0,"30":0,"31":0,"32":0,"33":0,"34":0,"35":0,"36":0,"37":0,"38":0,"39":0,"40":0,"41":0,"42":0,"43":0,"44":0},"f":{"0":0,"1":0,"2":0,"3":0,"4":0,"5":0},"b":{"0":[0,0],"1":[0,0],"2":[0,0]}}
,"C:\\Users\\hites\\orbital23\\api\\fireConfig.js": {"path":"C:\\Users\\hites\\orbital23\\api\\fireConfig.js","statementMap":{"0":{"start":{"line":15,"column":23},"end":{"line":24,"column":1}},"1":{"start":{"line":26,"column":19},"end":{"line":26,"column":48}},"2":{"start":{"line":31,"column":20},"end":{"line":31,"column":32}},"3":{"start":{"line":33,"column":23},"end":{"line":33,"column":38}},"4":{"start":{"line":35,"column":18},"end":{"line":35,"column":35}}},"fnMap":{},"branchMap":{},"s":{"0":0,"1":0,"2":0,"3":0,"4":0},"f":{},"b":{}}
,"C:\\Users\\hites\\orbital23\\api\\matching.js": {"path":"C:\\Users\\hites\\orbital23\\api\\matching.js","statementMap":{"0":{"start":{"line":18,"column":0},"end":{"line":20,"column":3}},"1":{"start":{"line":22,"column":16},"end":{"line":25,"column":1}},"2":{"start":{"line":23,"column":2},"end":{"line":24,"column":53}},"3":{"start":{"line":24,"column":21},"end":{"line":24,"column":51}},"4":{"start":{"line":29,"column":2},"end":{"line":29,"column":57}},"5":{"start":{"line":30,"column":24},"end":{"line":30,"column":80}},"6":{"start":{"line":31,"column":2},"end":{"line":35,"column":5}},"7":{"start":{"line":32,"column":4},"end":{"line":34,"column":7}},"8":{"start":{"line":41,"column":2},"end":{"line":45,"column":21}},"9":{"start":{"line":49,"column":2},"end":{"line":52,"column":21}},"10":{"start":{"line":56,"column":2},"end":{"line":58,"column":4}},"11":{"start":{"line":62,"column":14},"end":{"line":62,"column":15}},"12":{"start":{"line":63,"column":2},"end":{"line":65,"column":3}},"13":{"start":{"line":64,"column":4},"end":{"line":64,"column":15}},"14":{"start":{"line":66,"column":2},"end":{"line":68,"column":3}},"15":{"start":{"line":67,"column":4},"end":{"line":67,"column":15}},"16":{"start":{"line":69,"column":2},"end":{"line":71,"column":3}},"17":{"start":{"line":70,"column":4},"end":{"line":70,"column":15}},"18":{"start":{"line":72,"column":2},"end":{"line":76,"column":3}},"19":{"start":{"line":72,"column":15},"end":{"line":72,"column":16}},"20":{"start":{"line":73,"column":4},"end":{"line":75,"column":5}},"21":{"start":{"line":74,"column":6},"end":{"line":74,"column":19}},"22":{"start":{"line":77,"column":2},"end":{"line":81,"column":3}},"23":{"start":{"line":77,"column":15},"end":{"line":77,"column":16}},"24":{"start":{"line":78,"column":4},"end":{"line":80,"column":5}},"25":{"start":{"line":79,"column":6},"end":{"line":79,"column":19}},"26":{"start":{"line":82,"column":2},"end":{"line":82,"column":15}},"27":{"start":{"line":88,"column":17},"end":{"line":88,"column":22}},"28":{"start":{"line":90,"column":2},"end":{"line":121,"column":3}},"29":{"start":{"line":91,"column":4},"end":{"line":91,"column":29}},"30":{"start":{"line":92,"column":4},"end":{"line":92,"column":26}},"31":{"start":{"line":93,"column":4},"end":{"line":93,"column":20}},"32":{"start":{"line":97,"column":4},"end":{"line":120,"column":5}},"33":{"start":{"line":98,"column":6},"end":{"line":98,"column":36}},"34":{"start":{"line":99,"column":6},"end":{"line":99,"column":39}},"35":{"start":{"line":100,"column":6},"end":{"line":100,"column":22}},"36":{"start":{"line":103,"column":11},"end":{"line":120,"column":5}},"37":{"start":{"line":104,"column":6},"end":{"line":104,"column":28}},"38":{"start":{"line":105,"column":6},"end":{"line":105,"column":31}},"39":{"start":{"line":106,"column":6},"end":{"line":106,"column":22}},"40":{"start":{"line":111,"column":6},"end":{"line":119,"column":7}},"41":{"start":{"line":112,"column":8},"end":{"line":118,"column":9}},"42":{"start":{"line":113,"column":10},"end":{"line":113,"column":44}},"43":{"start":{"line":114,"column":10},"end":{"line":114,"column":47}},"44":{"start":{"line":115,"column":10},"end":{"line":115,"column":26}},"45":{"start":{"line":116,"column":10},"end":{"line":116,"column":31}},"46":{"start":{"line":117,"column":10},"end":{"line":117,"column":31}},"47":{"start":{"line":123,"column":2},"end":{"line":125,"column":3}},"48":{"start":{"line":124,"column":4},"end":{"line":124,"column":60}},"49":{"start":{"line":129,"column":22},"end":{"line":130,"column":36}},"50":{"start":{"line":130,"column":21},"end":{"line":130,"column":35}},"51":{"start":{"line":131,"column":24},"end":{"line":131,"column":45}},"52":{"start":{"line":132,"column":20},"end":{"line":132,"column":37}},"53":{"start":{"line":133,"column":2},"end":{"line":133,"column":57}},"54":{"start":{"line":135,"column":12},"end":{"line":135,"column":53}},"55":{"start":{"line":136,"column":24},"end":{"line":136,"column":42}},"56":{"start":{"line":137,"column":24},"end":{"line":140,"column":4}},"57":{"start":{"line":138,"column":22},"end":{"line":138,"column":44}},"58":{"start":{"line":139,"column":4},"end":{"line":139,"column":53}},"59":{"start":{"line":141,"column":2},"end":{"line":205,"column":3}},"60":{"start":{"line":142,"column":15},"end":{"line":142,"column":56}},"61":{"start":{"line":143,"column":27},"end":{"line":143,"column":46}},"62":{"start":{"line":144,"column":27},"end":{"line":147,"column":6}},"63":{"start":{"line":145,"column":24},"end":{"line":145,"column":46}},"64":{"start":{"line":146,"column":6},"end":{"line":146,"column":55}},"65":{"start":{"line":148,"column":4},"end":{"line":199,"column":5}},"66":{"start":{"line":149,"column":28},"end":{"line":149,"column":93}},"67":{"start":{"line":150,"column":30},"end":{"line":150,"column":46}},"68":{"start":{"line":151,"column":6},"end":{"line":151,"column":35}},"69":{"start":{"line":153,"column":20},"end":{"line":153,"column":68}},"70":{"start":{"line":154,"column":6},"end":{"line":154,"column":84}},"71":{"start":{"line":155,"column":6},"end":{"line":155,"column":41}},"72":{"start":{"line":158,"column":17},"end":{"line":158,"column":58}},"73":{"start":{"line":159,"column":29},"end":{"line":159,"column":48}},"74":{"start":{"line":160,"column":29},"end":{"line":163,"column":8}},"75":{"start":{"line":161,"column":26},"end":{"line":161,"column":48}},"76":{"start":{"line":162,"column":8},"end":{"line":162,"column":57}},"77":{"start":{"line":164,"column":6},"end":{"line":198,"column":7}},"78":{"start":{"line":165,"column":30},"end":{"line":165,"column":95}},"79":{"start":{"line":166,"column":32},"end":{"line":166,"column":48}},"80":{"start":{"line":167,"column":8},"end":{"line":167,"column":37}},"81":{"start":{"line":169,"column":22},"end":{"line":169,"column":70}},"82":{"start":{"line":170,"column":8},"end":{"line":170,"column":86}},"83":{"start":{"line":171,"column":8},"end":{"line":171,"column":43}},"84":{"start":{"line":174,"column":19},"end":{"line":174,"column":60}},"85":{"start":{"line":175,"column":31},"end":{"line":175,"column":50}},"86":{"start":{"line":176,"column":31},"end":{"line":179,"column":10}},"87":{"start":{"line":177,"column":28},"end":{"line":177,"column":50}},"88":{"start":{"line":178,"column":10},"end":{"line":178,"column":59}},"89":{"start":{"line":180,"column":8},"end":{"line":197,"column":9}},"90":{"start":{"line":181,"column":32},"end":{"line":181,"column":97}},"91":{"start":{"line":182,"column":34},"end":{"line":182,"column":50}},"92":{"start":{"line":183,"column":10},"end":{"line":183,"column":39}},"93":{"start":{"line":185,"column":24},"end":{"line":185,"column":72}},"94":{"start":{"line":186,"column":10},"end":{"line":186,"column":88}},"95":{"start":{"line":187,"column":10},"end":{"line":187,"column":45}},"96":{"start":{"line":190,"column":31},"end":{"line":190,"column":94}},"97":{"start":{"line":191,"column":33},"end":{"line":191,"column":48}},"98":{"start":{"line":192,"column":10},"end":{"line":192,"column":38}},"99":{"start":{"line":194,"column":24},"end":{"line":194,"column":71}},"100":{"start":{"line":195,"column":10},"end":{"line":195,"column":87}},"101":{"start":{"line":196,"column":10},"end":{"line":196,"column":44}},"102":{"start":{"line":200,"column":4},"end":{"line":200,"column":16}},"103":{"start":{"line":203,"column":4},"end":{"line":203,"column":27}},"104":{"start":{"line":204,"column":4},"end":{"line":204,"column":19}},"105":{"start":{"line":209,"column":22},"end":{"line":210,"column":36}},"106":{"start":{"line":210,"column":21},"end":{"line":210,"column":35}},"107":{"start":{"line":211,"column":24},"end":{"line":211,"column":45}},"108":{"start":{"line":212,"column":15},"end":{"line":212,"column":35}},"109":{"start":{"line":213,"column":2},"end":{"line":219,"column":3}},"110":{"start":{"line":214,"column":23},"end":{"line":214,"column":51}},"111":{"start":{"line":215,"column":4},"end":{"line":217,"column":5}},"112":{"start":{"line":216,"column":6},"end":{"line":216,"column":12}},"113":{"start":{"line":218,"column":4},"end":{"line":218,"column":13}},"114":{"start":{"line":224,"column":2},"end":{"line":224,"column":16}},"115":{"start":{"line":225,"column":22},"end":{"line":226,"column":36}},"116":{"start":{"line":226,"column":21},"end":{"line":226,"column":35}},"117":{"start":{"line":227,"column":24},"end":{"line":227,"column":45}},"118":{"start":{"line":228,"column":20},"end":{"line":228,"column":37}},"119":{"start":{"line":229,"column":2},"end":{"line":229,"column":24}},"120":{"start":{"line":230,"column":2},"end":{"line":242,"column":3}},"121":{"start":{"line":231,"column":29},"end":{"line":231,"column":45}},"122":{"start":{"line":232,"column":31},"end":{"line":233,"column":38}},"123":{"start":{"line":233,"column":23},"end":{"line":233,"column":37}},"124":{"start":{"line":234,"column":20},"end":{"line":234,"column":52}},"125":{"start":{"line":235,"column":4},"end":{"line":241,"column":5}},"126":{"start":{"line":236,"column":6},"end":{"line":236,"column":30}},"127":{"start":{"line":238,"column":6},"end":{"line":238,"column":61}},"128":{"start":{"line":239,"column":6},"end":{"line":239,"column":26}},"129":{"start":{"line":240,"column":6},"end":{"line":240,"column":34}},"130":{"start":{"line":243,"column":2},"end":{"line":245,"column":3}},"131":{"start":{"line":244,"column":4},"end":{"line":244,"column":16}},"132":{"start":{"line":251,"column":2},"end":{"line":260,"column":3}},"133":{"start":{"line":252,"column":4},"end":{"line":252,"column":35}},"134":{"start":{"line":253,"column":4},"end":{"line":253,"column":55}},"135":{"start":{"line":256,"column":4},"end":{"line":259,"column":7}},"136":{"start":{"line":261,"column":2},"end":{"line":263,"column":3}},"137":{"start":{"line":262,"column":4},"end":{"line":262,"column":23}},"138":{"start":{"line":264,"column":2},"end":{"line":264,"column":24}},"139":{"start":{"line":265,"column":2},"end":{"line":265,"column":20}},"140":{"start":{"line":266,"column":2},"end":{"line":269,"column":4}},"141":{"start":{"line":273,"column":2},"end":{"line":273,"column":31}},"142":{"start":{"line":274,"column":2},"end":{"line":276,"column":5}},"143":{"start":{"line":280,"column":2},"end":{"line":290,"column":3}},"144":{"start":{"line":281,"column":4},"end":{"line":281,"column":35}},"145":{"start":{"line":285,"column":4},"end":{"line":288,"column":7}},"146":{"start":{"line":289,"column":4},"end":{"line":289,"column":33}},"147":{"start":{"line":294,"column":2},"end":{"line":296,"column":3}},"148":{"start":{"line":295,"column":4},"end":{"line":295,"column":23}},"149":{"start":{"line":297,"column":2},"end":{"line":297,"column":24}},"150":{"start":{"line":298,"column":2},"end":{"line":298,"column":20}},"151":{"start":{"line":299,"column":2},"end":{"line":302,"column":4}},"152":{"start":{"line":303,"column":2},"end":{"line":305,"column":5}},"153":{"start":{"line":309,"column":2},"end":{"line":311,"column":5}},"154":{"start":{"line":312,"column":2},"end":{"line":317,"column":5}},"155":{"start":{"line":321,"column":2},"end":{"line":323,"column":5}},"156":{"start":{"line":328,"column":14},"end":{"line":328,"column":55}},"157":{"start":{"line":329,"column":22},"end":{"line":329,"column":49}},"158":{"start":{"line":330,"column":2},"end":{"line":336,"column":3}},"159":{"start":{"line":331,"column":4},"end":{"line":334,"column":7}},"160":{"start":{"line":332,"column":21},"end":{"line":332,"column":44}},"161":{"start":{"line":333,"column":6},"end":{"line":333,"column":36}},"162":{"start":{"line":335,"column":4},"end":{"line":335,"column":24}},"163":{"start":{"line":337,"column":2},"end":{"line":344,"column":3}},"164":{"start":{"line":338,"column":4},"end":{"line":342,"column":7}},"165":{"start":{"line":339,"column":20},"end":{"line":339,"column":42}},"166":{"start":{"line":340,"column":19},"end":{"line":340,"column":48}},"167":{"start":{"line":341,"column":6},"end":{"line":341,"column":42}},"168":{"start":{"line":343,"column":4},"end":{"line":343,"column":24}},"169":{"start":{"line":345,"column":2},"end":{"line":352,"column":3}},"170":{"start":{"line":346,"column":4},"end":{"line":350,"column":7}},"171":{"start":{"line":347,"column":21},"end":{"line":347,"column":44}},"172":{"start":{"line":348,"column":19},"end":{"line":348,"column":49}},"173":{"start":{"line":349,"column":6},"end":{"line":349,"column":51}},"174":{"start":{"line":351,"column":4},"end":{"line":351,"column":24}},"175":{"start":{"line":353,"column":2},"end":{"line":359,"column":3}},"176":{"start":{"line":354,"column":4},"end":{"line":358,"column":7}},"177":{"start":{"line":355,"column":31},"end":{"line":355,"column":64}},"178":{"start":{"line":356,"column":19},"end":{"line":356,"column":59}},"179":{"start":{"line":357,"column":6},"end":{"line":357,"column":64}},"180":{"start":{"line":360,"column":2},"end":{"line":366,"column":3}},"181":{"start":{"line":361,"column":4},"end":{"line":365,"column":7}},"182":{"start":{"line":362,"column":19},"end":{"line":362,"column":40}},"183":{"start":{"line":363,"column":19},"end":{"line":363,"column":47}},"184":{"start":{"line":364,"column":6},"end":{"line":364,"column":40}},"185":{"start":{"line":367,"column":2},"end":{"line":373,"column":3}},"186":{"start":{"line":368,"column":4},"end":{"line":372,"column":7}},"187":{"start":{"line":369,"column":20},"end":{"line":369,"column":42}},"188":{"start":{"line":370,"column":19},"end":{"line":370,"column":48}},"189":{"start":{"line":371,"column":6},"end":{"line":371,"column":49}},"190":{"start":{"line":374,"column":2},"end":{"line":374,"column":23}},"191":{"start":{"line":378,"column":13},"end":{"line":378,"column":17}},"192":{"start":{"line":379,"column":2},"end":{"line":394,"column":6}},"193":{"start":{"line":381,"column":28},"end":{"line":384,"column":8}},"194":{"start":{"line":382,"column":24},"end":{"line":382,"column":48}},"195":{"start":{"line":383,"column":8},"end":{"line":383,"column":55}},"196":{"start":{"line":385,"column":6},"end":{"line":393,"column":7}},"197":{"start":{"line":386,"column":29},"end":{"line":386,"column":92}},"198":{"start":{"line":387,"column":31},"end":{"line":387,"column":46}},"199":{"start":{"line":388,"column":8},"end":{"line":388,"column":36}},"200":{"start":{"line":389,"column":8},"end":{"line":389,"column":30}},"201":{"start":{"line":392,"column":8},"end":{"line":392,"column":41}},"202":{"start":{"line":395,"column":2},"end":{"line":395,"column":20}},"203":{"start":{"line":396,"column":2},"end":{"line":396,"column":14}}},"fnMap":{"0":{"name":"(anonymous_0)","decl":{"start":{"line":22,"column":16},"end":{"line":22,"column":17}},"loc":{"start":{"line":22,"column":25},"end":{"line":25,"column":1}},"line":22},"1":{"name":"(anonymous_1)","decl":{"start":{"line":24,"column":10},"end":{"line":24,"column":11}},"loc":{"start":{"line":24,"column":21},"end":{"line":24,"column":51}},"line":24},"2":{"name":"initializeMatch","decl":{"start":{"line":28,"column":22},"end":{"line":28,"column":37}},"loc":{"start":{"line":28,"column":40},"end":{"line":36,"column":1}},"line":28},"3":{"name":"(anonymous_3)","decl":{"start":{"line":31,"column":24},"end":{"line":31,"column":25}},"loc":{"start":{"line":31,"column":39},"end":{"line":35,"column":3}},"line":31},"4":{"name":"updateRecommendAndPoint","decl":{"start":{"line":40,"column":22},"end":{"line":40,"column":45}},"loc":{"start":{"line":40,"column":72},"end":{"line":46,"column":1}},"line":40},"5":{"name":"updatePoint","decl":{"start":{"line":48,"column":22},"end":{"line":48,"column":33}},"loc":{"start":{"line":48,"column":45},"end":{"line":53,"column":1}},"line":48},"6":{"name":"updateAvoid","decl":{"start":{"line":55,"column":22},"end":{"line":55,"column":33}},"loc":{"start":{"line":55,"column":39},"end":{"line":59,"column":1}},"line":55},"7":{"name":"score","decl":{"start":{"line":61,"column":15},"end":{"line":61,"column":20}},"loc":{"start":{"line":61,"column":49},"end":{"line":83,"column":1}},"line":61},"8":{"name":"generateRecommendList","decl":{"start":{"line":87,"column":15},"end":{"line":87,"column":36}},"loc":{"start":{"line":87,"column":76},"end":{"line":126,"column":1}},"line":87},"9":{"name":"generateMatchingPool","decl":{"start":{"line":128,"column":22},"end":{"line":128,"column":42}},"loc":{"start":{"line":128,"column":45},"end":{"line":206,"column":1}},"line":128},"10":{"name":"(anonymous_10)","decl":{"start":{"line":130,"column":10},"end":{"line":130,"column":11}},"loc":{"start":{"line":130,"column":21},"end":{"line":130,"column":35}},"line":130},"11":{"name":"(anonymous_11)","decl":{"start":{"line":137,"column":50},"end":{"line":137,"column":51}},"loc":{"start":{"line":137,"column":57},"end":{"line":140,"column":3}},"line":137},"12":{"name":"(anonymous_12)","decl":{"start":{"line":144,"column":54},"end":{"line":144,"column":55}},"loc":{"start":{"line":144,"column":61},"end":{"line":147,"column":5}},"line":144},"13":{"name":"(anonymous_13)","decl":{"start":{"line":160,"column":56},"end":{"line":160,"column":57}},"loc":{"start":{"line":160,"column":63},"end":{"line":163,"column":7}},"line":160},"14":{"name":"(anonymous_14)","decl":{"start":{"line":176,"column":58},"end":{"line":176,"column":59}},"loc":{"start":{"line":176,"column":65},"end":{"line":179,"column":9}},"line":176},"15":{"name":"match","decl":{"start":{"line":208,"column":22},"end":{"line":208,"column":27}},"loc":{"start":{"line":208,"column":30},"end":{"line":220,"column":1}},"line":208},"16":{"name":"(anonymous_16)","decl":{"start":{"line":210,"column":10},"end":{"line":210,"column":11}},"loc":{"start":{"line":210,"column":21},"end":{"line":210,"column":35}},"line":210},"17":{"name":"showRecommendation","decl":{"start":{"line":223,"column":22},"end":{"line":223,"column":40}},"loc":{"start":{"line":223,"column":43},"end":{"line":246,"column":1}},"line":223},"18":{"name":"(anonymous_18)","decl":{"start":{"line":226,"column":10},"end":{"line":226,"column":11}},"loc":{"start":{"line":226,"column":21},"end":{"line":226,"column":35}},"line":226},"19":{"name":"(anonymous_19)","decl":{"start":{"line":233,"column":12},"end":{"line":233,"column":13}},"loc":{"start":{"line":233,"column":23},"end":{"line":233,"column":37}},"line":233},"20":{"name":"connect","decl":{"start":{"line":250,"column":22},"end":{"line":250,"column":29}},"loc":{"start":{"line":250,"column":80},"end":{"line":270,"column":1}},"line":250},"21":{"name":"filterSkip","decl":{"start":{"line":272,"column":22},"end":{"line":272,"column":32}},"loc":{"start":{"line":272,"column":44},"end":{"line":277,"column":1}},"line":272},"22":{"name":"filterConnect","decl":{"start":{"line":279,"column":22},"end":{"line":279,"column":35}},"loc":{"start":{"line":279,"column":60},"end":{"line":291,"column":1}},"line":279},"23":{"name":"skip","decl":{"start":{"line":293,"column":22},"end":{"line":293,"column":26}},"loc":{"start":{"line":293,"column":64},"end":{"line":306,"column":1}},"line":293},"24":{"name":"acceptRequest","decl":{"start":{"line":308,"column":22},"end":{"line":308,"column":35}},"loc":{"start":{"line":308,"column":41},"end":{"line":318,"column":1}},"line":308},"25":{"name":"skipReqest","decl":{"start":{"line":320,"column":22},"end":{"line":320,"column":32}},"loc":{"start":{"line":320,"column":38},"end":{"line":324,"column":1}},"line":320},"26":{"name":"filter","decl":{"start":{"line":327,"column":22},"end":{"line":327,"column":28}},"loc":{"start":{"line":327,"column":119},"end":{"line":375,"column":1}},"line":327},"27":{"name":"(anonymous_27)","decl":{"start":{"line":331,"column":41},"end":{"line":331,"column":42}},"loc":{"start":{"line":331,"column":48},"end":{"line":334,"column":5}},"line":331},"28":{"name":"(anonymous_28)","decl":{"start":{"line":338,"column":41},"end":{"line":338,"column":42}},"loc":{"start":{"line":338,"column":48},"end":{"line":342,"column":5}},"line":338},"29":{"name":"(anonymous_29)","decl":{"start":{"line":346,"column":41},"end":{"line":346,"column":42}},"loc":{"start":{"line":346,"column":48},"end":{"line":350,"column":5}},"line":346},"30":{"name":"(anonymous_30)","decl":{"start":{"line":354,"column":41},"end":{"line":354,"column":42}},"loc":{"start":{"line":354,"column":48},"end":{"line":358,"column":5}},"line":354},"31":{"name":"(anonymous_31)","decl":{"start":{"line":361,"column":41},"end":{"line":361,"column":42}},"loc":{"start":{"line":361,"column":48},"end":{"line":365,"column":5}},"line":361},"32":{"name":"(anonymous_32)","decl":{"start":{"line":368,"column":41},"end":{"line":368,"column":42}},"loc":{"start":{"line":368,"column":48},"end":{"line":372,"column":5}},"line":368},"33":{"name":"filterMatch","decl":{"start":{"line":377,"column":22},"end":{"line":377,"column":33}},"loc":{"start":{"line":377,"column":124},"end":{"line":397,"column":1}},"line":377},"34":{"name":"(anonymous_34)","decl":{"start":{"line":380,"column":10},"end":{"line":380,"column":11}},"loc":{"start":{"line":380,"column":35},"end":{"line":394,"column":5}},"line":380},"35":{"name":"(anonymous_35)","decl":{"start":{"line":381,"column":49},"end":{"line":381,"column":50}},"loc":{"start":{"line":381,"column":56},"end":{"line":384,"column":7}},"line":381}},"branchMap":{"0":{"loc":{"start":{"line":63,"column":2},"end":{"line":65,"column":3}},"type":"if","locations":[{"start":{"line":63,"column":2},"end":{"line":65,"column":3}},{"start":{},"end":{}}],"line":63},"1":{"loc":{"start":{"line":66,"column":2},"end":{"line":68,"column":3}},"type":"if","locations":[{"start":{"line":66,"column":2},"end":{"line":68,"column":3}},{"start":{},"end":{}}],"line":66},"2":{"loc":{"start":{"line":69,"column":2},"end":{"line":71,"column":3}},"type":"if","locations":[{"start":{"line":69,"column":2},"end":{"line":71,"column":3}},{"start":{},"end":{}}],"line":69},"3":{"loc":{"start":{"line":73,"column":4},"end":{"line":75,"column":5}},"type":"if","locations":[{"start":{"line":73,"column":4},"end":{"line":75,"column":5}},{"start":{},"end":{}}],"line":73},"4":{"loc":{"start":{"line":78,"column":4},"end":{"line":80,"column":5}},"type":"if","locations":[{"start":{"line":78,"column":4},"end":{"line":80,"column":5}},{"start":{},"end":{}}],"line":78},"5":{"loc":{"start":{"line":90,"column":2},"end":{"line":121,"column":3}},"type":"if","locations":[{"start":{"line":90,"column":2},"end":{"line":121,"column":3}},{"start":{"line":96,"column":9},"end":{"line":121,"column":3}}],"line":90},"6":{"loc":{"start":{"line":97,"column":4},"end":{"line":120,"column":5}},"type":"if","locations":[{"start":{"line":97,"column":4},"end":{"line":120,"column":5}},{"start":{"line":103,"column":11},"end":{"line":120,"column":5}}],"line":97},"7":{"loc":{"start":{"line":103,"column":11},"end":{"line":120,"column":5}},"type":"if","locations":[{"start":{"line":103,"column":11},"end":{"line":120,"column":5}},{"start":{"line":109,"column":11},"end":{"line":120,"column":5}}],"line":103},"8":{"loc":{"start":{"line":112,"column":8},"end":{"line":118,"column":9}},"type":"if","locations":[{"start":{"line":112,"column":8},"end":{"line":118,"column":9}},{"start":{},"end":{}}],"line":112},"9":{"loc":{"start":{"line":112,"column":12},"end":{"line":112,"column":91}},"type":"binary-expr","locations":[{"start":{"line":112,"column":12},"end":{"line":112,"column":32}},{"start":{"line":112,"column":37},"end":{"line":112,"column":61}},{"start":{"line":112,"column":65},"end":{"line":112,"column":90}}],"line":112},"10":{"loc":{"start":{"line":123,"column":2},"end":{"line":125,"column":3}},"type":"if","locations":[{"start":{"line":123,"column":2},"end":{"line":125,"column":3}},{"start":{},"end":{}}],"line":123},"11":{"loc":{"start":{"line":138,"column":22},"end":{"line":138,"column":44}},"type":"binary-expr","locations":[{"start":{"line":138,"column":22},"end":{"line":138,"column":38}},{"start":{"line":138,"column":42},"end":{"line":138,"column":44}}],"line":138},"12":{"loc":{"start":{"line":141,"column":2},"end":{"line":205,"column":3}},"type":"if","locations":[{"start":{"line":141,"column":2},"end":{"line":205,"column":3}},{"start":{"line":202,"column":7},"end":{"line":205,"column":3}}],"line":141},"13":{"loc":{"start":{"line":145,"column":24},"end":{"line":145,"column":46}},"type":"binary-expr","locations":[{"start":{"line":145,"column":24},"end":{"line":145,"column":40}},{"start":{"line":145,"column":44},"end":{"line":145,"column":46}}],"line":145},"14":{"loc":{"start":{"line":148,"column":4},"end":{"line":199,"column":5}},"type":"if","locations":[{"start":{"line":148,"column":4},"end":{"line":199,"column":5}},{"start":{"line":157,"column":9},"end":{"line":199,"column":5}}],"line":148},"15":{"loc":{"start":{"line":161,"column":26},"end":{"line":161,"column":48}},"type":"binary-expr","locations":[{"start":{"line":161,"column":26},"end":{"line":161,"column":42}},{"start":{"line":161,"column":46},"end":{"line":161,"column":48}}],"line":161},"16":{"loc":{"start":{"line":164,"column":6},"end":{"line":198,"column":7}},"type":"if","locations":[{"start":{"line":164,"column":6},"end":{"line":198,"column":7}},{"start":{"line":173,"column":11},"end":{"line":198,"column":7}}],"line":164},"17":{"loc":{"start":{"line":177,"column":28},"end":{"line":177,"column":50}},"type":"binary-expr","locations":[{"start":{"line":177,"column":28},"end":{"line":177,"column":44}},{"start":{"line":177,"column":48},"end":{"line":177,"column":50}}],"line":177},"18":{"loc":{"start":{"line":180,"column":8},"end":{"line":197,"column":9}},"type":"if","locations":[{"start":{"line":180,"column":8},"end":{"line":197,"column":9}},{"start":{"line":189,"column":13},"end":{"line":197,"column":9}}],"line":180},"19":{"loc":{"start":{"line":215,"column":4},"end":{"line":217,"column":5}},"type":"if","locations":[{"start":{"line":215,"column":4},"end":{"line":217,"column":5}},{"start":{},"end":{}}],"line":215},"20":{"loc":{"start":{"line":230,"column":2},"end":{"line":242,"column":3}},"type":"if","locations":[{"start":{"line":230,"column":2},"end":{"line":242,"column":3}},{"start":{},"end":{}}],"line":230},"21":{"loc":{"start":{"line":234,"column":20},"end":{"line":234,"column":52}},"type":"binary-expr","locations":[{"start":{"line":234,"column":20},"end":{"line":234,"column":46}},{"start":{"line":234,"column":50},"end":{"line":234,"column":52}}],"line":234},"22":{"loc":{"start":{"line":235,"column":4},"end":{"line":241,"column":5}},"type":"if","locations":[{"start":{"line":235,"column":4},"end":{"line":241,"column":5}},{"start":{"line":237,"column":11},"end":{"line":241,"column":5}}],"line":235},"23":{"loc":{"start":{"line":243,"column":2},"end":{"line":245,"column":3}},"type":"if","locations":[{"start":{"line":243,"column":2},"end":{"line":245,"column":3}},{"start":{},"end":{}}],"line":243},"24":{"loc":{"start":{"line":251,"column":2},"end":{"line":260,"column":3}},"type":"if","locations":[{"start":{"line":251,"column":2},"end":{"line":260,"column":3}},{"start":{"line":255,"column":7},"end":{"line":260,"column":3}}],"line":251},"25":{"loc":{"start":{"line":261,"column":2},"end":{"line":263,"column":3}},"type":"if","locations":[{"start":{"line":261,"column":2},"end":{"line":263,"column":3}},{"start":{},"end":{}}],"line":261},"26":{"loc":{"start":{"line":280,"column":2},"end":{"line":290,"column":3}},"type":"if","locations":[{"start":{"line":280,"column":2},"end":{"line":290,"column":3}},{"start":{"line":284,"column":7},"end":{"line":290,"column":3}}],"line":280},"27":{"loc":{"start":{"line":294,"column":2},"end":{"line":296,"column":3}},"type":"if","locations":[{"start":{"line":294,"column":2},"end":{"line":296,"column":3}},{"start":{},"end":{}}],"line":294},"28":{"loc":{"start":{"line":330,"column":2},"end":{"line":336,"column":3}},"type":"if","locations":[{"start":{"line":330,"column":2},"end":{"line":336,"column":3}},{"start":{},"end":{}}],"line":330},"29":{"loc":{"start":{"line":332,"column":21},"end":{"line":332,"column":44}},"type":"binary-expr","locations":[{"start":{"line":332,"column":21},"end":{"line":332,"column":38}},{"start":{"line":332,"column":42},"end":{"line":332,"column":44}}],"line":332},"30":{"loc":{"start":{"line":337,"column":2},"end":{"line":344,"column":3}},"type":"if","locations":[{"start":{"line":337,"column":2},"end":{"line":344,"column":3}},{"start":{},"end":{}}],"line":337},"31":{"loc":{"start":{"line":339,"column":20},"end":{"line":339,"column":42}},"type":"binary-expr","locations":[{"start":{"line":339,"column":20},"end":{"line":339,"column":36}},{"start":{"line":339,"column":40},"end":{"line":339,"column":42}}],"line":339},"32":{"loc":{"start":{"line":340,"column":19},"end":{"line":340,"column":48}},"type":"binary-expr","locations":[{"start":{"line":340,"column":19},"end":{"line":340,"column":39}},{"start":{"line":340,"column":43},"end":{"line":340,"column":48}}],"line":340},"33":{"loc":{"start":{"line":341,"column":13},"end":{"line":341,"column":41}},"type":"binary-expr","locations":[{"start":{"line":341,"column":13},"end":{"line":341,"column":33}},{"start":{"line":341,"column":37},"end":{"line":341,"column":41}}],"line":341},"34":{"loc":{"start":{"line":345,"column":2},"end":{"line":352,"column":3}},"type":"if","locations":[{"start":{"line":345,"column":2},"end":{"line":352,"column":3}},{"start":{},"end":{}}],"line":345},"35":{"loc":{"start":{"line":347,"column":21},"end":{"line":347,"column":44}},"type":"binary-expr","locations":[{"start":{"line":347,"column":21},"end":{"line":347,"column":38}},{"start":{"line":347,"column":42},"end":{"line":347,"column":44}}],"line":347},"36":{"loc":{"start":{"line":348,"column":19},"end":{"line":348,"column":49}},"type":"binary-expr","locations":[{"start":{"line":348,"column":19},"end":{"line":348,"column":40}},{"start":{"line":348,"column":44},"end":{"line":348,"column":49}}],"line":348},"37":{"loc":{"start":{"line":349,"column":13},"end":{"line":349,"column":50}},"type":"binary-expr","locations":[{"start":{"line":349,"column":13},"end":{"line":349,"column":42}},{"start":{"line":349,"column":46},"end":{"line":349,"column":50}}],"line":349},"38":{"loc":{"start":{"line":353,"column":2},"end":{"line":359,"column":3}},"type":"if","locations":[{"start":{"line":353,"column":2},"end":{"line":359,"column":3}},{"start":{},"end":{}}],"line":353},"39":{"loc":{"start":{"line":355,"column":31},"end":{"line":355,"column":64}},"type":"binary-expr","locations":[{"start":{"line":355,"column":31},"end":{"line":355,"column":58}},{"start":{"line":355,"column":62},"end":{"line":355,"column":64}}],"line":355},"40":{"loc":{"start":{"line":356,"column":19},"end":{"line":356,"column":59}},"type":"binary-expr","locations":[{"start":{"line":356,"column":19},"end":{"line":356,"column":50}},{"start":{"line":356,"column":54},"end":{"line":356,"column":59}}],"line":356},"41":{"loc":{"start":{"line":357,"column":13},"end":{"line":357,"column":63}},"type":"binary-expr","locations":[{"start":{"line":357,"column":13},"end":{"line":357,"column":55}},{"start":{"line":357,"column":59},"end":{"line":357,"column":63}}],"line":357},"42":{"loc":{"start":{"line":360,"column":2},"end":{"line":366,"column":3}},"type":"if","locations":[{"start":{"line":360,"column":2},"end":{"line":366,"column":3}},{"start":{},"end":{}}],"line":360},"43":{"loc":{"start":{"line":362,"column":19},"end":{"line":362,"column":40}},"type":"binary-expr","locations":[{"start":{"line":362,"column":19},"end":{"line":362,"column":34}},{"start":{"line":362,"column":38},"end":{"line":362,"column":40}}],"line":362},"44":{"loc":{"start":{"line":363,"column":19},"end":{"line":363,"column":47}},"type":"binary-expr","locations":[{"start":{"line":363,"column":19},"end":{"line":363,"column":38}},{"start":{"line":363,"column":42},"end":{"line":363,"column":47}}],"line":363},"45":{"loc":{"start":{"line":364,"column":13},"end":{"line":364,"column":39}},"type":"binary-expr","locations":[{"start":{"line":364,"column":13},"end":{"line":364,"column":31}},{"start":{"line":364,"column":35},"end":{"line":364,"column":39}}],"line":364},"46":{"loc":{"start":{"line":367,"column":2},"end":{"line":373,"column":3}},"type":"if","locations":[{"start":{"line":367,"column":2},"end":{"line":373,"column":3}},{"start":{},"end":{}}],"line":367},"47":{"loc":{"start":{"line":369,"column":20},"end":{"line":369,"column":42}},"type":"binary-expr","locations":[{"start":{"line":369,"column":20},"end":{"line":369,"column":36}},{"start":{"line":369,"column":40},"end":{"line":369,"column":42}}],"line":369},"48":{"loc":{"start":{"line":370,"column":19},"end":{"line":370,"column":48}},"type":"binary-expr","locations":[{"start":{"line":370,"column":19},"end":{"line":370,"column":39}},{"start":{"line":370,"column":43},"end":{"line":370,"column":48}}],"line":370},"49":{"loc":{"start":{"line":371,"column":13},"end":{"line":371,"column":48}},"type":"binary-expr","locations":[{"start":{"line":371,"column":13},"end":{"line":371,"column":40}},{"start":{"line":371,"column":44},"end":{"line":371,"column":48}}],"line":371},"50":{"loc":{"start":{"line":382,"column":24},"end":{"line":382,"column":48}},"type":"binary-expr","locations":[{"start":{"line":382,"column":24},"end":{"line":382,"column":42}},{"start":{"line":382,"column":46},"end":{"line":382,"column":48}}],"line":382},"51":{"loc":{"start":{"line":385,"column":6},"end":{"line":393,"column":7}},"type":"if","locations":[{"start":{"line":385,"column":6},"end":{"line":393,"column":7}},{"start":{"line":391,"column":11},"end":{"line":393,"column":7}}],"line":385}},"s":{"0":0,"1":0,"2":0,"3":0,"4":0,"5":0,"6":0,"7":0,"8":0,"9":0,"10":0,"11":0,"12":0,"13":0,"14":0,"15":0,"16":0,"17":0,"18":0,"19":0,"20":0,"21":0,"22":0,"23":0,"24":0,"25":0,"26":0,"27":0,"28":0,"29":0,"30":0,"31":0,"32":0,"33":0,"34":0,"35":0,"36":0,"37":0,"38":0,"39":0,"40":0,"41":0,"42":0,"43":0,"44":0,"45":0,"46":0,"47":0,"48":0,"49":0,"50":0,"51":0,"52":0,"53":0,"54":0,"55":0,"56":0,"57":0,"58":0,"59":0,"60":0,"61":0,"62":0,"63":0,"64":0,"65":0,"66":0,"67":0,"68":0,"69":0,"70":0,"71":0,"72":0,"73":0,"74":0,"75":0,"76":0,"77":0,"78":0,"79":0,"80":0,"81":0,"82":0,"83":0,"84":0,"85":0,"86":0,"87":0,"88":0,"89":0,"90":0,"91":0,"92":0,"93":0,"94":0,"95":0,"96":0,"97":0,"98":0,"99":0,"100":0,"101":0,"102":0,"103":0,"104":0,"105":0,"106":0,"107":0,"108":0,"109":0,"110":0,"111":0,"112":0,"113":0,"114":0,"115":0,"116":0,"117":0,"118":0,"119":0,"120":0,"121":0,"122":0,"123":0,"124":0,"125":0,"126":0,"127":0,"128":0,"129":0,"130":0,"131":0,"132":0,"133":0,"134":0,"135":0,"136":0,"137":0,"138":0,"139":0,"140":0,"141":0,"142":0,"143":0,"144":0,"145":0,"146":0,"147":0,"148":0,"149":0,"150":0,"151":0,"152":0,"153":0,"154":0,"155":0,"156":0,"157":0,"158":0,"159":0,"160":0,"161":0,"162":0,"163":0,"164":0,"165":0,"166":0,"167":0,"168":0,"169":0,"170":0,"171":0,"172":0,"173":0,"174":0,"175":0,"176":0,"177":0,"178":0,"179":0,"180":0,"181":0,"182":0,"183":0,"184":0,"185":0,"186":0,"187":0,"188":0,"189":0,"190":0,"191":0,"192":0,"193":0,"194":0,"195":0,"196":0,"197":0,"198":0,"199":0,"200":0,"201":0,"202":0,"203":0},"f":{"0":0,"1":0,"2":0,"3":0,"4":0,"5":0,"6":0,"7":0,"8":0,"9":0,"10":0,"11":0,"12":0,"13":0,"14":0,"15":0,"16":0,"17":0,"18":0,"19":0,"20":0,"21":0,"22":0,"23":0,"24":0,"25":0,"26":0,"27":0,"28":0,"29":0,"30":0,"31":0,"32":0,"33":0,"34":0,"35":0},"b":{"0":[0,0],"1":[0,0],"2":[0,0],"3":[0,0],"4":[0,0],"5":[0,0],"6":[0,0],"7":[0,0],"8":[0,0],"9":[0,0,0],"10":[0,0],"11":[0,0],"12":[0,0],"13":[0,0],"14":[0,0],"15":[0,0],"16":[0,0],"17":[0,0],"18":[0,0],"19":[0,0],"20":[0,0],"21":[0,0],"22":[0,0],"23":[0,0],"24":[0,0],"25":[0,0],"26":[0,0],"27":[0,0],"28":[0,0],"29":[0,0],"30":[0,0],"31":[0,0],"32":[0,0],"33":[0,0],"34":[0,0],"35":[0,0],"36":[0,0],"37":[0,0],"38":[0,0],"39":[0,0],"40":[0,0],"41":[0,0],"42":[0,0],"43":[0,0],"44":[0,0],"45":[0,0],"46":[0,0],"47":[0,0],"48":[0,0],"49":[0,0],"50":[0,0],"51":[0,0]}}
,"C:\\Users\\hites\\orbital23\\api\\module_api.js": {"path":"C:\\Users\\hites\\orbital23\\api\\module_api.js","statementMap":{"0":{"start":{"line":12,"column":4},"end":{"line":12,"column":17}},"1":{"start":{"line":13,"column":4},"end":{"line":17,"column":5}},"2":{"start":{"line":22,"column":6},"end":{"line":44,"column":7}},"3":{"start":{"line":24,"column":8},"end":{"line":39,"column":15}},"4":{"start":{"line":25,"column":33},"end":{"line":25,"column":48}},"5":{"start":{"line":28,"column":17},"end":{"line":32,"column":19}},"6":{"start":{"line":38,"column":16},"end":{"line":38,"column":37}},"7":{"start":{"line":43,"column":8},"end":{"line":43,"column":29}}},"fnMap":{"0":{"name":"(anonymous_0)","decl":{"start":{"line":10,"column":2},"end":{"line":10,"column":3}},"loc":{"start":{"line":10,"column":20},"end":{"line":18,"column":3}},"line":10},"1":{"name":"(anonymous_1)","decl":{"start":{"line":20,"column":4},"end":{"line":20,"column":5}},"loc":{"start":{"line":20,"column":23},"end":{"line":45,"column":5}},"line":20},"2":{"name":"(anonymous_2)","decl":{"start":{"line":25,"column":19},"end":{"line":25,"column":20}},"loc":{"start":{"line":25,"column":33},"end":{"line":25,"column":48}},"line":25},"3":{"name":"(anonymous_3)","decl":{"start":{"line":26,"column":18},"end":{"line":26,"column":19}},"loc":{"start":{"line":26,"column":36},"end":{"line":34,"column":13}},"line":26},"4":{"name":"(anonymous_4)","decl":{"start":{"line":36,"column":20},"end":{"line":36,"column":21}},"loc":{"start":{"line":36,"column":29},"end":{"line":39,"column":13}},"line":36}},"branchMap":{},"s":{"0":0,"1":0,"2":0,"3":0,"4":0,"5":0,"6":0,"7":0},"f":{"0":0,"1":0,"2":0,"3":0,"4":0},"b":{}}
,"C:\\Users\\hites\\orbital23\\api\\photoFeature.js": {"path":"C:\\Users\\hites\\orbital23\\api\\photoFeature.js","statementMap":{"0":{"start":{"line":10,"column":31},"end":{"line":26,"column":1}},"1":{"start":{"line":11,"column":2},"end":{"line":25,"column":3}},"2":{"start":{"line":12,"column":17},"end":{"line":13,"column":40}},"3":{"start":{"line":13,"column":23},"end":{"line":13,"column":38}},"4":{"start":{"line":14,"column":17},"end":{"line":14,"column":67}},"5":{"start":{"line":15,"column":22},"end":{"line":15,"column":46}},"6":{"start":{"line":16,"column":4},"end":{"line":16,"column":48}},"7":{"start":{"line":17,"column":16},"end":{"line":17,"column":47}},"8":{"start":{"line":18,"column":4},"end":{"line":21,"column":5}},"9":{"start":{"line":22,"column":4},"end":{"line":22,"column":16}},"10":{"start":{"line":24,"column":4},"end":{"line":24,"column":26}},"11":{"start":{"line":28,"column":36},"end":{"line":41,"column":1}},"12":{"start":{"line":29,"column":2},"end":{"line":40,"column":3}},"13":{"start":{"line":30,"column":4},"end":{"line":36,"column":6}},"14":{"start":{"line":37,"column":4},"end":{"line":37,"column":16}},"15":{"start":{"line":39,"column":4},"end":{"line":39,"column":19}},"16":{"start":{"line":43,"column":24},"end":{"line":56,"column":1}},"17":{"start":{"line":44,"column":2},"end":{"line":55,"column":3}},"18":{"start":{"line":45,"column":4},"end":{"line":51,"column":6}},"19":{"start":{"line":52,"column":4},"end":{"line":52,"column":16}},"20":{"start":{"line":54,"column":4},"end":{"line":54,"column":19}}},"fnMap":{"0":{"name":"(anonymous_0)","decl":{"start":{"line":10,"column":31},"end":{"line":10,"column":32}},"loc":{"start":{"line":10,"column":72},"end":{"line":26,"column":1}},"line":10},"1":{"name":"(anonymous_1)","decl":{"start":{"line":13,"column":10},"end":{"line":13,"column":11}},"loc":{"start":{"line":13,"column":23},"end":{"line":13,"column":38}},"line":13},"2":{"name":"(anonymous_2)","decl":{"start":{"line":28,"column":36},"end":{"line":28,"column":37}},"loc":{"start":{"line":28,"column":66},"end":{"line":41,"column":1}},"line":28},"3":{"name":"(anonymous_3)","decl":{"start":{"line":43,"column":24},"end":{"line":43,"column":25}},"loc":{"start":{"line":43,"column":54},"end":{"line":56,"column":1}},"line":43}},"branchMap":{},"s":{"0":0,"1":0,"2":0,"3":0,"4":0,"5":0,"6":0,"7":0,"8":0,"9":0,"10":0,"11":0,"12":0,"13":0,"14":0,"15":0,"16":0,"17":0,"18":0,"19":0,"20":0},"f":{"0":0,"1":0,"2":0,"3":0},"b":{}}
,"C:\\Users\\hites\\orbital23\\api\\setProfile.js": {"path":"C:\\Users\\hites\\orbital23\\api\\setProfile.js","statementMap":{"0":{"start":{"line":14,"column":28},"end":{"line":18,"column":1}},"1":{"start":{"line":15,"column":2},"end":{"line":17,"column":5}},"2":{"start":{"line":21,"column":29},"end":{"line":25,"column":1}},"3":{"start":{"line":22,"column":2},"end":{"line":24,"column":5}},"4":{"start":{"line":28,"column":28},"end":{"line":32,"column":1}},"5":{"start":{"line":29,"column":2},"end":{"line":31,"column":5}},"6":{"start":{"line":36,"column":39},"end":{"line":40,"column":1}},"7":{"start":{"line":37,"column":2},"end":{"line":39,"column":5}},"8":{"start":{"line":43,"column":27},"end":{"line":47,"column":1}},"9":{"start":{"line":44,"column":2},"end":{"line":46,"column":5}},"10":{"start":{"line":50,"column":26},"end":{"line":55,"column":1}},"11":{"start":{"line":51,"column":2},"end":{"line":54,"column":21}},"12":{"start":{"line":57,"column":27},"end":{"line":90,"column":1}},"13":{"start":{"line":58,"column":28},"end":{"line":58,"column":42}},"14":{"start":{"line":59,"column":52},"end":{"line":59,"column":67}},"15":{"start":{"line":61,"column":28},"end":{"line":75,"column":3}},"16":{"start":{"line":62,"column":4},"end":{"line":74,"column":5}},"17":{"start":{"line":63,"column":6},"end":{"line":67,"column":7}},"18":{"start":{"line":65,"column":14},"end":{"line":65,"column":42}},"19":{"start":{"line":66,"column":19},"end":{"line":66,"column":99}},"20":{"start":{"line":70,"column":6},"end":{"line":73,"column":7}},"21":{"start":{"line":71,"column":14},"end":{"line":71,"column":42}},"22":{"start":{"line":72,"column":19},"end":{"line":72,"column":99}},"23":{"start":{"line":77,"column":20},"end":{"line":89,"column":3}},"24":{"start":{"line":78,"column":17},"end":{"line":83,"column":6}},"25":{"start":{"line":85,"column":4},"end":{"line":88,"column":5}},"26":{"start":{"line":86,"column":6},"end":{"line":86,"column":37}},"27":{"start":{"line":87,"column":6},"end":{"line":87,"column":33}},"28":{"start":{"line":93,"column":31},"end":{"line":99,"column":1}},"29":{"start":{"line":94,"column":2},"end":{"line":98,"column":21}},"30":{"start":{"line":101,"column":22},"end":{"line":120,"column":1}},"31":{"start":{"line":102,"column":2},"end":{"line":119,"column":3}},"32":{"start":{"line":103,"column":4},"end":{"line":115,"column":23}},"33":{"start":{"line":116,"column":4},"end":{"line":116,"column":23}},"34":{"start":{"line":118,"column":4},"end":{"line":118,"column":26}},"35":{"start":{"line":122,"column":25},"end":{"line":132,"column":1}},"36":{"start":{"line":123,"column":2},"end":{"line":131,"column":3}},"37":{"start":{"line":124,"column":4},"end":{"line":127,"column":23}},"38":{"start":{"line":128,"column":4},"end":{"line":128,"column":23}},"39":{"start":{"line":130,"column":4},"end":{"line":130,"column":26}},"40":{"start":{"line":135,"column":24},"end":{"line":146,"column":1}},"41":{"start":{"line":136,"column":2},"end":{"line":145,"column":3}},"42":{"start":{"line":137,"column":4},"end":{"line":141,"column":23}},"43":{"start":{"line":142,"column":4},"end":{"line":142,"column":23}},"44":{"start":{"line":144,"column":4},"end":{"line":144,"column":26}},"45":{"start":{"line":148,"column":25},"end":{"line":159,"column":1}},"46":{"start":{"line":149,"column":2},"end":{"line":158,"column":3}},"47":{"start":{"line":150,"column":4},"end":{"line":154,"column":23}},"48":{"start":{"line":155,"column":4},"end":{"line":155,"column":23}},"49":{"start":{"line":157,"column":4},"end":{"line":157,"column":26}},"50":{"start":{"line":161,"column":35},"end":{"line":172,"column":1}},"51":{"start":{"line":162,"column":2},"end":{"line":171,"column":3}},"52":{"start":{"line":163,"column":4},"end":{"line":167,"column":23}},"53":{"start":{"line":168,"column":4},"end":{"line":168,"column":23}},"54":{"start":{"line":170,"column":4},"end":{"line":170,"column":26}},"55":{"start":{"line":174,"column":24},"end":{"line":185,"column":1}},"56":{"start":{"line":175,"column":2},"end":{"line":184,"column":3}},"57":{"start":{"line":176,"column":4},"end":{"line":180,"column":23}},"58":{"start":{"line":181,"column":4},"end":{"line":181,"column":23}},"59":{"start":{"line":183,"column":4},"end":{"line":183,"column":26}},"60":{"start":{"line":187,"column":23},"end":{"line":217,"column":1}},"61":{"start":{"line":188,"column":2},"end":{"line":216,"column":3}},"62":{"start":{"line":189,"column":21},"end":{"line":189,"column":97}},"63":{"start":{"line":190,"column":24},"end":{"line":190,"column":39}},"64":{"start":{"line":191,"column":15},"end":{"line":191,"column":16}},"65":{"start":{"line":192,"column":4},"end":{"line":194,"column":5}},"66":{"start":{"line":193,"column":6},"end":{"line":193,"column":16}},"67":{"start":{"line":195,"column":4},"end":{"line":197,"column":5}},"68":{"start":{"line":196,"column":6},"end":{"line":196,"column":16}},"69":{"start":{"line":198,"column":4},"end":{"line":200,"column":5}},"70":{"start":{"line":199,"column":6},"end":{"line":199,"column":16}},"71":{"start":{"line":201,"column":4},"end":{"line":203,"column":5}},"72":{"start":{"line":202,"column":6},"end":{"line":202,"column":16}},"73":{"start":{"line":204,"column":4},"end":{"line":206,"column":5}},"74":{"start":{"line":205,"column":6},"end":{"line":205,"column":16}},"75":{"start":{"line":207,"column":4},"end":{"line":212,"column":23}},"76":{"start":{"line":213,"column":4},"end":{"line":213,"column":23}},"77":{"start":{"line":215,"column":4},"end":{"line":215,"column":26}},"78":{"start":{"line":219,"column":25},"end":{"line":223,"column":1}},"79":{"start":{"line":220,"column":2},"end":{"line":222,"column":5}},"80":{"start":{"line":226,"column":27},"end":{"line":235,"column":1}},"81":{"start":{"line":227,"column":2},"end":{"line":234,"column":3}},"82":{"start":{"line":228,"column":4},"end":{"line":230,"column":7}},"83":{"start":{"line":231,"column":4},"end":{"line":231,"column":23}},"84":{"start":{"line":233,"column":4},"end":{"line":233,"column":26}},"85":{"start":{"line":237,"column":27},"end":{"line":246,"column":1}},"86":{"start":{"line":238,"column":2},"end":{"line":245,"column":3}},"87":{"start":{"line":239,"column":4},"end":{"line":241,"column":7}},"88":{"start":{"line":242,"column":4},"end":{"line":242,"column":23}},"89":{"start":{"line":244,"column":4},"end":{"line":244,"column":26}},"90":{"start":{"line":248,"column":28},"end":{"line":257,"column":1}},"91":{"start":{"line":249,"column":2},"end":{"line":256,"column":3}},"92":{"start":{"line":250,"column":4},"end":{"line":252,"column":7}},"93":{"start":{"line":253,"column":4},"end":{"line":253,"column":23}},"94":{"start":{"line":255,"column":4},"end":{"line":255,"column":26}}},"fnMap":{"0":{"name":"(anonymous_0)","decl":{"start":{"line":14,"column":28},"end":{"line":14,"column":29}},"loc":{"start":{"line":14,"column":53},"end":{"line":18,"column":1}},"line":14},"1":{"name":"(anonymous_1)","decl":{"start":{"line":21,"column":29},"end":{"line":21,"column":30}},"loc":{"start":{"line":21,"column":55},"end":{"line":25,"column":1}},"line":21},"2":{"name":"(anonymous_2)","decl":{"start":{"line":28,"column":28},"end":{"line":28,"column":29}},"loc":{"start":{"line":28,"column":53},"end":{"line":32,"column":1}},"line":28},"3":{"name":"(anonymous_3)","decl":{"start":{"line":36,"column":39},"end":{"line":36,"column":40}},"loc":{"start":{"line":36,"column":75},"end":{"line":40,"column":1}},"line":36},"4":{"name":"(anonymous_4)","decl":{"start":{"line":43,"column":27},"end":{"line":43,"column":28}},"loc":{"start":{"line":43,"column":51},"end":{"line":47,"column":1}},"line":43},"5":{"name":"(anonymous_5)","decl":{"start":{"line":50,"column":26},"end":{"line":50,"column":27}},"loc":{"start":{"line":50,"column":46},"end":{"line":55,"column":1}},"line":50},"6":{"name":"(anonymous_6)","decl":{"start":{"line":57,"column":27},"end":{"line":57,"column":28}},"loc":{"start":{"line":57,"column":39},"end":{"line":90,"column":1}},"line":57},"7":{"name":"(anonymous_7)","decl":{"start":{"line":61,"column":28},"end":{"line":61,"column":29}},"loc":{"start":{"line":61,"column":34},"end":{"line":75,"column":3}},"line":61},"8":{"name":"(anonymous_8)","decl":{"start":{"line":65,"column":8},"end":{"line":65,"column":9}},"loc":{"start":{"line":65,"column":14},"end":{"line":65,"column":42}},"line":65},"9":{"name":"(anonymous_9)","decl":{"start":{"line":66,"column":8},"end":{"line":66,"column":9}},"loc":{"start":{"line":66,"column":19},"end":{"line":66,"column":99}},"line":66},"10":{"name":"(anonymous_10)","decl":{"start":{"line":71,"column":8},"end":{"line":71,"column":9}},"loc":{"start":{"line":71,"column":14},"end":{"line":71,"column":42}},"line":71},"11":{"name":"(anonymous_11)","decl":{"start":{"line":72,"column":8},"end":{"line":72,"column":9}},"loc":{"start":{"line":72,"column":19},"end":{"line":72,"column":99}},"line":72},"12":{"name":"(anonymous_12)","decl":{"start":{"line":77,"column":20},"end":{"line":77,"column":21}},"loc":{"start":{"line":77,"column":32},"end":{"line":89,"column":3}},"line":77},"13":{"name":"(anonymous_13)","decl":{"start":{"line":93,"column":31},"end":{"line":93,"column":32}},"loc":{"start":{"line":93,"column":43},"end":{"line":99,"column":1}},"line":93},"14":{"name":"(anonymous_14)","decl":{"start":{"line":101,"column":22},"end":{"line":101,"column":23}},"loc":{"start":{"line":101,"column":61},"end":{"line":120,"column":1}},"line":101},"15":{"name":"(anonymous_15)","decl":{"start":{"line":122,"column":25},"end":{"line":122,"column":26}},"loc":{"start":{"line":122,"column":67},"end":{"line":132,"column":1}},"line":122},"16":{"name":"(anonymous_16)","decl":{"start":{"line":135,"column":24},"end":{"line":135,"column":25}},"loc":{"start":{"line":135,"column":76},"end":{"line":146,"column":1}},"line":135},"17":{"name":"(anonymous_17)","decl":{"start":{"line":148,"column":25},"end":{"line":148,"column":26}},"loc":{"start":{"line":148,"column":79},"end":{"line":159,"column":1}},"line":148},"18":{"name":"(anonymous_18)","decl":{"start":{"line":161,"column":35},"end":{"line":161,"column":36}},"loc":{"start":{"line":161,"column":109},"end":{"line":172,"column":1}},"line":161},"19":{"name":"(anonymous_19)","decl":{"start":{"line":174,"column":24},"end":{"line":174,"column":25}},"loc":{"start":{"line":174,"column":76},"end":{"line":185,"column":1}},"line":174},"20":{"name":"(anonymous_20)","decl":{"start":{"line":187,"column":23},"end":{"line":187,"column":24}},"loc":{"start":{"line":187,"column":73},"end":{"line":217,"column":1}},"line":187},"21":{"name":"(anonymous_21)","decl":{"start":{"line":219,"column":25},"end":{"line":219,"column":26}},"loc":{"start":{"line":219,"column":50},"end":{"line":223,"column":1}},"line":219},"22":{"name":"(anonymous_22)","decl":{"start":{"line":226,"column":27},"end":{"line":226,"column":28}},"loc":{"start":{"line":226,"column":68},"end":{"line":235,"column":1}},"line":226},"23":{"name":"(anonymous_23)","decl":{"start":{"line":237,"column":27},"end":{"line":237,"column":28}},"loc":{"start":{"line":237,"column":68},"end":{"line":246,"column":1}},"line":237},"24":{"name":"(anonymous_24)","decl":{"start":{"line":248,"column":28},"end":{"line":248,"column":29}},"loc":{"start":{"line":248,"column":70},"end":{"line":257,"column":1}},"line":248}},"branchMap":{"0":{"loc":{"start":{"line":62,"column":4},"end":{"line":74,"column":5}},"type":"if","locations":[{"start":{"line":62,"column":4},"end":{"line":74,"column":5}},{"start":{"line":69,"column":9},"end":{"line":74,"column":5}}],"line":62},"1":{"loc":{"start":{"line":66,"column":41},"end":{"line":66,"column":97}},"type":"binary-expr","locations":[{"start":{"line":66,"column":41},"end":{"line":66,"column":54}},{"start":{"line":66,"column":58},"end":{"line":66,"column":97}}],"line":66},"2":{"loc":{"start":{"line":72,"column":41},"end":{"line":72,"column":97}},"type":"binary-expr","locations":[{"start":{"line":72,"column":41},"end":{"line":72,"column":54}},{"start":{"line":72,"column":58},"end":{"line":72,"column":97}}],"line":72},"3":{"loc":{"start":{"line":85,"column":4},"end":{"line":88,"column":5}},"type":"if","locations":[{"start":{"line":85,"column":4},"end":{"line":88,"column":5}},{"start":{},"end":{}}],"line":85},"4":{"loc":{"start":{"line":192,"column":4},"end":{"line":194,"column":5}},"type":"if","locations":[{"start":{"line":192,"column":4},"end":{"line":194,"column":5}},{"start":{},"end":{}}],"line":192},"5":{"loc":{"start":{"line":195,"column":4},"end":{"line":197,"column":5}},"type":"if","locations":[{"start":{"line":195,"column":4},"end":{"line":197,"column":5}},{"start":{},"end":{}}],"line":195},"6":{"loc":{"start":{"line":198,"column":4},"end":{"line":200,"column":5}},"type":"if","locations":[{"start":{"line":198,"column":4},"end":{"line":200,"column":5}},{"start":{},"end":{}}],"line":198},"7":{"loc":{"start":{"line":201,"column":4},"end":{"line":203,"column":5}},"type":"if","locations":[{"start":{"line":201,"column":4},"end":{"line":203,"column":5}},{"start":{},"end":{}}],"line":201},"8":{"loc":{"start":{"line":204,"column":4},"end":{"line":206,"column":5}},"type":"if","locations":[{"start":{"line":204,"column":4},"end":{"line":206,"column":5}},{"start":{},"end":{}}],"line":204}},"s":{"0":0,"1":0,"2":0,"3":0,"4":0,"5":0,"6":0,"7":0,"8":0,"9":0,"10":0,"11":0,"12":0,"13":0,"14":0,"15":0,"16":0,"17":0,"18":0,"19":0,"20":0,"21":0,"22":0,"23":0,"24":0,"25":0,"26":0,"27":0,"28":0,"29":0,"30":0,"31":0,"32":0,"33":0,"34":0,"35":0,"36":0,"37":0,"38":0,"39":0,"40":0,"41":0,"42":0,"43":0,"44":0,"45":0,"46":0,"47":0,"48":0,"49":0,"50":0,"51":0,"52":0,"53":0,"54":0,"55":0,"56":0,"57":0,"58":0,"59":0,"60":0,"61":0,"62":0,"63":0,"64":0,"65":0,"66":0,"67":0,"68":0,"69":0,"70":0,"71":0,"72":0,"73":0,"74":0,"75":0,"76":0,"77":0,"78":0,"79":0,"80":0,"81":0,"82":0,"83":0,"84":0,"85":0,"86":0,"87":0,"88":0,"89":0,"90":0,"91":0,"92":0,"93":0,"94":0},"f":{"0":0,"1":0,"2":0,"3":0,"4":0,"5":0,"6":0,"7":0,"8":0,"9":0,"10":0,"11":0,"12":0,"13":0,"14":0,"15":0,"16":0,"17":0,"18":0,"19":0,"20":0,"21":0,"22":0,"23":0,"24":0},"b":{"0":[0,0],"1":[0,0],"2":[0,0],"3":[0,0],"4":[0,0],"5":[0,0],"6":[0,0],"7":[0,0],"8":[0,0]}}
,"C:\\Users\\hites\\orbital23\\api\\studybuddyfilter.js": {"path":"C:\\Users\\hites\\orbital23\\api\\studybuddyfilter.js","statementMap":{"0":{"start":{"line":18,"column":0},"end":{"line":20,"column":3}},"1":{"start":{"line":25,"column":14},"end":{"line":25,"column":57}},"2":{"start":{"line":26,"column":22},"end":{"line":26,"column":49}},"3":{"start":{"line":27,"column":2},"end":{"line":33,"column":3}},"4":{"start":{"line":28,"column":4},"end":{"line":31,"column":7}},"5":{"start":{"line":29,"column":21},"end":{"line":29,"column":44}},"6":{"start":{"line":30,"column":6},"end":{"line":30,"column":36}},"7":{"start":{"line":32,"column":4},"end":{"line":32,"column":24}},"8":{"start":{"line":34,"column":2},"end":{"line":39,"column":3}},"9":{"start":{"line":35,"column":4},"end":{"line":38,"column":7}},"10":{"start":{"line":36,"column":19},"end":{"line":36,"column":41}},"11":{"start":{"line":37,"column":6},"end":{"line":37,"column":33}},"12":{"start":{"line":40,"column":2},"end":{"line":40,"column":23}}},"fnMap":{"0":{"name":"studybuddyfilter","decl":{"start":{"line":24,"column":22},"end":{"line":24,"column":38}},"loc":{"start":{"line":24,"column":66},"end":{"line":41,"column":1}},"line":24},"1":{"name":"(anonymous_1)","decl":{"start":{"line":28,"column":41},"end":{"line":28,"column":42}},"loc":{"start":{"line":28,"column":48},"end":{"line":31,"column":5}},"line":28},"2":{"name":"(anonymous_2)","decl":{"start":{"line":35,"column":41},"end":{"line":35,"column":42}},"loc":{"start":{"line":35,"column":48},"end":{"line":38,"column":5}},"line":35}},"branchMap":{"0":{"loc":{"start":{"line":27,"column":2},"end":{"line":33,"column":3}},"type":"if","locations":[{"start":{"line":27,"column":2},"end":{"line":33,"column":3}},{"start":{},"end":{}}],"line":27},"1":{"loc":{"start":{"line":29,"column":21},"end":{"line":29,"column":44}},"type":"binary-expr","locations":[{"start":{"line":29,"column":21},"end":{"line":29,"column":38}},{"start":{"line":29,"column":42},"end":{"line":29,"column":44}}],"line":29},"2":{"loc":{"start":{"line":34,"column":2},"end":{"line":39,"column":3}},"type":"if","locations":[{"start":{"line":34,"column":2},"end":{"line":39,"column":3}},{"start":{},"end":{}}],"line":34},"3":{"loc":{"start":{"line":36,"column":19},"end":{"line":36,"column":41}},"type":"binary-expr","locations":[{"start":{"line":36,"column":19},"end":{"line":36,"column":35}},{"start":{"line":36,"column":39},"end":{"line":36,"column":41}}],"line":36}},"s":{"0":0,"1":0,"2":0,"3":0,"4":0,"5":0,"6":0,"7":0,"8":0,"9":0,"10":0,"11":0,"12":0},"f":{"0":0,"1":0,"2":0},"b":{"0":[0,0],"1":[0,0],"2":[0,0],"3":[0,0]}}
,"C:\\Users\\hites\\orbital23\\firebaseFetch\\App.js": {"path":"C:\\Users\\hites\\orbital23\\firebaseFetch\\App.js","statementMap":{"0":{"start":{"line":5,"column":2},"end":{"line":10,"column":4}},"1":{"start":{"line":13,"column":15},"end":{"line":20,"column":2}}},"fnMap":{"0":{"name":"App","decl":{"start":{"line":4,"column":24},"end":{"line":4,"column":27}},"loc":{"start":{"line":4,"column":30},"end":{"line":11,"column":1}},"line":4}},"branchMap":{},"s":{"0":0,"1":0},"f":{"0":0},"b":{}}
,"C:\\Users\\hites\\orbital23\\src\\routes\\ChangePassword.js": {"path":"C:\\Users\\hites\\orbital23\\src\\routes\\ChangePassword.js","statementMap":{"0":{"start":{"line":19,"column":28},"end":{"line":19,"column":40}},"1":{"start":{"line":21,"column":21},"end":{"line":21,"column":36}},"2":{"start":{"line":23,"column":21},"end":{"line":38,"column":1}},"3":{"start":{"line":24,"column":2},"end":{"line":37,"column":3}},"4":{"start":{"line":25,"column":4},"end":{"line":34,"column":6}},"5":{"start":{"line":28,"column":8},"end":{"line":28,"column":49}},"6":{"start":{"line":29,"column":8},"end":{"line":29,"column":37}},"7":{"start":{"line":32,"column":8},"end":{"line":32,"column":63}},"8":{"start":{"line":36,"column":4},"end":{"line":36,"column":59}},"9":{"start":{"line":40,"column":2},"end":{"line":64,"column":4}},"10":{"start":{"line":53,"column":25},"end":{"line":53,"column":37}},"11":{"start":{"line":60,"column":25},"end":{"line":60,"column":55}},"12":{"start":{"line":67,"column":15},"end":{"line":128,"column":2}}},"fnMap":{"0":{"name":"(anonymous_0)","decl":{"start":{"line":18,"column":15},"end":{"line":18,"column":16}},"loc":{"start":{"line":18,"column":21},"end":{"line":65,"column":1}},"line":18},"1":{"name":"(anonymous_1)","decl":{"start":{"line":23,"column":21},"end":{"line":23,"column":22}},"loc":{"start":{"line":23,"column":33},"end":{"line":38,"column":1}},"line":23},"2":{"name":"(anonymous_2)","decl":{"start":{"line":27,"column":6},"end":{"line":27,"column":7}},"loc":{"start":{"line":27,"column":12},"end":{"line":30,"column":7}},"line":27},"3":{"name":"(anonymous_3)","decl":{"start":{"line":31,"column":6},"end":{"line":31,"column":7}},"loc":{"start":{"line":31,"column":17},"end":{"line":33,"column":7}},"line":31},"4":{"name":"(anonymous_4)","decl":{"start":{"line":53,"column":19},"end":{"line":53,"column":20}},"loc":{"start":{"line":53,"column":25},"end":{"line":53,"column":37}},"line":53},"5":{"name":"(anonymous_5)","decl":{"start":{"line":60,"column":19},"end":{"line":60,"column":20}},"loc":{"start":{"line":60,"column":25},"end":{"line":60,"column":55}},"line":60}},"branchMap":{},"s":{"0":0,"1":0,"2":0,"3":0,"4":0,"5":0,"6":0,"7":0,"8":0,"9":0,"10":0,"11":0,"12":0},"f":{"0":0,"1":0,"2":0,"3":0,"4":0,"5":0},"b":{}}
,"C:\\Users\\hites\\orbital23\\src\\routes\\Chat.js": {"path":"C:\\Users\\hites\\orbital23\\src\\routes\\Chat.js","statementMap":{"0":{"start":{"line":32,"column":26},"end":{"line":32,"column":38}},"1":{"start":{"line":33,"column":34},"end":{"line":33,"column":46}},"2":{"start":{"line":34,"column":40},"end":{"line":34,"column":54}},"3":{"start":{"line":35,"column":46},"end":{"line":35,"column":58}},"4":{"start":{"line":36,"column":50},"end":{"line":36,"column":62}},"5":{"start":{"line":37,"column":28},"end":{"line":37,"column":42}},"6":{"start":{"line":38,"column":30},"end":{"line":38,"column":45}},"7":{"start":{"line":39,"column":21},"end":{"line":39,"column":36}},"8":{"start":{"line":41,"column":18},"end":{"line":41,"column":32}},"9":{"start":{"line":44,"column":18},"end":{"line":48,"column":3}},"10":{"start":{"line":45,"column":4},"end":{"line":47,"column":6}},"11":{"start":{"line":46,"column":6},"end":{"line":46,"column":33}},"12":{"start":{"line":49,"column":2},"end":{"line":51,"column":8}},"13":{"start":{"line":50,"column":4},"end":{"line":50,"column":14}},"14":{"start":{"line":53,"column":2},"end":{"line":55,"column":19}},"15":{"start":{"line":54,"column":4},"end":{"line":54,"column":15}},"16":{"start":{"line":57,"column":2},"end":{"line":61,"column":15}},"17":{"start":{"line":58,"column":4},"end":{"line":60,"column":5}},"18":{"start":{"line":59,"column":6},"end":{"line":59,"column":17}},"19":{"start":{"line":63,"column":26},"end":{"line":65,"column":3}},"20":{"start":{"line":64,"column":4},"end":{"line":64,"column":28}},"21":{"start":{"line":68,"column":4},"end":{"line":95,"column":5}},"22":{"start":{"line":69,"column":23},"end":{"line":69,"column":55}},"23":{"start":{"line":71,"column":23},"end":{"line":81,"column":8}},"24":{"start":{"line":72,"column":28},"end":{"line":72,"column":78}},"25":{"start":{"line":73,"column":30},"end":{"line":73,"column":78}},"26":{"start":{"line":75,"column":8},"end":{"line":80,"column":10}},"27":{"start":{"line":84,"column":29},"end":{"line":84,"column":56}},"28":{"start":{"line":87,"column":6},"end":{"line":91,"column":9}},"29":{"start":{"line":88,"column":27},"end":{"line":88,"column":44}},"30":{"start":{"line":89,"column":27},"end":{"line":89,"column":44}},"31":{"start":{"line":90,"column":8},"end":{"line":90,"column":39}},"32":{"start":{"line":93,"column":6},"end":{"line":93,"column":30}},"33":{"start":{"line":94,"column":6},"end":{"line":94,"column":40}},"34":{"start":{"line":102,"column":25},"end":{"line":174,"column":3}},"35":{"start":{"line":103,"column":27},"end":{"line":103,"column":47}},"36":{"start":{"line":104,"column":39},"end":{"line":104,"column":84}},"37":{"start":{"line":106,"column":22},"end":{"line":106,"column":51}},"38":{"start":{"line":108,"column":22},"end":{"line":111,"column":49}},"39":{"start":{"line":109,"column":6},"end":{"line":111,"column":49}},"40":{"start":{"line":113,"column":23},"end":{"line":113,"column":84}},"41":{"start":{"line":113,"column":41},"end":{"line":113,"column":84}},"42":{"start":{"line":118,"column":28},"end":{"line":136,"column":5}},"43":{"start":{"line":119,"column":20},"end":{"line":119,"column":30}},"44":{"start":{"line":120,"column":24},"end":{"line":120,"column":39}},"45":{"start":{"line":121,"column":6},"end":{"line":121,"column":49}},"46":{"start":{"line":123,"column":6},"end":{"line":135,"column":7}},"47":{"start":{"line":125,"column":8},"end":{"line":125,"column":83}},"48":{"start":{"line":126,"column":13},"end":{"line":135,"column":7}},"49":{"start":{"line":128,"column":8},"end":{"line":128,"column":27}},"50":{"start":{"line":129,"column":13},"end":{"line":135,"column":7}},"51":{"start":{"line":131,"column":8},"end":{"line":131,"column":82}},"52":{"start":{"line":134,"column":8},"end":{"line":134,"column":99}},"53":{"start":{"line":138,"column":26},"end":{"line":138,"column":52}},"54":{"start":{"line":140,"column":4},"end":{"line":173,"column":6}},"55":{"start":{"line":142,"column":42},"end":{"line":142,"column":205}},"56":{"start":{"line":179,"column":2},"end":{"line":187,"column":4}},"57":{"start":{"line":184,"column":39},"end":{"line":184,"column":55}},"58":{"start":{"line":190,"column":15},"end":{"line":210,"column":2}}},"fnMap":{"0":{"name":"Chat","decl":{"start":{"line":31,"column":24},"end":{"line":31,"column":28}},"loc":{"start":{"line":31,"column":31},"end":{"line":188,"column":1}},"line":31},"1":{"name":"(anonymous_1)","decl":{"start":{"line":44,"column":18},"end":{"line":44,"column":19}},"loc":{"start":{"line":44,"column":30},"end":{"line":48,"column":3}},"line":44},"2":{"name":"(anonymous_2)","decl":{"start":{"line":45,"column":70},"end":{"line":45,"column":71}},"loc":{"start":{"line":45,"column":79},"end":{"line":47,"column":5}},"line":45},"3":{"name":"(anonymous_3)","decl":{"start":{"line":49,"column":12},"end":{"line":49,"column":13}},"loc":{"start":{"line":49,"column":18},"end":{"line":51,"column":3}},"line":49},"4":{"name":"(anonymous_4)","decl":{"start":{"line":53,"column":12},"end":{"line":53,"column":13}},"loc":{"start":{"line":53,"column":18},"end":{"line":55,"column":3}},"line":53},"5":{"name":"(anonymous_5)","decl":{"start":{"line":57,"column":12},"end":{"line":57,"column":13}},"loc":{"start":{"line":57,"column":18},"end":{"line":61,"column":3}},"line":57},"6":{"name":"(anonymous_6)","decl":{"start":{"line":63,"column":26},"end":{"line":63,"column":27}},"loc":{"start":{"line":63,"column":38},"end":{"line":65,"column":3}},"line":63},"7":{"name":"loadChat","decl":{"start":{"line":67,"column":17},"end":{"line":67,"column":25}},"loc":{"start":{"line":67,"column":28},"end":{"line":96,"column":3}},"line":67},"8":{"name":"(anonymous_8)","decl":{"start":{"line":71,"column":36},"end":{"line":71,"column":37}},"loc":{"start":{"line":71,"column":60},"end":{"line":81,"column":7}},"line":71},"9":{"name":"(anonymous_9)","decl":{"start":{"line":87,"column":26},"end":{"line":87,"column":27}},"loc":{"start":{"line":87,"column":36},"end":{"line":91,"column":7}},"line":87},"10":{"name":"(anonymous_10)","decl":{"start":{"line":102,"column":25},"end":{"line":102,"column":26}},"loc":{"start":{"line":102,"column":39},"end":{"line":174,"column":3}},"line":102},"11":{"name":"(anonymous_11)","decl":{"start":{"line":108,"column":22},"end":{"line":108,"column":23}},"loc":{"start":{"line":109,"column":6},"end":{"line":111,"column":49}},"line":109},"12":{"name":"(anonymous_12)","decl":{"start":{"line":113,"column":23},"end":{"line":113,"column":24}},"loc":{"start":{"line":113,"column":41},"end":{"line":113,"column":84}},"line":113},"13":{"name":"(anonymous_13)","decl":{"start":{"line":118,"column":28},"end":{"line":118,"column":29}},"loc":{"start":{"line":118,"column":38},"end":{"line":136,"column":5}},"line":118},"14":{"name":"(anonymous_14)","decl":{"start":{"line":142,"column":35},"end":{"line":142,"column":36}},"loc":{"start":{"line":142,"column":41},"end":{"line":142,"column":206}},"line":142},"15":{"name":"(anonymous_15)","decl":{"start":{"line":184,"column":22},"end":{"line":184,"column":23}},"loc":{"start":{"line":184,"column":39},"end":{"line":184,"column":55}},"line":184}},"branchMap":{"0":{"loc":{"start":{"line":58,"column":4},"end":{"line":60,"column":5}},"type":"if","locations":[{"start":{"line":58,"column":4},"end":{"line":60,"column":5}},{"start":{},"end":{}}],"line":58},"1":{"loc":{"start":{"line":68,"column":4},"end":{"line":95,"column":5}},"type":"if","locations":[{"start":{"line":68,"column":4},"end":{"line":95,"column":5}},{"start":{},"end":{}}],"line":68},"2":{"loc":{"start":{"line":109,"column":6},"end":{"line":111,"column":49}},"type":"binary-expr","locations":[{"start":{"line":109,"column":6},"end":{"line":109,"column":41}},{"start":{"line":110,"column":6},"end":{"line":110,"column":43}},{"start":{"line":111,"column":6},"end":{"line":111,"column":49}}],"line":109},"3":{"loc":{"start":{"line":123,"column":6},"end":{"line":135,"column":7}},"type":"if","locations":[{"start":{"line":123,"column":6},"end":{"line":135,"column":7}},{"start":{"line":126,"column":13},"end":{"line":135,"column":7}}],"line":123},"4":{"loc":{"start":{"line":126,"column":13},"end":{"line":135,"column":7}},"type":"if","locations":[{"start":{"line":126,"column":13},"end":{"line":135,"column":7}},{"start":{"line":129,"column":13},"end":{"line":135,"column":7}}],"line":126},"5":{"loc":{"start":{"line":129,"column":13},"end":{"line":135,"column":7}},"type":"if","locations":[{"start":{"line":129,"column":13},"end":{"line":135,"column":7}},{"start":{"line":132,"column":13},"end":{"line":135,"column":7}}],"line":129},"6":{"loc":{"start":{"line":166,"column":11},"end":{"line":168,"column":17}},"type":"binary-expr","locations":[{"start":{"line":166,"column":11},"end":{"line":166,"column":42}},{"start":{"line":166,"column":46},"end":{"line":168,"column":17}}],"line":166}},"s":{"0":0,"1":0,"2":0,"3":0,"4":0,"5":0,"6":0,"7":0,"8":0,"9":0,"10":0,"11":0,"12":0,"13":0,"14":0,"15":0,"16":0,"17":0,"18":0,"19":0,"20":0,"21":0,"22":0,"23":0,"24":0,"25":0,"26":0,"27":0,"28":0,"29":0,"30":0,"31":0,"32":0,"33":0,"34":0,"35":0,"36":0,"37":0,"38":0,"39":0,"40":0,"41":0,"42":0,"43":0,"44":0,"45":0,"46":0,"47":0,"48":0,"49":0,"50":0,"51":0,"52":0,"53":0,"54":0,"55":0,"56":0,"57":0,"58":0},"f":{"0":0,"1":0,"2":0,"3":0,"4":0,"5":0,"6":0,"7":0,"8":0,"9":0,"10":0,"11":0,"12":0,"13":0,"14":0,"15":0},"b":{"0":[0,0],"1":[0,0],"2":[0,0,0],"3":[0,0],"4":[0,0],"5":[0,0],"6":[0,0]}}
,"C:\\Users\\hites\\orbital23\\src\\routes\\ChatPage.js": {"path":"C:\\Users\\hites\\orbital23\\src\\routes\\ChatPage.js","statementMap":{"0":{"start":{"line":12,"column":40},"end":{"line":19,"column":1}},"1":{"start":{"line":13,"column":19},"end":{"line":13,"column":67}},"2":{"start":{"line":14,"column":18},"end":{"line":14,"column":33}},"3":{"start":{"line":15,"column":16},"end":{"line":15,"column":29}},"4":{"start":{"line":16,"column":2},"end":{"line":18,"column":5}},"5":{"start":{"line":22,"column":32},"end":{"line":22,"column":44}},"6":{"start":{"line":23,"column":26},"end":{"line":23,"column":38}},"7":{"start":{"line":24,"column":42},"end":{"line":24,"column":56}},"8":{"start":{"line":25,"column":36},"end":{"line":25,"column":48}},"9":{"start":{"line":26,"column":30},"end":{"line":26,"column":44}},"10":{"start":{"line":28,"column":40},"end":{"line":28,"column":54}},"11":{"start":{"line":32,"column":16},"end":{"line":32,"column":26}},"12":{"start":{"line":33,"column":19},"end":{"line":33,"column":31}},"13":{"start":{"line":34,"column":17},"end":{"line":34,"column":29}},"14":{"start":{"line":35,"column":27},"end":{"line":35,"column":39}},"15":{"start":{"line":36,"column":19},"end":{"line":36,"column":31}},"16":{"start":{"line":37,"column":40},"end":{"line":37,"column":54}},"17":{"start":{"line":40,"column":19},"end":{"line":43,"column":1}},"18":{"start":{"line":40,"column":26},"end":{"line":42,"column":4}},"19":{"start":{"line":41,"column":4},"end":{"line":41,"column":31}},"20":{"start":{"line":45,"column":18},"end":{"line":49,"column":3}},"21":{"start":{"line":46,"column":4},"end":{"line":48,"column":6}},"22":{"start":{"line":47,"column":6},"end":{"line":47,"column":33}},"23":{"start":{"line":51,"column":24},"end":{"line":58,"column":3}},"24":{"start":{"line":52,"column":21},"end":{"line":52,"column":69}},"25":{"start":{"line":53,"column":20},"end":{"line":53,"column":35}},"26":{"start":{"line":54,"column":18},"end":{"line":54,"column":31}},"27":{"start":{"line":55,"column":4},"end":{"line":57,"column":7}},"28":{"start":{"line":60,"column":23},"end":{"line":64,"column":3}},"29":{"start":{"line":61,"column":4},"end":{"line":63,"column":7}},"30":{"start":{"line":66,"column":27},"end":{"line":70,"column":3}},"31":{"start":{"line":67,"column":4},"end":{"line":69,"column":7}},"32":{"start":{"line":72,"column":26},"end":{"line":76,"column":3}},"33":{"start":{"line":73,"column":4},"end":{"line":75,"column":7}},"34":{"start":{"line":78,"column":24},"end":{"line":83,"column":3}},"35":{"start":{"line":79,"column":4},"end":{"line":82,"column":7}},"36":{"start":{"line":85,"column":2},"end":{"line":87,"column":8}},"37":{"start":{"line":86,"column":4},"end":{"line":86,"column":15}},"38":{"start":{"line":89,"column":2},"end":{"line":91,"column":8}},"39":{"start":{"line":90,"column":4},"end":{"line":90,"column":14}},"40":{"start":{"line":93,"column":2},"end":{"line":95,"column":19}},"41":{"start":{"line":94,"column":4},"end":{"line":94,"column":20}},"42":{"start":{"line":99,"column":2},"end":{"line":101,"column":20}},"43":{"start":{"line":100,"column":4},"end":{"line":100,"column":16}},"44":{"start":{"line":103,"column":20},"end":{"line":113,"column":3}},"45":{"start":{"line":104,"column":22},"end":{"line":108,"column":5}},"46":{"start":{"line":109,"column":25},"end":{"line":109,"column":49}},"47":{"start":{"line":110,"column":21},"end":{"line":110,"column":84}},"48":{"start":{"line":110,"column":53},"end":{"line":110,"column":82}},"49":{"start":{"line":111,"column":4},"end":{"line":111,"column":25}},"50":{"start":{"line":112,"column":4},"end":{"line":112,"column":25}},"51":{"start":{"line":117,"column":18},"end":{"line":137,"column":3}},"52":{"start":{"line":118,"column":4},
[...]
end":{"line":38,"column":68}},"8":{"start":{"line":39,"column":38},"end":{"line":39,"column":50}},"9":{"start":{"line":41,"column":18},"end":{"line":48,"column":3}},"10":{"start":{"line":42,"column":4},"end":{"line":47,"column":8}},"11":{"start":{"line":43,"column":26},"end":{"line":43,"column":41}},"12":{"start":{"line":45,"column":21},"end":{"line":45,"column":120}},"13":{"start":{"line":45,"column":43},"end":{"line":45,"column":118}},"14":{"start":{"line":46,"column":8},"end":{"line":46,"column":28}},"15":{"start":{"line":50,"column":36},"end":{"line":81,"column":4}},"16":{"start":{"line":83,"column":2},"end":{"line":85,"column":8}},"17":{"start":{"line":84,"column":4},"end":{"line":84,"column":14}},"18":{"start":{"line":87,"column":38},"end":{"line":87,"column":53}},"19":{"start":{"line":88,"column":36},"end":{"line":88,"column":51}},"20":{"start":{"line":91,"column":28},"end":{"line":99,"column":3}},"21":{"start":{"line":92,"column":4},"end":{"line":98,"column":5}},"22":{"start":{"line":93,"column":6},"end":{"line":93,"column":26}},"23":{"start":{"line":94,"column":6},"end":{"line":94,"column":26}},"24":{"start":{"line":97,"column":6},"end":{"line":97,"column":15}},"25":{"start":{"line":101,"column":2},"end":{"line":141,"column":4}},"26":{"start":{"line":105,"column":22},"end":{"line":105,"column":42}},"27":{"start":{"line":105,"column":42},"end":{"line":105,"column":61}},"28":{"start":{"line":134,"column":25},"end":{"line":134,"column":44}},"29":{"start":{"line":144,"column":15},"end":{"line":177,"column":2}}},"fnMap":{"0":{"name":"StudyBuddyFilter","decl":{"start":{"line":16,"column":24},"end":{"line":16,"column":40}},"loc":{"start":{"line":16,"column":43},"end":{"line":142,"column":1}},"line":16},"1":{"name":"(anonymous_1)","decl":{"start":{"line":29,"column":17},"end":{"line":29,"column":18}},"loc":{"start":{"line":29,"column":23},"end":{"line":35,"column":3}},"line":29},"2":{"name":"(anonymous_2)","decl":{"start":{"line":41,"column":18},"end":{"line":41,"column":19}},"loc":{"start":{"line":41,"column":24},"end":{"line":48,"column":3}},"line":41},"3":{"name":"(anonymous_3)","decl":{"start":{"line":43,"column":12},"end":{"line":43,"column":13}},"loc":{"start":{"line":43,"column":26},"end":{"line":43,"column":41}},"line":43},"4":{"name":"(anonymous_4)","decl":{"start":{"line":44,"column":12},"end":{"line":44,"column":13}},"loc":{"start":{"line":44,"column":22},"end":{"line":47,"column":7}},"line":44},"5":{"name":"(anonymous_5)","decl":{"start":{"line":45,"column":30},"end":{"line":45,"column":31}},"loc":{"start":{"line":45,"column":43},"end":{"line":45,"column":118}},"line":45},"6":{"name":"(anonymous_6)","decl":{"start":{"line":83,"column":12},"end":{"line":83,"column":13}},"loc":{"start":{"line":83,"column":18},"end":{"line":85,"column":3}},"line":83},"7":{"name":"(anonymous_7)","decl":{"start":{"line":91,"column":28},"end":{"line":91,"column":29}},"loc":{"start":{"line":91,"column":34},"end":{"line":99,"column":3}},"line":91},"8":{"name":"(anonymous_8)","decl":{"start":{"line":105,"column":15},"end":{"line":105,"column":16}},"loc":{"start":{"line":105,"column":21},"end":{"line":105,"column":62}},"line":105},"9":{"name":"(anonymous_9)","decl":{"start":{"line":134,"column":19},"end":{"line":134,"column":20}},"loc":{"start":{"line":134,"column":25},"end":{"line":134,"column":44}},"line":134}},"branchMap":{"0":{"loc":{"start":{"line":92,"column":4},"end":{"line":98,"column":5}},"type":"if","locations":[{"start":{"line":92,"column":4},"end":{"line":98,"column":5}},{"start":{"line":96,"column":9},"end":{"line":98,"column":5}}],"line":92},"1":{"loc":{"start":{"line":92,"column":9},"end":{"line":92,"column":81}},"type":"binary-expr","locations":[{"start":{"line":92,"column":9},"end":{"line":92,"column":44}},{"start":{"line":92,"column":48},"end":{"line":92,"column":81}}],"line":92}},"s":{"0":0,"1":0,"2":0,"3":0,"4":0,"5":0,"6":0,"7":0,"8":0,"9":0,"10":0,"11":0,"12":0,"13":0,"14":0,"15":0,"16":0,"17":0,"18":0,"19":0,"20":0,"21":0,"22":0,"23":0,"24":0,"25":0,"26":0,"27":0,"28":0,"29":0},"f":{"0":0,"1":0,"2":0,"3":0,"4":0,"5":0,"6":0,"7":0,"8":0,"9":0},"b":{"0":[0,0],"1":[0,0]}}
,"C:\\Users\\hites\\orbital23\\src\\routes\\StudyBuddyPost.js": {"path":"C:\\Users\\hites\\orbital23\\src\\routes\\StudyBuddyPost.js","statementMap":{"0":{"start":{"line":11,"column":34},"end":{"line":11,"column":46}},"1":{"start":{"line":12,"column":36},"end":{"line":12,"column":48}},"2":{"start":{"line":13,"column":38},"end":{"line":13,"column":53}},"3":{"start":{"line":14,"column":44},"end":{"line":14,"column":56}},"4":{"start":{"line":15,"column":50},"end":{"line":15,"column":62}},"5":{"start":{"line":16,"column":28},"end":{"line":16,"column":42}},"6":{"start":{"line":17,"column":42},"end":{"line":17,"column":56}},"7":{"start":{"line":19,"column":16},"end":{"line":19,"column":26}},"8":{"start":{"line":20,"column":17},"end":{"line":20,"column":29}},"9":{"start":{"line":21,"column":19},"end":{"line":21,"column":31}},"10":{"start":{"line":22,"column":36},"end":{"line":22,"column":50}},"11":{"start":{"line":24,"column":2},"end":{"line":26,"column":21}},"12":{"start":{"line":25,"column":4},"end":{"line":25,"column":20}},"13":{"start":{"line":28,"column":24},"end":{"line":55,"column":3}},"14":{"start":{"line":29,"column":26},"end":{"line":33,"column":5}},"15":{"start":{"line":35,"column":29},"end":{"line":35,"column":57}},"16":{"start":{"line":36,"column":25},"end":{"line":36,"column":92}},"17":{"start":{"line":36,"column":61},"end":{"line":36,"column":90}},"18":{"start":{"line":39,"column":29},"end":{"line":42,"column":6}},"19":{"start":{"line":40,"column":25},"end":{"line":40,"column":70}},"20":{"start":{"line":41,"column":6},"end":{"line":41,"column":32}},"21":{"start":{"line":44,"column":30},"end":{"line":44,"column":65}},"22":{"start":{"line":45,"column":21},"end":{"line":45,"column":73}},"23":{"start":{"line":45,"column":57},"end":{"line":45,"column":72}},"24":{"start":{"line":48,"column":33},"end":{"line":51,"column":7}},"25":{"start":{"line":48,"column":72},"end":{"line":51,"column":5}},"26":{"start":{"line":53,"column":28},"end":{"line":53,"column":63}},"27":{"start":{"line":54,"column":4},"end":{"line":54,"column":33}},"28":{"start":{"line":57,"column":24},"end":{"line":77,"column":3}},"29":{"start":{"line":58,"column":23},"end":{"line":58,"column":32}},"30":{"start":{"line":59,"column":25},"end":{"line":59,"column":27}},"31":{"start":{"line":61,"column":4},"end":{"line":74,"column":7}},"32":{"start":{"line":62,"column":6},"end":{"line":72,"column":7}},"33":{"start":{"line":63,"column":8},"end":{"line":69,"column":9}},"34":{"start":{"line":64,"column":32},"end":{"line":64,"column":64}},"35":{"start":{"line":65,"column":10},"end":{"line":67,"column":11}},"36":{"start":{"line":66,"column":12},"end":{"line":66,"column":39}},"37":{"start":{"line":68,"column":10},"end":{"line":68,"column":46}},"38":{"start":{"line":71,"column":8},"end":{"line":71,"column":35}},"39":{"start":{"line":73,"column":6},"end":{"line":73,"column":42}},"40":{"start":{"line":76,"column":4},"end":{"line":76,"column":24}},"41":{"start":{"line":79,"column":19},"end":{"line":100,"column":3}},"42":{"start":{"line":80,"column":4},"end":{"line":80,"column":40}},"43":{"start":{"line":80,"column":33},"end":{"line":80,"column":40}},"44":{"start":{"line":82,"column":18},"end":{"line":89,"column":5}},"45":{"start":{"line":91,"column":4},"end":{"line":99,"column":5}},"46":{"start":{"line":92,"column":21},"end":{"line":92,"column":100}},"47":{"start":{"line":93,"column":26},"end":{"line":93,"column":53}},"48":{"start":{"line":94,"column":6},"end":{"line":94,"column":88}},"49":{"start":{"line":94,"column":36},"end":{"line":94,"column":86}},"50":{"start":{"line":95,"column":6},"end":{"line":95,"column":37}},"51":{"start":{"line":96,"column":6},"end":{"line":96,"column":23}},"52":{"start":{"line":98,"column":6},"end":{"line":98,"column":50}},"53":{"start":{"line":102,"column":24},"end":{"line":114,"column":3}},"54":{"start":{"line":103,"column":4},"end":{"line":113,"column":7}},"55":{"start":{"line":104,"column":6},"end":{"line":111,"column":7}},"56":{"start":{"line":105,"column":8},"end":{"line":107,"column":9}},"57":{"start":{"line":106,"column":10},"end":{"line":106,"column":31}},"58":{"start":{"line":108,"column":8},"end":{"line":108,"column":39}},"59":{"start":{"line":109,"column":13},"end":{"line":111,"column":7}},"60":{"start":{"line":110,"column":8},"end":{"line":110,"column":77}},"61":{"start":{"line":112,"column":6},"end":{"line":112,"column":21}},"62":{"start":{"line":116,"column":28},"end":{"line":154,"column":3}},"63":{"start":{"line":117,"column":4},"end":{"line":120,"column":5}},"64":{"start":{"line":119,"column":6},"end":{"line":119,"column":18}},"65":{"start":{"line":121,"column":4},"end":{"line":153,"column":6}},"66":{"start":{"line":140,"column":45},"end":{"line":140,"column":71}},"67":{"start":{"line":140,"column":72},"end":{"line":140,"column":104}},"68":{"start":{"line":140,"column":105},"end":{"line":140,"column":120}},"69":{"start":{"line":140,"column":121},"end":{"line":140,"column":141}},"70":{"start":{"line":149,"column":36},"end":{"line":149,"column":43}},"71":{"start":{"line":156,"column":2},"end":{"line":219,"column":4}},"72":{"start":{"line":187,"column":34},"end":{"line":187,"column":41}},"73":{"start":{"line":213,"column":60},"end":{"line":213,"column":129}},"74":{"start":{"line":213,"column":130},"end":{"line":213,"column":151}},"75":{"start":{"line":213,"column":152},"end":{"line":213,"column":167}},"76":{"start":{"line":213,"column":168},"end":{"line":213,"column":192}},"77":{"start":{"line":213,"column":193},"end":{"line":213,"column":214}}},"fnMap":{"0":{"name":"PostComments","decl":{"start":{"line":10,"column":24},"end":{"line":10,"column":36}},"loc":{"start":{"line":10,"column":39},"end":{"line":220,"column":1}},"line":10},"1":{"name":"(anonymous_1)","decl":{"start":{"line":24,"column":12},"end":{"line":24,"column":13}},"loc":{"start":{"line":24,"column":18},"end":{"line":26,"column":3}},"line":24},"2":{"name":"(anonymous_2)","decl":{"start":{"line":28,"column":24},"end":{"line":28,"column":25}},"loc":{"start":{"line":28,"column":36},"end":{"line":55,"column":3}},"line":28},"3":{"name":"(anonymous_3)","decl":{"start":{"line":36,"column":51},"end":{"line":36,"column":52}},"loc":{"start":{"line":36,"column":61},"end":{"line":36,"column":90}},"line":36},"4":{"name":"(anonymous_4)","decl":{"start":{"line":39,"column":46},"end":{"line":39,"column":47}},"loc":{"start":{"line":39,"column":60},"end":{"line":42,"column":5}},"line":39},"5":{"name":"(anonymous_5)","decl":{"start":{"line":45,"column":43},"end":{"line":45,"column":44}},"loc":{"start":{"line":45,"column":57},"end":{"line":45,"column":72}},"line":45},"6":{"name":"(anonymous_6)","decl":{"start":{"line":48,"column":50},"end":{"line":48,"column":51}},"loc":{"start":{"line":48,"column":72},"end":{"line":51,"column":5}},"line":48},"7":{"name":"(anonymous_7)","decl":{"start":{"line":57,"column":24},"end":{"line":57,"column":25}},"loc":{"start":{"line":57,"column":38},"end":{"line":77,"column":3}},"line":57},"8":{"name":"(anonymous_8)","decl":{"start":{"line":61,"column":21},"end":{"line":61,"column":22}},"loc":{"start":{"line":61,"column":34},"end":{"line":74,"column":5}},"line":61},"9":{"name":"(anonymous_9)","decl":{"start":{"line":79,"column":19},"end":{"line":79,"column":20}},"loc":{"start":{"line":79,"column":56},"end":{"line":100,"column":3}},"line":79},"10":{"name":"(anonymous_10)","decl":{"start":{"line":94,"column":18},"end":{"line":94,"column":19}},"loc":{"start":{"line":94,"column":36},"end":{"line":94,"column":86}},"line":94},"11":{"name":"(anonymous_11)","decl":{"start":{"line":102,"column":24},"end":{"line":102,"column":25}},"loc":{"start":{"line":102,"column":58},"end":{"line":114,"column":3}},"line":102},"12":{"name":"(anonymous_12)","decl":{"start":{"line":103,"column":24},"end":{"line":103,"column":25}},"loc":{"start":{"line":103,"column":37},"end":{"line":113,"column":5}},"line":103},"13":{"name":"(anonymous_13)","decl":{"start":{"line":116,"column":28},"end":{"line":116,"column":29}},"loc":{"start":{"line":116,"column":42},"end":{"line":154,"column":3}},"line":116},"14":{"name":"(anonymous_14)","decl":{"start":{"line":140,"column":37},"end":{"line":140,"column":38}},"loc":{"start":{"line":140,"column":43},"end":{"line":140,"column":143}},"line":140},"15":{"name":"(anonymous_15)","decl":{"start":{"line":149,"column":26},"end":{"line":149,"column":27}},"loc":{"start":{"line":149,"column":36},"end":{"line":149,"column":43}},"line":149},"16":{"name":"(anonymous_16)","decl":{"start":{"line":187,"column":24},"end":{"line":187,"column":25}},"loc":{"start":{"line":187,"column":34},"end":{"line":187,"column":41}},"line":187},"17":{"name":"(anonymous_17)","decl":{"start":{"line":213,"column":53},"end":{"line":213,"column":54}},"loc":{"start":{"line":213,"column":59},"end":{"line":213,"column":215}},"line":213}},"branchMap":{"0":{"loc":{"start":{"line":62,"column":6},"end":{"line":72,"column":7}},"type":"if","locations":[{"start":{"line":62,"column":6},"end":{"line":72,"column":7}},{"start":{"line":70,"column":13},"end":{"line":72,"column":7}}],"line":62},"1":{"loc":{"start":{"line":63,"column":8},"end":{"line":69,"column":9}},"type":"if","locations":[{"start":{"line":63,"column":8},"end":{"line":69,"column":9}},{"start":{},"end":{}}],"line":63},"2":{"loc":{"start":{"line":65,"column":10},"end":{"line":67,"column":11}},"type":"if","locations":[{"start":{"line":65,"column":10},"end":{"line":67,"column":11}},{"start":{},"end":{}}],"line":65},"3":{"loc":{"start":{"line":80,"column":4},"end":{"line":80,"column":40}},"type":"if","locations":[{"start":{"line":80,"column":4},"end":{"line":80,"column":40}},{"start":{},"end":{}}],"line":80},"4":{"loc":{"start":{"line":104,"column":6},"end":{"line":111,"column":7}},"type":"if","locations":[{"start":{"line":104,"column":6},"end":{"line":111,"column":7}},{"start":{"line":109,"column":13},"end":{"line":111,"column":7}}],"line":104},"5":{"loc":{"start":{"line":105,"column":8},"end":{"line":107,"column":9}},"type":"if","locations":[{"start":{"line":105,"column":8},"end":{"line":107,"column":9}},{"start":{},"end":{}}],"line":105},"6":{"loc":{"start":{"line":109,"column":13},"end":{"line":111,"column":7}},"type":"if","locations":[{"start":{"line":109,"column":13},"end":{"line":111,"column":7}},{"start":{},"end":{}}],"line":109},"7":{"loc":{"start":{"line":117,"column":4},"end":{"line":120,"column":5}},"type":"if","locations":[{"start":{"line":117,"column":4},"end":{"line":120,"column":5}},{"start":{},"end":{}}],"line":117},"8":{"loc":{"start":{"line":122,"column":33},"end":{"line":122,"column":56}},"type":"binary-expr","locations":[{"start":{"line":122,"column":33},"end":{"line":122,"column":51}},{"start":{"line":122,"column":55},"end":{"line":122,"column":56}}],"line":122},"9":{"loc":{"start":{"line":144,"column":9},"end":{"line":151,"column":9}},"type":"binary-expr","locations":[{"start":{"line":144,"column":9},"end":{"line":144,"column":21}},{"start":{"line":145,"column":10},"end":{"line":150,"column":12}}],"line":144},"10":{"loc":{"start":{"line":191,"column":11},"end":{"line":191,"column":94}},"type":"binary-expr","locations":[{"start":{"line":191,"column":11},"end":{"line":191,"column":21}},{"start":{"line":191,"column":25},"end":{"line":191,"column":44}},{"start":{"line":191,"column":48},"end":{"line":191,"column":94}}],"line":191}},"s":{"0":0,"1":0,"2":0,"3":0,"4":0,"5":0,"6":0,"7":0,"8":0,"9":0,"10":0,"11":0,"12":0,"13":0,"14":0,"15":0,"16":0,"17":0,"18":0,"19":0,"20":0,"21":0,"22":0,"23":0,"24":0,"25":0,"26":0,"27":0,"28":0,"29":0,"30":0,"31":0,"32":0,"33":0,"34":0,"35":0,"36":0,"37":0,"38":0,"39":0,"40":0,"41":0,"42":0,"43":0,"44":0,"45":0,"46":0,"47":0,"48":0,"49":0,"50":0,"51":0,"52":0,"53":0,"54":0,"55":0,"56":0,"57":0,"58":0,"59":0,"60":0,"61":0,"62":0,"63":0,"64":0,"65":0,"66":0,"67":0,"68":0,"69":0,"70":0,"71":0,"72":0,"73":0,"74":0,"75":0,"76":0,"77":0},"f":{"0":0,"1":0,"2":0,"3":0,"4":0,"5":0,"6":0,"7":0,"8":0,"9":0,"10":0,"11":0,"12":0,"13":0,"14":0,"15":0,"16":0,"17":0},"b":{"0":[0,0],"1":[0,0],"2":[0,0],"3":[0,0],"4":[0,0],"5":[0,0],"6":[0,0],"7":[0,0],"8":[0,0],"9":[0,0],"10":[0,0,0]}}
,"C:\\Users\\hites\\orbital23\\src\\routes\\forgetPassword.js": {"path":"C:\\Users\\hites\\orbital23\\src\\routes\\forgetPassword.js","statementMap":{"0":{"start":{"line":19,"column":28},"end":{"line":19,"column":40}},"1":{"start":{"line":21,"column":21},"end":{"line":21,"column":36}},"2":{"start":{"line":23,"column":21},"end":{"line":38,"column":1}},"3":{"start":{"line":24,"column":2},"end":{"line":37,"column":3}},"4":{"start":{"line":25,"column":4},"end":{"line":34,"column":6}},"5":{"start":{"line":28,"column":8},"end":{"line":28,"column":49}},"6":{"start":{"line":29,"column":8},"end":{"line":29,"column":37}},"7":{"start":{"line":32,"column":8},"end":{"line":32,"column":63}},"8":{"start":{"line":36,"column":4},"end":{"line":36,"column":59}},"9":{"start":{"line":40,"column":2},"end":{"line":65,"column":4}},"10":{"start":{"line":54,"column":25},"end":{"line":54,"column":37}},"11":{"start":{"line":61,"column":25},"end":{"line":61,"column":53}},"12":{"start":{"line":68,"column":15},"end":{"line":129,"column":2}}},"fnMap":{"0":{"name":"(anonymous_0)","decl":{"start":{"line":18,"column":15},"end":{"line":18,"column":16}},"loc":{"start":{"line":18,"column":21},"end":{"line":66,"column":1}},"line":18},"1":{"name":"(anonymous_1)","decl":{"start":{"line":23,"column":21},"end":{"line":23,"column":22}},"loc":{"start":{"line":23,"column":33},"end":{"line":38,"column":1}},"line":23},"2":{"name":"(anonymous_2)","decl":{"start":{"line":27,"column":6},"end":{"line":27,"column":7}},"loc":{"start":{"line":27,"column":12},"end":{"line":30,"column":7}},"line":27},"3":{"name":"(anonymous_3)","decl":{"start":{"line":31,"column":6},"end":{"line":31,"column":7}},"loc":{"start":{"line":31,"column":17},"end":{"line":33,"column":7}},"line":31},"4":{"name":"(anonymous_4)","decl":{"start":{"line":54,"column":19},"end":{"line":54,"column":20}},"loc":{"start":{"line":54,"column":25},"end":{"line":54,"column":37}},"line":54},"5":{"name":"(anonymous_5)","decl":{"start":{"line":61,"column":19},"end":{"line":61,"column":20}},"loc":{"start":{"line":61,"column":25},"end":{"line":61,"column":53}},"line":61}},"branchMap":{},"s":{"0":0,"1":0,"2":0,"3":0,"4":0,"5":0,"6":0,"7":0,"8":0,"9":0,"10":0,"11":0,"12":0},"f":{"0":0,"1":0,"2":0,"3":0,"4":0,"5":0},"b":{}}
,"C:\\Users\\hites\\orbital23\\src\\services\\Photo.js": {"path":"C:\\Users\\hites\\orbital23\\src\\services\\Photo.js","statementMap":{"0":{"start":{"line":16,"column":28},"end":{"line":16,"column":42}},"1":{"start":{"line":18,"column":20},"end":{"line":29,"column":3}},"2":{"start":{"line":19,"column":17},"end":{"line":24,"column":6}},"3":{"start":{"line":26,"column":4},"end":{"line":28,"column":5}},"4":{"start":{"line":27,"column":6},"end":{"line":27,"column":37}},"5":{"start":{"line":31,"column":2},"end":{"line":36,"column":4}}},"fnMap":{"0":{"name":"ImagePickerExample","decl":{"start":{"line":15,"column":24},"end":{"line":15,"column":42}},"loc":{"start":{"line":15,"column":45},"end":{"line":37,"column":1}},"line":15},"1":{"name":"(anonymous_1)","decl":{"start":{"line":18,"column":20},"end":{"line":18,"column":21}},"loc":{"start":{"line":18,"column":32},"end":{"line":29,"column":3}},"line":18}},"branchMap":{"0":{"loc":{"start":{"line":26,"column":4},"end":{"line":28,"column":5}},"type":"if","locations":[{"start":{"line":26,"column":4},"end":{"line":28,"column":5}},{"start":{},"end":{}}],"line":26},"1":{"loc":{"start":{"line":34,"column":7},"end":{"line":34,"column":85}},"type":"binary-expr","locations":[{"start":{"line":34,"column":7},"end":{"line":34,"column":12}},{"start":{"line":34,"column":16},"end":{"line":34,"column":85}}],"line":34}},"s":{"0":0,"1":0,"2":0,"3":0,"4":0,"5":0},"f":{"0":0,"1":0},"b":{"0":[0,0],"1":[0,0]}}
}
