TN:
SF:App.js
FN:15,(anonymous_0)
FNF:1
FNH:0
FNDA:0,(anonymous_0)
DA:8,0
DA:10,0
DA:11,0
DA:16,0
LF:4
LH:0
BRF:0
BRH:0
end_of_record
TN:
SF:index.js
FNF:0
FNH:0
DA:8,0
LF:1
LH:0
BRF:0
BRH:0
end_of_record
TN:
SF:metro.config.js
FNF:0
FNH:0
DA:1,0
DA:3,0
DA:4,0
DA:6,0
LF:4
LH:0
BRF:0
BRH:0
end_of_record
TN:
SF:NUSocialize\App.js
FN:4,App
FNF:1
FNH:0
FNDA:0,App
DA:5,0
DA:13,0
LF:2
LH:0
BRF:0
BRH:0
end_of_record
TN:
SF:api\auth.js
FN:12,(anonymous_0)
FN:28,(anonymous_1)
FN:41,(anonymous_2)
FN:51,(anonymous_3)
FN:54,(anonymous_4)
FN:68,(anonymous_5)
FNF:6
FNH:0
FNDA:0,(anonymous_0)
FNDA:0,(anonymous_1)
FNDA:0,(anonymous_2)
FNDA:0,(anonymous_3)
FNDA:0,(anonymous_4)
FNDA:0,(anonymous_5)
DA:12,0
DA:13,0
DA:14,0
DA:15,0
DA:16,0
DA:17,0
DA:19,0
DA:21,0
DA:22,0
DA:24,0
DA:28,0
DA:29,0
DA:30,0
DA:31,0
DA:32,0
DA:33,0
DA:34,0
DA:37,0
DA:41,0
DA:42,0
DA:43,0
DA:44,0
DA:46,0
DA:51,0
DA:52,0
DA:53,0
DA:54,0
DA:55,0
DA:56,0
DA:57,0
DA:58,0
DA:59,0
DA:60,0
DA:61,0
DA:62,0
DA:64,0
DA:68,0
DA:69,0
DA:70,0
DA:71,0
DA:72,0
DA:73,0
DA:74,0
DA:76,0
LF:44
LH:0
BRDA:15,0,0,0
BRDA:15,0,1,0
BRDA:16,1,0,0
BRDA:16,1,1,0
BRDA:31,2,0,0
BRDA:31,2,1,0
BRF:6
BRH:0
end_of_record
TN:
SF:api\fireConfig.js
FNF:0
FNH:0
DA:14,1
DA:25,1
DA:30,1
DA:32,1
DA:34,1
LF:5
LH:5
BRF:0
BRH:0
end_of_record
TN:
SF:api\matching.js
FN:23,(anonymous_0)
FN:25,(anonymous_1)
FN:32,updateRecommendAndPoint
FN:40,updatePoint
FN:47,updateAvoid
FN:53,score
FN:79,generateRecommendList
FN:120,generateMatchingPool
FN:122,(anonymous_8)
FN:130,(anonymous_9)
FN:137,(anonymous_10)
FN:153,(anonymous_11)
FN:169,(anonymous_12)
FN:201,match
FN:203,(anonymous_14)
FN:216,showRecommendation
FN:219,(anonymous_16)
FN:226,(anonymous_17)
FN:244,connect
FN:266,filterSkip
FN:273,filterConnect
FN:287,skip
FN:302,acceptRequest
FN:314,skipReqest
FN:321,filter
FN:325,(anonymous_25)
FN:332,(anonymous_26)
FN:340,(anonymous_27)
FN:348,(anonymous_28)
FN:355,(anonymous_29)
FN:362,(anonymous_30)
FN:371,filterMatch
FN:374,(anonymous_32)
FN:375,(anonymous_33)
FNF:34
FNH:0
FNDA:0,(anonymous_0)
FNDA:0,(anonymous_1)
FNDA:0,updateRecommendAndPoint
FNDA:0,updatePoint
FNDA:0,updateAvoid
FNDA:0,score
FNDA:0,generateRecommendList
FNDA:0,generateMatchingPool
FNDA:0,(anonymous_8)
FNDA:0,(anonymous_9)
FNDA:0,(anonymous_10)
FNDA:0,(anonymous_11)
FNDA:0,(anonymous_12)
FNDA:0,match
FNDA:0,(anonymous_14)
FNDA:0,showRecommendation
FNDA:0,(anonymous_16)
FNDA:0,(anonymous_17)
FNDA:0,connect
FNDA:0,filterSkip
FNDA:0,filterConnect
FNDA:0,skip
FNDA:0,acceptRequest
FNDA:0,skipReqest
FNDA:0,filter
FNDA:0,(anonymous_25)
FNDA:0,(anonymous_26)
FNDA:0,(anonymous_27)
FNDA:0,(anonymous_28)
FNDA:0,(anonymous_29)
FNDA:0,(anonymous_30)
FNDA:0,filterMatch
FNDA:0,(anonymous_32)
FNDA:0,(anonymous_33)
DA:18,0
DA:23,0
DA:24,0
DA:25,0
DA:33,0
DA:41,0
DA:48,0
DA:54,0
DA:55,0
DA:56,0
DA:58,0
DA:59,0
DA:61,0
DA:62,0
DA:64,0
DA:65,0
DA:66,0
DA:69,0
DA:70,0
DA:71,0
DA:74,0
DA:80,0
DA:82,0
DA:83,0
DA:84,0
DA:85,0
DA:89,0
DA:90,0
DA:91,0
DA:92,0
DA:95,0
DA:96,0
DA:97,0
DA:98,0
DA:103,0
DA:104,0
DA:105,0
DA:106,0
DA:107,0
DA:108,0
DA:109,0
DA:115,0
DA:116,0
DA:121,0
DA:122,0
DA:123,0
DA:124,0
DA:126,0
DA:128,0
DA:129,0
DA:130,0
DA:131,0
DA:132,0
DA:134,0
DA:135,0
DA:136,0
DA:137,0
DA:138,0
DA:139,0
DA:141,0
DA:142,0
DA:143,0
DA:144,0
DA:146,0
DA:147,0
DA:148,0
DA:151,0
DA:152,0
DA:153,0
DA:154,0
DA:155,0
DA:157,0
DA:158,0
DA:159,0
DA:160,0
DA:162,0
DA:163,0
DA:164,0
DA:167,0
DA:168,0
DA:169,0
DA:170,0
DA:171,0
DA:173,0
DA:174,0
DA:175,0
DA:176,0
DA:178,0
DA:179,0
DA:180,0
DA:183,0
DA:184,0
DA:185,0
DA:187,0
DA:188,0
DA:189,0
DA:193,0
DA:196,0
DA:197,0
DA:202,0
DA:203,0
DA:204,0
DA:205,0
DA:206,0
DA:207,0
DA:208,0
DA:209,0
DA:211,0
DA:217,0
DA:218,0
DA:219,0
DA:220,0
DA:221,0
DA:222,0
DA:223,0
DA:224,0
DA:225,0
DA:226,0
DA:227,0
DA:228,0
DA:229,0
DA:230,0
DA:232,0
DA:233,0
DA:234,0
DA:237,0
DA:238,0
DA:245,0
DA:246,0
DA:247,0
DA:250,0
DA:255,0
DA:256,0
DA:258,0
DA:259,0
DA:260,0
DA:267,0
DA:268,0
DA:274,0
DA:275,0
DA:279,0
DA:283,0
DA:288,0
DA:289,0
DA:291,0
DA:292,0
DA:293,0
DA:297,0
DA:303,0
DA:306,0
DA:315,0
DA:322,0
DA:323,0
DA:324,0
DA:325,0
DA:326,0
DA:327,0
DA:329,0
DA:331,0
DA:332,0
DA:333,0
DA:334,0
DA:335,0
DA:337,0
DA:339,0
DA:340,0
DA:341,0
DA:342,0
DA:343,0
DA:345,0
DA:347,0
DA:348,0
DA:349,0
DA:350,0
DA:351,0
DA:354,0
DA:355,0
DA:356,0
DA:357,0
DA:358,0
DA:361,0
DA:362,0
DA:363,0
DA:364,0
DA:365,0
DA:368,0
DA:372,0
DA:373,0
DA:375,0
DA:376,0
DA:377,0
DA:379,0
DA:380,0
DA:381,0
DA:382,0
DA:383,0
DA:386,0
DA:389,0
DA:390,0
LF:199
LH:0
BRDA:55,0,0,0
BRDA:55,0,1,0
BRDA:58,1,0,0
BRDA:58,1,1,0
BRDA:61,2,0,0
BRDA:61,2,1,0
BRDA:65,3,0,0
BRDA:65,3,1,0
BRDA:70,4,0,0
BRDA:70,4,1,0
BRDA:82,5,0,0
BRDA:82,5,1,0
BRDA:89,6,0,0
BRDA:89,6,1,0
BRDA:95,7,0,0
BRDA:95,7,1,0
BRDA:104,8,0,0
BRDA:104,8,1,0
BRDA:104,9,0,0
BRDA:104,9,1,0
BRDA:104,9,2,0
BRDA:115,10,0,0
BRDA:115,10,1,0
BRDA:131,11,0,0
BRDA:131,11,1,0
BRDA:134,12,0,0
BRDA:134,12,1,0
BRDA:138,13,0,0
BRDA:138,13,1,0
BRDA:141,14,0,0
BRDA:141,14,1,0
BRDA:154,15,0,0
BRDA:154,15,1,0
BRDA:157,16,0,0
BRDA:157,16,1,0
BRDA:170,17,0,0
BRDA:170,17,1,0
BRDA:173,18,0,0
BRDA:173,18,1,0
BRDA:208,19,0,0
BRDA:208,19,1,0
BRDA:223,20,0,0
BRDA:223,20,1,0
BRDA:227,21,0,0
BRDA:227,21,1,0
BRDA:228,22,0,0
BRDA:228,22,1,0
BRDA:229,23,0,0
BRDA:229,23,1,0
BRDA:229,24,0,0
BRDA:229,24,1,0
BRDA:237,25,0,0
BRDA:237,25,1,0
BRDA:245,26,0,0
BRDA:245,26,1,0
BRDA:255,27,0,0
BRDA:255,27,1,0
BRDA:274,28,0,0
BRDA:274,28,1,0
BRDA:288,29,0,0
BRDA:288,29,1,0
BRDA:324,30,0,0
BRDA:324,30,1,0
BRDA:326,31,0,0
BRDA:326,31,1,0
BRDA:331,32,0,0
BRDA:331,32,1,0
BRDA:333,33,0,0
BRDA:333,33,1,0
BRDA:334,34,0,0
BRDA:334,34,1,0
BRDA:335,35,0,0
BRDA:335,35,1,0
BRDA:339,36,0,0
BRDA:339,36,1,0
BRDA:341,37,0,0
BRDA:341,37,1,0
BRDA:342,38,0,0
BRDA:342,38,1,0
BRDA:343,39,0,0
BRDA:343,39,1,0
BRDA:347,40,0,0
BRDA:347,40,1,0
BRDA:349,41,0,0
BRDA:349,41,1,0
BRDA:350,42,0,0
BRDA:350,42,1,0
BRDA:351,43,0,0
BRDA:351,43,1,0
BRDA:354,44,0,0
BRDA:354,44,1,0
BRDA:356,45,0,0
BRDA:356,45,1,0
BRDA:357,46,0,0
BRDA:357,46,1,0
BRDA:358,47,0,0
BRDA:358,47,1,0
BRDA:361,48,0,0
BRDA:361,48,1,0
BRDA:363,49,0,0
BRDA:363,49,1,0
BRDA:364,50,0,0
BRDA:364,50,1,0
BRDA:365,51,0,0
BRDA:365,51,1,0
BRDA:376,52,0,0
BRDA:376,52,1,0
BRDA:379,53,0,0
BRDA:379,53,1,0
BRF:109
BRH:0
end_of_record
TN:
SF:api\module_api.js
FN:10,(anonymous_0)
FN:20,(anonymous_1)
FN:25,(anonymous_2)
FN:26,(anonymous_3)
FN:36,(anonymous_4)
FNF:5
FNH:0
FNDA:0,(anonymous_0)
FNDA:0,(anonymous_1)
FNDA:0,(anonymous_2)
FNDA:0,(anonymous_3)
FNDA:0,(anonymous_4)
DA:12,0
DA:13,0
DA:22,0
DA:24,0
DA:25,0
DA:28,0
DA:38,0
DA:43,0
LF:8
LH:0
BRF:0
BRH:0
end_of_record
TN:
SF:api\photoFeature.js
FN:10,(anonymous_0)
FN:13,(anonymous_1)
FN:30,(anonymous_2)
FNF:3
FNH:0
FNDA:0,(anonymous_0)
FNDA:0,(anonymous_1)
FNDA:0,(anonymous_2)
DA:10,0
DA:11,0
DA:12,0
DA:13,0
DA:14,0
DA:15,0
DA:16,0
DA:17,0
DA:18,0
DA:24,0
DA:26,0
DA:30,0
DA:31,0
LF:13
LH:0
BRF:0
BRH:0
end_of_record
TN:
SF:api\setProfile.js
FN:14,(anonymous_0)
FN:21,(anonymous_1)
FN:28,(anonymous_2)
FN:36,(anonymous_3)
FN:43,(anonymous_4)
FN:50,(anonymous_5)
FN:57,(anonymous_6)
FN:61,(anonymous_7)
FN:65,(anonymous_8)
FN:66,(anonymous_9)
FN:71,(anonymous_10)
FN:72,(anonymous_11)
FN:77,(anonymous_12)
FN:93,(anonymous_13)
FN:101,(anonymous_14)
FN:126,(anonymous_15)
FN:137,(anonymous_16)
FN:150,(anonymous_17)
FN:163,(anonymous_18)
FN:176,(anonymous_19)
FN:189,(anonymous_20)
FN:202,(anonymous_21)
FN:234,(anonymous_22)
FN:241,(anonymous_23)
FN:252,(anonymous_24)
FN:263,(anonymous_25)
FNF:26
FNH:0
FNDA:0,(anonymous_0)
FNDA:0,(anonymous_1)
FNDA:0,(anonymous_2)
FNDA:0,(anonymous_3)
FNDA:0,(anonymous_4)
FNDA:0,(anonymous_5)
FNDA:0,(anonymous_6)
FNDA:0,(anonymous_7)
FNDA:0,(anonymous_8)
FNDA:0,(anonymous_9)
FNDA:0,(anonymous_10)
FNDA:0,(anonymous_11)
FNDA:0,(anonymous_12)
FNDA:0,(anonymous_13)
FNDA:0,(anonymous_14)
FNDA:0,(anonymous_15)
FNDA:0,(anonymous_16)
FNDA:0,(anonymous_17)
FNDA:0,(anonymous_18)
FNDA:0,(anonymous_19)
FNDA:0,(anonymous_20)
FNDA:0,(anonymous_21)
FNDA:0,(anonymous_22)
FNDA:0,(anonymous_23)
FNDA:0,(anonymous_24)
FNDA:0,(anonymous_25)
DA:14,0
DA:15,0
DA:21,0
DA:22,0
DA:28,0
DA:29,0
DA:36,0
DA:37,0
DA:43,0
DA:44,0
DA:50,0
DA:51,0
DA:57,0
DA:58,0
DA:59,0
DA:61,0
DA:62,0
DA:63,0
DA:65,0
DA:66,0
DA:70,0
DA:71,0
DA:72,0
DA:77,0
DA:78,0
DA:85,0
DA:86,0
DA:87,0
DA:93,0
DA:94,0
DA:101,0
DA:102,0
DA:103,0
DA:116,0
DA:120,0
DA:122,0
DA:126,0
DA:127,0
DA:128,0
DA:131,0
DA:133,0
DA:137,0
DA:138,0
DA:139,0
DA:143,0
DA:145,0
DA:150,0
DA:151,0
DA:152,0
DA:157,0
DA:159,0
DA:163,0
DA:164,0
DA:165,0
DA:170,0
DA:172,0
DA:176,0
DA:177,0
DA:178,0
DA:183,0
DA:185,0
DA:189,0
DA:190,0
DA:191,0
DA:196,0
DA:198,0
DA:202,0
DA:203,0
DA:204,0
DA:205,0
DA:206,0
DA:207,0
DA:208,0
DA:210,0
DA:211,0
DA:213,0
DA:214,0
DA:216,0
DA:217,0
DA:219,0
DA:220,0
DA:222,0
DA:228,0
DA:230,0
DA:234,0
DA:235,0
DA:241,0
DA:242,0
DA:243,0
DA:246,0
DA:248,0
DA:252,0
DA:253,0
DA:254,0
DA:257,0
DA:259,0
DA:263,0
DA:264,0
DA:265,0
DA:268,0
DA:270,0
LF:101
LH:0
BRDA:62,0,0,0
BRDA:62,0,1,0
BRDA:66,1,0,0
BRDA:66,1,1,0
BRDA:72,2,0,0
BRDA:72,2,1,0
BRDA:85,3,0,0
BRDA:85,3,1,0
BRDA:207,4,0,0
BRDA:207,4,1,0
BRDA:210,5,0,0
BRDA:210,5,1,0
BRDA:213,6,0,0
BRDA:213,6,1,0
BRDA:216,7,0,0
BRDA:216,7,1,0
BRDA:219,8,0,0
BRDA:219,8,1,0
BRF:18
BRH:0
end_of_record
TN:
SF:api\studybuddyfilter.js
FN:24,studybuddyfilter
FN:28,(anonymous_1)
FN:35,(anonymous_2)
FNF:3
FNH:0
FNDA:0,studybuddyfilter
FNDA:0,(anonymous_1)
FNDA:0,(anonymous_2)
DA:18,0
DA:25,0
DA:26,0
DA:27,0
DA:28,0
DA:29,0
DA:30,0
DA:32,0
DA:34,0
DA:35,0
DA:36,0
DA:37,0
DA:40,0
LF:13
LH:0
BRDA:27,0,0,0
BRDA:27,0,1,0
BRDA:29,1,0,0
BRDA:29,1,1,0
BRDA:34,2,0,0
BRDA:34,2,1,0
BRDA:36,3,0,0
BRDA:36,3,1,0
BRF:8
BRH:0
end_of_record
TN:
SF:firebaseFetch\App.js
FN:4,App
FNF:1
FNH:0
FNDA:0,App
DA:5,0
DA:13,0
LF:2
LH:0
BRF:0
BRH:0
end_of_record
TN:
SF:functions\.eslintrc.js
FNF:0
FNH:0
DA:1,0
LF:1
LH:0
BRF:0
BRH:0
end_of_record
TN:
SF:functions\index.js
FNF:0
FNH:0
DA:10,0
DA:11,0
LF:2
LH:0
BRF:0
BRH:0
end_of_record
TN:
SF:src\routes\ChangePassword.js
FN:19,(anonymous_0)
FN:24,(anonymous_1)
FN:28,(anonymous_2)
FN:32,(anonymous_3)
FN:54,(anonymous_4)
FNF:5
FNH:0
FNDA:0,(anonymous_0)
FNDA:0,(anonymous_1)
FNDA:0,(anonymous_2)
FNDA:0,(anonymous_3)
FNDA:0,(anonymous_4)
DA:20,0
DA:22,0
DA:24,0
DA:25,0
DA:26,0
DA:29,0
DA:30,0
DA:33,0
DA:37,0
DA:41,0
DA:54,0
DA:62,0
LF:12
LH:0
BRF:0
BRH:0
end_of_record
TN:
SF:src\routes\Chat.js
FN:24,Chat
FN:37,(anonymous_1)
FN:38,(anonymous_2)
FN:42,(anonymous_3)
FN:46,(anonymous_4)
FN:50,(anonymous_5)
FN:57,loadChat
FN:61,(anonymous_7)
FN:77,(anonymous_8)
FN:92,(anonymous_9)
FN:102,(anonymous_10)
FN:107,(anonymous_11)
FN:112,(anonymous_12)
FN:136,(anonymous_13)
FN:180,(anonymous_14)
FNF:15
FNH:6
FNDA:2,Chat
FNDA:2,(anonymous_1)
FNDA:0,(anonymous_2)
FNDA:2,(anonymous_3)
FNDA:2,(anonymous_4)
FNDA:2,(anonymous_5)
FNDA:3,loadChat
FNDA:0,(anonymous_7)
FNDA:0,(anonymous_8)
FNDA:0,(anonymous_9)
FNDA:0,(anonymous_10)
FNDA:0,(anonymous_11)
FNDA:0,(anonymous_12)
FNDA:0,(anonymous_13)
FNDA:0,(anonymous_14)
DA:25,2
DA:26,2
DA:27,2
DA:28,2
DA:29,2
DA:30,2
DA:31,2
DA:32,2
DA:34,2
DA:37,2
DA:38,2
DA:39,0
DA:42,2
DA:43,2
DA:46,2
DA:47,2
DA:50,2
DA:51,2
DA:52,1
DA:58,3
DA:59,0
DA:61,0
DA:62,0
DA:63,0
DA:65,0
DA:74,0
DA:77,0
DA:78,0
DA:79,0
DA:80,0
DA:83,0
DA:92,2
DA:93,0
DA:94,0
DA:97,0
DA:98,0
DA:100,0
DA:102,0
DA:103,0
DA:107,0
DA:112,0
DA:113,0
DA:114,0
DA:115,0
DA:117,0
DA:119,0
DA:120,0
DA:122,0
DA:123,0
DA:125,0
DA:128,0
DA:132,0
DA:134,0
DA:136,0
DA:175,2
DA:180,0
DA:187,1
LF:57
LH:22
BRDA:51,0,0,1
BRDA:51,0,1,1
BRDA:58,1,0,0
BRDA:58,1,1,3
BRDA:58,2,0,3
BRDA:58,2,1,0
BRDA:93,3,0,0
BRDA:93,3,1,0
BRDA:93,4,0,0
BRDA:93,4,1,0
BRDA:103,5,0,0
BRDA:103,5,1,0
BRDA:103,5,2,0
BRDA:117,6,0,0
BRDA:117,6,1,0
BRDA:120,7,0,0
BRDA:120,7,1,0
BRDA:123,8,0,0
BRDA:123,8,1,0
BRDA:161,9,0,0
BRDA:161,9,1,0
BRF:21
BRH:4
end_of_record
TN:
SF:src\routes\ChatPage.js
FN:12,(anonymous_0)
FN:21,ChatPage
FN:41,(anonymous_2)
FN:42,(anonymous_3)
FN:47,(anonymous_4)
FN:56,(anonymous_5)
FN:62,(anonymous_6)
FN:68,(anonymous_7)
FN:74,(anonymous_8)
FN:83,(anonymous_9)
FN:84,(anonymous_10)
FN:87,(anonymous_11)
FN:91,(anonymous_12)
FN:98,(anonymous_13)
FN:103,(anonymous_14)
FN:108,(anonymous_15)
FN:115,(anonymous_16)
FN:121,(anonymous_17)
FN:128,(anonymous_18)
FN:152,(anonymous_19)
FN:155,(anonymous_20)
FN:160,(anonymous_21)
FN:166,(anonymous_22)
FN:222,(anonymous_23)
FN:232,(anonymous_24)
FN:237,(anonymous_25)
FNF:26
FNH:0
FNDA:0,(anonymous_0)
FNDA:0,ChatPage
FNDA:0,(anonymous_2)
FNDA:0,(anonymous_3)
FNDA:0,(anonymous_4)
FNDA:0,(anonymous_5)
FNDA:0,(anonymous_6)
FNDA:0,(anonymous_7)
FNDA:0,(anonymous_8)
FNDA:0,(anonymous_9)
FNDA:0,(anonymous_10)
FNDA:0,(anonymous_11)
FNDA:0,(anonymous_12)
FNDA:0,(anonymous_13)
FNDA:0,(anonymous_14)
FNDA:0,(anonymous_15)
FNDA:0,(anonymous_16)
FNDA:0,(anonymous_17)
FNDA:0,(anonymous_18)
FNDA:0,(anonymous_19)
FNDA:0,(anonymous_20)
FNDA:0,(anonymous_21)
FNDA:0,(anonymous_22)
FNDA:0,(anonymous_23)
FNDA:0,(anonymous_24)
FNDA:0,(anonymous_25)
DA:12,0
DA:13,0
DA:14,0
DA:15,0
DA:16,0
DA:22,0
DA:23,0
DA:24,0
DA:25,0
DA:26,0
DA:28,0
DA:32,0
DA:33,0
DA:34,0
DA:35,0
DA:37,0
DA:41,0
DA:42,0
DA:43,0
DA:47,0
DA:48,0
DA:49,0
DA:50,0
DA:51,0
DA:56,0
DA:57,0
DA:62,0
DA:63,0
DA:68,0
DA:69,0
DA:74,0
DA:75,0
DA:81,0
DA:83,0
DA:84,0
DA:85,0
DA:87,0
DA:88,0
DA:91,0
DA:92,0
DA:93,0
DA:98,0
DA:99,0
DA:103,0
DA:104,0
DA:108,0
DA:109,0
DA:115,0
DA:116,0
DA:120,0
DA:121,0
DA:122,0
DA:128,0
DA:129,0
DA:131,0
DA:137,0
DA:138,0
DA:139,0
DA:141,0
DA:142,0
DA:143,0
DA:144,0
DA:146,0
DA:152,0
DA:155,0
DA:156,0
DA:160,0
DA:162,0
DA:164,0
DA:166,0
DA:167,0
DA:168,0
DA:169,0
DA:171,0
DA:173,0
DA:174,0
DA:176,0
DA:177,0
DA:179,0
DA:182,0
DA:188,0
DA:189,0
DA:191,0
DA:212,0
DA:222,0
DA:232,0
DA:237,0
DA:248,0
LF:88
LH:0
BRDA:129,0,0,0
BRDA:129,0,1,0
BRDA:156,1,0,0
BRDA:156,1,1,0
BRDA:156,1,2,0
BRDA:171,2,0,0
BRDA:171,2,1,0
BRDA:174,3,0,0
BRDA:174,3,1,0
BRDA:177,4,0,0
BRDA:177,4,1,0
BRDA:193,5,0,0
BRDA:193,5,1,0
BRDA:194,6,0,0
BRDA:194,6,1,0
BRDA:195,7,0,0
BRDA:195,7,1,0
BRDA:214,8,0,0
BRDA:214,8,1,0
BRDA:215,9,0,0
BRDA:215,9,1,0
BRDA:216,10,0,0
BRDA:216,10,1,0
BRDA:225,11,0,0
BRDA:225,11,1,0
BRDA:226,12,0,0
BRDA:226,12,1,0
BRF:27
BRH:0
end_of_record
TN:
SF:src\routes\Edit.js
FN:35,(anonymous_0)
FN:49,(anonymous_1)
FN:50,(anonymous_2)
FN:55,(anonymous_3)
FN:62,(anonymous_4)
FN:69,(anonymous_5)
FN:80,(anonymous_6)
FN:87,(anonymous_7)
FN:94,(anonymous_8)
FN:101,(anonymous_9)
FN:108,(anonymous_10)
FNF:11
FNH:0
FNDA:0,(anonymous_0)
FNDA:0,(anonymous_1)
FNDA:0,(anonymous_2)
FNDA:0,(anonymous_3)
FNDA:0,(anonymous_4)
FNDA:0,(anonymous_5)
FNDA:0,(anonymous_6)
FNDA:0,(anonymous_7)
FNDA:0,(anonymous_8)
FNDA:0,(anonymous_9)
FNDA:0,(anonymous_10)
DA:38,0
DA:39,0
DA:40,0
DA:41,0
DA:42,0
DA:43,0
DA:44,0
DA:45,0
DA:46,0
DA:49,0
DA:50,0
DA:51,0
DA:55,0
DA:56,0
DA:60,0
DA:62,0
DA:69,0
DA:80,0
DA:87,0
DA:94,0
DA:101,0
DA:108,0
DA:117,0
LF:23
LH:0
BRDA:65,0,0,0
BRDA:65,0,1,0
BRDA:72,1,0,0
BRDA:72,1,1,0
BRDA:72,1,2,0
BRDA:83,2,0,0
BRDA:83,2,1,0
BRDA:90,3,0,0
BRDA:90,3,1,0
BRDA:97,4,0,0
BRDA:97,4,1,0
BRDA:104,5,0,0
BRDA:104,5,1,0
BRDA:111,6,0,0
BRDA:111,6,1,0
BRF:15
BRH:0
end_of_record
TN:
SF:src\routes\EditBio.js
FN:40,EditBio
FN:45,(anonymous_1)
FN:46,(anonymous_2)
FN:46,(anonymous_3)
FN:50,(anonymous_4)
FN:68,(anonymous_5)
FNF:6
FNH:0
FNDA:0,EditBio
FNDA:0,(anonymous_1)
FNDA:0,(anonymous_2)
FNDA:0,(anonymous_3)
FNDA:0,(anonymous_4)
FNDA:0,(anonymous_5)
DA:41,0
DA:42,0
DA:43,0
DA:44,0
DA:45,0
DA:46,0
DA:50,0
DA:51,0
DA:52,0
DA:54,0
DA:60,0
DA:68,0
DA:82,0
LF:13
LH:0
BRDA:51,0,0,0
BRDA:51,0,1,0
BRF:2
BRH:0
end_of_record
TN:
SF:src\routes\EditCountryAndRegion.js
FN:41,EditCountryAndRegion
FN:246,(anonymous_1)
FN:247,(anonymous_2)
FN:247,(anonymous_3)
FN:251,(anonymous_4)
FN:275,(anonymous_5)
FNF:6
FNH:0
FNDA:0,EditCountryAndRegion
FNDA:0,(anonymous_1)
FNDA:0,(anonymous_2)
FNDA:0,(anonymous_3)
FNDA:0,(anonymous_4)
FNDA:0,(anonymous_5)
DA:43,0
DA:241,0
DA:242,0
DA:243,0
DA:244,0
DA:245,0
DA:246,0
DA:247,0
DA:251,0
DA:252,0
DA:253,0
DA:255,0
DA:261,0
DA:275,0
DA:292,0
LF:15
LH:0
BRDA:252,0,0,0
BRDA:252,0,1,0
BRF:2
BRH:0
end_of_record
TN:
SF:src\routes\EditCourse.js
FN:41,EditCourse
FN:45,(anonymous_1)
FN:53,(anonymous_2)
FN:55,(anonymous_3)
FN:56,(anonymous_4)
FN:57,(anonymous_5)
FN:62,(anonymous_6)
FN:71,(anonymous_7)
FN:72,(anonymous_8)
FN:72,(anonymous_9)
FN:76,(anonymous_10)
FN:107,(anonymous_11)
FN:112,(anonymous_12)
FN:113,(anonymous_13)
FN:128,(anonymous_14)
FNF:15
FNH:0
FNDA:0,EditCourse
FNDA:0,(anonymous_1)
FNDA:0,(anonymous_2)
FNDA:0,(anonymous_3)
FNDA:0,(anonymous_4)
FNDA:0,(anonymous_5)
FNDA:0,(anonymous_6)
FNDA:0,(anonymous_7)
FNDA:0,(anonymous_8)
FNDA:0,(anonymous_9)
FNDA:0,(anonymous_10)
FNDA:0,(anonymous_11)
FNDA:0,(anonymous_12)
FNDA:0,(anonymous_13)
FNDA:0,(anonymous_14)
DA:43,0
DA:45,0
DA:46,0
DA:53,0
DA:54,0
DA:55,0
DA:57,0
DA:58,0
DA:62,0
DA:63,0
DA:67,0
DA:68,0
DA:69,0
DA:70,0
DA:71,0
DA:72,0
DA:76,0
DA:77,0
DA:78,0
DA:80,0
DA:86,0
DA:108,0
DA:113,0
DA:128,0
DA:136,0
LF:25
LH:0
BRDA:72,0,0,0
BRDA:72,0,1,0
BRDA:77,1,0,0
BRDA:77,1,1,0
BRDA:113,2,0,0
BRDA:113,2,1,0
BRF:6
BRH:0
end_of_record
TN:
SF:src\routes\EditHobby.js
FN:26,(anonymous_0)
FN:36,EditHobby
FN:91,(anonymous_2)
FN:103,(anonymous_3)
FN:104,(anonymous_4)
FN:104,(anonymous_5)
FN:107,(anonymous_6)
FN:138,(anonymous_7)
FN:143,(anonymous_8)
FN:144,(anonymous_9)
FN:159,(anonymous_10)
FNF:11
FNH:0
FNDA:0,(anonymous_0)
FNDA:0,EditHobby
FNDA:0,(anonymous_2)
FNDA:0,(anonymous_3)
FNDA:0,(anonymous_4)
FNDA:0,(anonymous_5)
FNDA:0,(anonymous_6)
FNDA:0,(anonymous_7)
FNDA:0,(anonymous_8)
FNDA:0,(anonymous_9)
FNDA:0,(anonymous_10)
DA:26,0
DA:27,0
DA:28,0
DA:31,0
DA:38,0
DA:91,0
DA:92,0
DA:99,0
DA:100,0
DA:101,0
DA:102,0
DA:103,0
DA:104,0
DA:107,0
DA:108,0
DA:109,0
DA:112,0
DA:117,0
DA:139,0
DA:144,0
DA:159,0
DA:169,0
LF:22
LH:0
BRDA:27,0,0,0
BRDA:27,0,1,0
BRDA:104,1,0,0
BRDA:104,1,1,0
BRDA:108,2,0,0
BRDA:108,2,1,0
BRDA:144,3,0,0
BRDA:144,3,1,0
BRF:8
BRH:0
end_of_record
TN:
SF:src\routes\EditMajor.js
FN:39,(anonymous_0)
FN:49,EditMajor
FN:106,(anonymous_2)
FN:118,(anonymous_3)
FN:119,(anonymous_4)
FN:119,(anonymous_5)
FN:122,(anonymous_6)
FN:146,(anonymous_7)
FNF:8
FNH:0
FNDA:0,(anonymous_0)
FNDA:0,EditMajor
FNDA:0,(anonymous_2)
FNDA:0,(anonymous_3)
FNDA:0,(anonymous_4)
FNDA:0,(anonymous_5)
FNDA:0,(anonymous_6)
FNDA:0,(anonymous_7)
DA:39,0
DA:40,0
DA:41,0
DA:44,0
DA:51,0
DA:106,0
DA:107,0
DA:114,0
DA:115,0
DA:116,0
DA:117,0
DA:118,0
DA:119,0
DA:122,0
DA:123,0
DA:124,0
DA:127,0
DA:132,0
DA:146,0
DA:162,0
LF:20
LH:0
BRDA:40,0,0,0
BRDA:40,0,1,0
BRDA:119,1,0,0
BRDA:119,1,1,0
BRDA:123,2,0,0
BRDA:123,2,1,0
BRF:6
BRH:0
end_of_record
TN:
SF:src\routes\EditName.js
FN:40,EditName
FN:45,(anonymous_1)
FN:51,(anonymous_2)
FN:69,(anonymous_3)
FNF:4
FNH:0
FNDA:0,EditName
FNDA:0,(anonymous_1)
FNDA:0,(anonymous_2)
FNDA:0,(anonymous_3)
DA:41,0
DA:42,0
DA:43,0
DA:44,0
DA:45,0
DA:46,0
DA:47,0
DA:51,0
DA:52,0
DA:53,0
DA:55,0
DA:61,0
DA:69,0
DA:83,0
LF:14
LH:0
BRDA:52,0,0,0
BRDA:52,0,1,0
BRF:2
BRH:0
end_of_record
TN:
SF:src\routes\EditPhoto.js
FN:31,(anonymous_0)
FN:39,(anonymous_1)
FN:43,(anonymous_2)
FN:48,(anonymous_3)
FN:56,(anonymous_4)
FN:94,(anonymous_5)
FNF:6
FNH:0
FNDA:0,(anonymous_0)
FNDA:0,(anonymous_1)
FNDA:0,(anonymous_2)
FNDA:0,(anonymous_3)
FNDA:0,(anonymous_4)
FNDA:0,(anonymous_5)
DA:33,0
DA:35,0
DA:37,0
DA:39,0
DA:40,0
DA:41,0
DA:44,0
DA:47,0
DA:48,0
DA:52,0
DA:56,0
DA:57,0
DA:64,0
DA:65,0
DA:66,0
DA:70,0
DA:94,0
DA:101,0
LF:18
LH:0
BRDA:40,0,0,0
BRDA:40,0,1,0
BRDA:48,1,0,0
BRDA:48,1,1,0
BRDA:64,2,0,0
BRDA:64,2,1,0
BRDA:79,3,0,0
BRDA:79,3,1,0
BRDA:86,4,0,0
BRDA:86,4,1,0
BRF:10
BRH:0
end_of_record
TN:
SF:src\routes\EditShowCountryAndRegion.js
FN:38,(anonymous_0)
FN:49,(anonymous_1)
FN:56,(anonymous_2)
FN:80,(anonymous_3)
FNF:4
FNH:0
FNDA:0,(anonymous_0)
FNDA:0,(anonymous_1)
FNDA:0,(anonymous_2)
FNDA:0,(anonymous_3)
DA:40,0
DA:45,0
DA:46,0
DA:47,0
DA:48,0
DA:49,0
DA:50,0
DA:51,0
DA:52,0
DA:56,0
DA:57,0
DA:58,0
DA:60,0
DA:66,0
DA:80,0
DA:97,0
LF:16
LH:0
BRDA:50,0,0,0
BRDA:50,0,1,0
BRDA:57,1,0,0
BRDA:57,1,1,0
BRF:4
BRH:0
end_of_record
TN:
SF:src\routes\EditShowCourse.js
FN:38,(anonymous_0)
FN:49,(anonymous_1)
FN:56,(anonymous_2)
FN:80,(anonymous_3)
FNF:4
FNH:0
FNDA:0,(anonymous_0)
FNDA:0,(anonymous_1)
FNDA:0,(anonymous_2)
FNDA:0,(anonymous_3)
DA:40,0
DA:45,0
DA:46,0
DA:47,0
DA:48,0
DA:49,0
DA:50,0
DA:51,0
DA:52,0
DA:56,0
DA:57,0
DA:58,0
DA:60,0
DA:66,0
DA:80,0
DA:97,0
LF:16
LH:0
BRDA:50,0,0,0
BRDA:50,0,1,0
BRDA:57,1,0,0
BRDA:57,1,1,0
BRF:4
BRH:0
end_of_record
TN:
SF:src\routes\EditShowHobby.js
FN:38,(anonymous_0)
FN:49,(anonymous_1)
FN:56,(anonymous_2)
FN:80,(anonymous_3)
FNF:4
FNH:0
FNDA:0,(anonymous_0)
FNDA:0,(anonymous_1)
FNDA:0,(anonymous_2)
FNDA:0,(anonymous_3)
DA:40,0
DA:45,0
DA:46,0
DA:47,0
DA:48,0
DA:49,0
DA:50,0
DA:51,0
DA:52,0
DA:56,0
DA:57,0
DA:58,0
DA:60,0
DA:66,0
DA:80,0
DA:97,0
LF:16
LH:0
BRDA:50,0,0,0
BRDA:50,0,1,0
BRDA:57,1,0,0
BRDA:57,1,1,0
BRF:4
BRH:0
end_of_record
TN:
SF:src\routes\EditShowMajor.js
FN:38,(anonymous_0)
FN:49,(anonymous_1)
FN:56,(anonymous_2)
FN:80,(anonymous_3)
FNF:4
FNH:0
FNDA:0,(anonymous_0)
FNDA:0,(anonymous_1)
FNDA:0,(anonymous_2)
FNDA:0,(anonymous_3)
DA:40,0
DA:45,0
DA:46,0
DA:47,0
DA:48,0
DA:49,0
DA:50,0
DA:51,0
DA:52,0
DA:56,0
DA:57,0
DA:58,0
DA:60,0
DA:66,0
DA:80,0
DA:97,0
LF:16
LH:0
BRDA:50,0,0,0
BRDA:50,0,1,0
BRDA:57,1,0,0
BRDA:57,1,1,0
BRF:4
BRH:0
end_of_record
TN:
SF:src\routes\EditShowYear.js
FN:38,(anonymous_0)
FN:49,(anonymous_1)
FN:56,(anonymous_2)
FN:80,(anonymous_3)
FNF:4
FNH:0
FNDA:0,(anonymous_0)
FNDA:0,(anonymous_1)
FNDA:0,(anonymous_2)
FNDA:0,(anonymous_3)
DA:40,0
DA:45,0
DA:46,0
DA:47,0
DA:48,0
DA:49,0
DA:50,0
DA:51,0
DA:52,0
DA:56,0
DA:57,0
DA:58,0
DA:60,0
DA:66,0
DA:80,0
DA:97,0
LF:16
LH:0
BRDA:50,0,0,0
BRDA:50,0,1,0
BRDA:57,1,0,0
BRDA:57,1,1,0
BRF:4
BRH:0
end_of_record
TN:
SF:src\routes\EditYear.js
FN:41,EditYear
FN:60,(anonymous_1)
FN:61,(anonymous_2)
FN:61,(anonymous_3)
FN:65,(anonymous_4)
FN:89,(anonymous_5)
FNF:6
FNH:0
FNDA:0,EditYear
FNDA:0,(anonymous_1)
FNDA:0,(anonymous_2)
FNDA:0,(anonymous_3)
FNDA:0,(anonymous_4)
FNDA:0,(anonymous_5)
DA:43,0
DA:55,0
DA:56,0
DA:57,0
DA:58,0
DA:59,0
DA:60,0
DA:61,0
DA:65,0
DA:66,0
DA:67,0
DA:69,0
DA:75,0
DA:89,0
DA:106,0
LF:15
LH:0
BRDA:66,0,0,0
BRDA:66,0,1,0
BRF:2
BRH:0
end_of_record
TN:
SF:src\routes\Entrance.js
FN:14,(anonymous_0)
FN:24,(anonymous_1)
FNF:2
FNH:0
FNDA:0,(anonymous_0)
FNDA:0,(anonymous_1)
DA:15,0
DA:24,0
DA:37,0
LF:3
LH:0
BRF:0
BRH:0
end_of_record
TN:
SF:src\routes\Filter.js
FN:16,Filter
FN:356,(anonymous_1)
FN:376,(anonymous_2)
FN:378,(anonymous_3)
FN:379,(anonymous_4)
FN:380,(anonymous_5)
FN:385,(anonymous_6)
FN:397,(anonymous_7)
FN:411,(anonymous_8)
FN:480,(anonymous_9)
FNF:10
FNH:0
FNDA:0,Filter
FNDA:0,(anonymous_1)
FNDA:0,(anonymous_2)
FNDA:0,(anonymous_3)
FNDA:0,(anonymous_4)
FNDA:0,(anonymous_5)
FNDA:0,(anonymous_6)
FNDA:0,(anonymous_7)
FNDA:0,(anonymous_8)
FNDA:0,(anonymous_9)
DA:18,0
DA:22,0
DA:78,0
DA:84,0
DA:282,0
DA:291,0
DA:344,0
DA:353,0
DA:356,0
DA:357,0
DA:358,0
DA:368,0
DA:369,0
DA:370,0
DA:371,0
DA:372,0
DA:373,0
DA:374,0
DA:376,0
DA:377,0
DA:378,0
DA:380,0
DA:381,0
DA:385,0
DA:386,0
DA:389,0
DA:390,0
DA:391,0
DA:392,0
DA:393,0
DA:394,0
DA:397,0
DA:398,0
DA:399,0
DA:400,0
DA:403,0
DA:407,0
DA:411,0
DA:480,0
DA:490,0
LF:40
LH:0
BRDA:398,0,0,0
BRDA:398,0,1,0
BRDA:398,1,0,0
BRDA:398,1,1,0
BRDA:398,1,2,0
BRDA:398,1,3,0
BRDA:398,1,4,0
BRDA:398,1,5,0
BRF:8
BRH:0
end_of_record
TN:
SF:src\routes\Form.js
FN:28,(anonymous_0)
FN:34,(anonymous_1)
FN:38,(anonymous_2)
FN:39,(anonymous_3)
FN:50,(anonymous_4)
FNF:5
FNH:0
FNDA:0,(anonymous_0)
FNDA:0,(anonymous_1)
FNDA:0,(anonymous_2)
FNDA:0,(anonymous_3)
FNDA:0,(anonymous_4)
DA:29,0
DA:31,0
DA:32,0
DA:34,0
DA:35,0
DA:36,0
DA:38,0
DA:40,0
DA:46,0
DA:50,0
DA:51,0
DA:58,0
DA:59,0
DA:60,0
DA:64,0
DA:106,0
LF:16
LH:0
BRDA:35,0,0,0
BRDA:35,0,1,0
BRDA:42,1,0,0
BRDA:42,1,1,0
BRDA:58,2,0,0
BRDA:58,2,1,0
BRDA:80,3,0,0
BRDA:80,3,1,0
BRDA:87,4,0,0
BRDA:87,4,1,0
BRDA:95,5,0,0
BRDA:95,5,1,0
BRF:12
BRH:0
end_of_record
TN:
SF:src\routes\Form1.js
FN:20,(anonymous_0)
FN:24,(anonymous_1)
FN:29,(anonymous_2)
FN:30,(anonymous_3)
FNF:4
FNH:0
FNDA:0,(anonymous_0)
FNDA:0,(anonymous_1)
FNDA:0,(anonymous_2)
FNDA:0,(anonymous_3)
DA:21,0
DA:22,0
DA:24,0
DA:25,0
DA:26,0
DA:27,0
DA:29,0
DA:31,0
DA:34,0
DA:38,0
DA:64,0
LF:11
LH:0
BRDA:25,0,0,0
BRDA:25,0,1,0
BRDA:31,1,0,0
BRDA:31,1,1,0
BRDA:53,2,0,0
BRDA:53,2,1,0
BRF:6
BRH:0
end_of_record
TN:
SF:src\routes\Form2.js
FN:19,(anonymous_0)
FN:30,(anonymous_1)
FN:33,(anonymous_2)
FN:34,(anonymous_3)
FN:54,(anonymous_4)
FNF:5
FNH:0
FNDA:0,(anonymous_0)
FNDA:0,(anonymous_1)
FNDA:0,(anonymous_2)
FNDA:0,(anonymous_3)
FNDA:0,(anonymous_4)
DA:20,0
DA:26,0
DA:28,0
DA:30,0
DA:31,0
DA:33,0
DA:34,0
DA:38,0
DA:41,0
DA:54,0
DA:72,0
LF:11
LH:0
BRDA:34,0,0,0
BRDA:34,0,1,0
BRDA:62,1,0,0
BRDA:62,1,1,0
BRDA:63,2,0,0
BRDA:63,2,1,0
BRF:6
BRH:0
end_of_record
TN:
SF:src\routes\Form3.js
FN:19,(anonymous_0)
FN:80,(anonymous_1)
FN:84,(anonymous_2)
FN:85,(anonymous_3)
FN:106,(anonymous_4)
FN:117,(anonymous_5)
FNF:6
FNH:0
FNDA:0,(anonymous_0)
FNDA:0,(anonymous_1)
FNDA:0,(anonymous_2)
FNDA:0,(anonymous_3)
FNDA:0,(anonymous_4)
FNDA:0,(anonymous_5)
DA:20,0
DA:76,0
DA:77,0
DA:78,0
DA:80,0
DA:81,0
DA:82,0
DA:84,0
DA:85,0
DA:88,0
DA:92,0
DA:106,0
DA:117,0
DA:139,0
LF:14
LH:0
BRDA:81,0,0,0
BRDA:81,0,1,0
BRDA:85,1,0,0
BRDA:85,1,1,0
BRDA:128,2,0,0
BRDA:128,2,1,0
BRF:6
BRH:0
end_of_record
TN:
SF:src\routes\Form4.js
FN:20,(anonymous_0)
FN:26,(anonymous_1)
FN:34,(anonymous_2)
FN:42,(anonymous_3)
FN:43,(anonymous_4)
FN:47,(anonymous_5)
FN:49,(anonymous_6)
FN:50,(anonymous_7)
FN:51,(anonymous_8)
FN:56,(anonymous_9)
FN:80,(anonymous_10)
FN:85,(anonymous_11)
FN:86,(anonymous_12)
FN:102,(anonymous_13)
FNF:14
FNH:0
FNDA:0,(anonymous_0)
FNDA:0,(anonymous_1)
FNDA:0,(anonymous_2)
FNDA:0,(anonymous_3)
FNDA:0,(anonymous_4)
FNDA:0,(anonymous_5)
FNDA:0,(anonymous_6)
FNDA:0,(anonymous_7)
FNDA:0,(anonymous_8)
FNDA:0,(anonymous_9)
FNDA:0,(anonymous_10)
FNDA:0,(anonymous_11)
FNDA:0,(anonymous_12)
FNDA:0,(anonymous_13)
DA:21,0
DA:22,0
DA:23,0
DA:24,0
DA:26,0
DA:27,0
DA:34,0
DA:35,0
DA:36,0
DA:37,0
DA:40,0
DA:42,0
DA:43,0
DA:47,0
DA:48,0
DA:49,0
DA:51,0
DA:52,0
DA:56,0
DA:57,0
DA:60,0
DA:81,0
DA:86,0
DA:102,0
DA:124,0
LF:25
LH:0
BRDA:35,0,0,0
BRDA:35,0,1,0
BRDA:43,1,0,0
BRDA:43,1,1,0
BRDA:86,2,0,0
BRDA:86,2,1,0
BRDA:113,3,0,0
BRDA:113,3,1,0
BRF:8
BRH:0
end_of_record
TN:
SF:src\routes\Form5.js
FN:18,(anonymous_0)
FN:222,(anonymous_1)
FN:226,(anonymous_2)
FN:227,(anonymous_3)
FN:248,(anonymous_4)
FN:259,(anonymous_5)
FNF:6
FNH:0
FNDA:0,(anonymous_0)
FNDA:0,(anonymous_1)
FNDA:0,(anonymous_2)
FNDA:0,(anonymous_3)
FNDA:0,(anonymous_4)
FNDA:0,(anonymous_5)
DA:20,0
DA:218,0
DA:219,0
DA:220,0
DA:222,0
DA:223,0
DA:224,0
DA:226,0
DA:227,0
DA:230,0
DA:234,0
DA:248,0
DA:259,0
DA:281,0
LF:14
LH:0
BRDA:223,0,0,0
BRDA:223,0,1,0
BRDA:227,1,0,0
BRDA:227,1,1,0
BRDA:270,2,0,0
BRDA:270,2,1,0
BRF:6
BRH:0
end_of_record
TN:
SF:src\routes\Form6.js
FN:20,(anonymous_0)
FN:27,(anonymous_1)
FN:31,(anonymous_2)
FN:92,(anonymous_3)
FN:95,(anonymous_4)
FN:96,(anonymous_5)
FN:124,(anonymous_6)
FN:129,(anonymous_7)
FN:130,(anonymous_8)
FN:146,(anonymous_9)
FN:159,(anonymous_10)
FNF:11
FNH:0
FNDA:0,(anonymous_0)
FNDA:0,(anonymous_1)
FNDA:0,(anonymous_2)
FNDA:0,(anonymous_3)
FNDA:0,(anonymous_4)
FNDA:0,(anonymous_5)
FNDA:0,(anonymous_6)
FNDA:0,(anonymous_7)
FNDA:0,(anonymous_8)
FNDA:0,(anonymous_9)
FNDA:0,(anonymous_10)
DA:21,0
DA:23,0
DA:24,0
DA:25,0
DA:27,0
DA:28,0
DA:31,0
DA:32,0
DA:39,0
DA:92,0
DA:93,0
DA:95,0
DA:97,0
DA:104,0
DA:125,0
DA:130,0
DA:146,0
DA:159,0
DA:168,0
LF:19
LH:0
BRDA:99,0,0,0
BRDA:99,0,1,0
BRDA:130,1,0,0
BRDA:130,1,1,0
BRDA:157,2,0,0
BRDA:157,2,1,0
BRF:6
BRH:0
end_of_record
TN:
SF:src\routes\Form7.js
FN:20,(anonymous_0)
FN:36,(anonymous_1)
FN:40,(anonymous_2)
FN:41,(anonymous_3)
FN:62,(anonymous_4)
FN:73,(anonymous_5)
FNF:6
FNH:0
FNDA:0,(anonymous_0)
FNDA:0,(anonymous_1)
FNDA:0,(anonymous_2)
FNDA:0,(anonymous_3)
FNDA:0,(anonymous_4)
FNDA:0,(anonymous_5)
DA:22,0
DA:32,0
DA:33,0
DA:34,0
DA:36,0
DA:37,0
DA:38,0
DA:40,0
DA:41,0
DA:44,0
DA:48,0
DA:62,0
DA:73,0
DA:95,0
LF:14
LH:0
BRDA:37,0,0,0
BRDA:37,0,1,0
BRDA:41,1,0,0
BRDA:41,1,1,0
BRDA:84,2,0,0
BRDA:84,2,1,0
BRF:6
BRH:0
end_of_record
TN:
SF:src\routes\Forum.js
FN:30,Forum
FN:47,(anonymous_1)
FN:48,(anonymous_2)
FN:53,(anonymous_3)
FN:54,(anonymous_4)
FN:59,(anonymous_5)
FN:63,(anonymous_6)
FN:68,(anonymous_7)
FN:75,(anonymous_8)
FN:93,(anonymous_9)
FN:108,(anonymous_10)
FN:111,(anonymous_11)
FN:114,(anonymous_12)
FN:122,(anonymous_13)
FN:124,(anonymous_14)
FN:147,(anonymous_15)
FN:148,(anonymous_16)
FN:155,(anonymous_17)
FN:159,(anonymous_18)
FN:166,(anonymous_19)
FN:170,(anonymous_20)
FN:175,(anonymous_21)
FN:180,(anonymous_22)
FN:182,(anonymous_23)
FN:221,(anonymous_24)
FN:244,(anonymous_25)
FNF:26
FNH:0
FNDA:0,Forum
FNDA:0,(anonymous_1)
FNDA:0,(anonymous_2)
FNDA:0,(anonymous_3)
FNDA:0,(anonymous_4)
FNDA:0,(anonymous_5)
FNDA:0,(anonymous_6)
FNDA:0,(anonymous_7)
FNDA:0,(anonymous_8)
FNDA:0,(anonymous_9)
FNDA:0,(anonymous_10)
FNDA:0,(anonymous_11)
FNDA:0,(anonymous_12)
FNDA:0,(anonymous_13)
FNDA:0,(anonymous_14)
FNDA:0,(anonymous_15)
FNDA:0,(anonymous_16)
FNDA:0,(anonymous_17)
FNDA:0,(anonymous_18)
FNDA:0,(anonymous_19)
FNDA:0,(anonymous_20)
FNDA:0,(anonymous_21)
FNDA:0,(anonymous_22)
FNDA:0,(anonymous_23)
FNDA:0,(anonymous_24)
FNDA:0,(anonymous_25)
DA:31,0
DA:33,0
DA:34,0
DA:35,0
DA:36,0
DA:37,0
DA:38,0
DA:39,0
DA:40,0
DA:41,0
DA:42,0
DA:43,0
DA:45,0
DA:47,0
DA:48,0
DA:49,0
DA:53,0
DA:54,0
DA:55,0
DA:59,0
DA:60,0
DA:63,0
DA:64,0
DA:68,0
DA:69,0
DA:75,0
DA:76,0
DA:77,0
DA:80,0
DA:81,0
DA:82,0
DA:83,0
DA:84,0
DA:85,0
DA:86,0
DA:87,0
DA:88,0
DA:89,0
DA:93,0
DA:94,0
DA:101,0
DA:102,0
DA:103,0
DA:104,0
DA:108,0
DA:109,0
DA:112,0
DA:115,0
DA:122,0
DA:123,0
DA:124,0
DA:125,0
DA:126,0
DA:127,0
DA:129,0
DA:130,0
DA:131,0
DA:133,0
DA:134,0
DA:143,0
DA:147,0
DA:148,0
DA:149,0
DA:150,0
DA:155,0
DA:156,0
DA:159,0
DA:160,0
DA:161,0
DA:166,0
DA:167,0
DA:170,0
DA:171,0
DA:172,0
DA:175,0
DA:176,0
DA:180,0
DA:182,0
DA:183,0
DA:184,0
DA:185,0
DA:187,0
DA:189,0
DA:190,0
DA:192,0
DA:193,0
DA:195,0
DA:198,0
DA:202,0
DA:204,0
DA:222,0
DA:223,0
DA:224,0
DA:235,0
DA:236,0
DA:244,0
DA:251,0
DA:252,0
DA:270,0
DA:290,0
LF:100
LH:0
BRDA:76,0,0,0
BRDA:76,0,1,0
BRDA:76,1,0,0
BRDA:76,1,1,0
BRDA:80,2,0,0
BRDA:80,2,1,0
BRDA:83,3,0,0
BRDA:83,3,1,0
BRDA:101,4,0,0
BRDA:101,4,1,0
BRDA:117,5,0,0
BRDA:117,5,1,0
BRDA:123,6,0,0
BRDA:123,6,1,0
BRDA:123,7,0,0
BRDA:123,7,1,0
BRDA:133,8,0,0
BRDA:133,8,1,0
BRDA:133,9,0,0
BRDA:133,9,1,0
BRDA:133,9,2,0
BRDA:160,10,0,0
BRDA:160,10,1,0
BRDA:171,11,0,0
BRDA:171,11,1,0
BRDA:176,12,0,0
BRDA:176,12,1,0
BRDA:176,12,2,0
BRDA:187,13,0,0
BRDA:187,13,1,0
BRDA:190,14,0,0
BRDA:190,14,1,0
BRDA:193,15,0,0
BRDA:193,15,1,0
BRDA:227,16,0,0
BRDA:227,16,1,0
BRDA:235,17,0,0
BRDA:235,17,1,0
BRDA:251,18,0,0
BRDA:251,18,1,0
BRDA:261,19,0,0
BRDA:261,19,1,0
BRDA:277,20,0,0
BRDA:277,20,1,0
BRF:44
BRH:0
end_of_record
TN:
SF:src\routes\Forum2.js
FN:22,(anonymous_0)
FNF:1
FNH:0
FNDA:0,(anonymous_0)
DA:23,0
DA:30,0
LF:2
LH:0
BRF:0
BRH:0
end_of_record
TN:
SF:src\routes\Friend.js
FN:26,(anonymous_0)
FN:33,(anonymous_1)
FN:35,(anonymous_2)
FN:43,(anonymous_3)
FN:50,(anonymous_4)
FN:54,(anonymous_5)
FN:55,(anonymous_6)
FN:78,(anonymous_7)
FNF:8
FNH:0
FNDA:0,(anonymous_0)
FNDA:0,(anonymous_1)
FNDA:0,(anonymous_2)
FNDA:0,(anonymous_3)
FNDA:0,(anonymous_4)
FNDA:0,(anonymous_5)
FNDA:0,(anonymous_6)
FNDA:0,(anonymous_7)
DA:27,0
DA:28,0
DA:29,0
DA:30,0
DA:33,0
DA:34,0
DA:35,0
DA:36,0
DA:37,0
DA:38,0
DA:39,0
DA:43,0
DA:44,0
DA:45,0
DA:50,0
DA:51,0
DA:54,0
DA:55,0
DA:74,0
DA:78,0
LF:20
LH:0
BRDA:34,0,0,0
BRDA:34,0,1,0
BRF:2
BRH:0
end_of_record
TN:
SF:src\routes\FriendProfile.js
FN:21,(anonymous_0)
FN:28,(anonymous_1)
FN:29,(anonymous_2)
FN:34,(anonymous_3)
FN:35,(anonymous_4)
FN:40,(anonymous_5)
FN:58,(anonymous_6)
FN:63,(anonymous_7)
FN:95,(anonymous_8)
FN:100,(anonymous_9)
FN:131,(anonymous_10)
FNF:11
FNH:0
FNDA:0,(anonymous_0)
FNDA:0,(anonymous_1)
FNDA:0,(anonymous_2)
FNDA:0,(anonymous_3)
FNDA:0,(anonymous_4)
FNDA:0,(anonymous_5)
FNDA:0,(anonymous_6)
FNDA:0,(anonymous_7)
FNDA:0,(anonymous_8)
FNDA:0,(anonymous_9)
FNDA:0,(anonymous_10)
DA:22,0
DA:23,0
DA:24,0
DA:25,0
DA:26,0
DA:28,0
DA:29,0
DA:30,0
DA:34,0
DA:35,0
DA:36,0
DA:40,0
DA:41,0
DA:42,0
DA:43,0
DA:49,0
DA:51,0
DA:53,0
DA:54,0
DA:58,0
DA:60,0
DA:63,0
DA:64,0
DA:66,0
DA:68,0
DA:69,0
DA:70,0
DA:71,0
DA:74,0
DA:75,0
DA:81,0
DA:87,0
DA:88,0
DA:95,0
DA:96,0
DA:100,0
DA:101,0
DA:105,0
DA:131,0
LF:39
LH:0
BRDA:64,0,0,0
BRDA:64,0,1,0
BRDA:66,1,0,0
BRDA:66,1,1,0
BRDA:66,2,0,0
BRDA:66,2,1,0
BRDA:110,3,0,0
BRDA:110,3,1,0
BRDA:121,4,0,0
BRDA:121,4,1,0
BRDA:124,5,0,0
BRDA:124,5,1,0
BRDA:146,6,0,0
BRDA:146,6,1,0
BRDA:148,7,0,0
BRDA:148,7,1,0
BRDA:148,7,2,0
BRDA:150,8,0,0
BRDA:150,8,1,0
BRDA:152,9,0,0
BRDA:152,9,1,0
BRDA:152,9,2,0
BRDA:154,10,0,0
BRDA:154,10,1,0
BRDA:156,11,0,0
BRDA:156,11,1,0
BRDA:156,11,2,0
BRDA:158,12,0,0
BRDA:158,12,1,0
BRDA:160,13,0,0
BRDA:160,13,1,0
BRDA:160,13,2,0
BRDA:162,14,0,0
BRDA:162,14,1,0
BRDA:164,15,0,0
BRDA:164,15,1,0
BRDA:164,15,2,0
BRDA:166,16,0,0
BRDA:166,16,1,0
BRF:39
BRH:0
end_of_record
TN:
SF:src\routes\Home.js
FN:39,HomePage
FN:54,(anonymous_1)
FN:66,(anonymous_2)
FN:75,(anonymous_3)
FN:76,(anonymous_4)
FN:81,(anonymous_5)
FN:87,(anonymous_6)
FN:92,(anonymous_7)
FN:104,(anonymous_8)
FN:113,(anonymous_9)
FN:124,(anonymous_10)
FN:135,(anonymous_11)
FN:138,(anonymous_12)
FN:141,(anonymous_13)
FN:149,(anonymous_14)
FN:201,(anonymous_15)
FN:205,(anonymous_16)
FN:218,(anonymous_17)
FN:229,(anonymous_18)
FN:237,Home
FN:251,(anonymous_20)
FN:255,(anonymous_21)
FN:259,(anonymous_22)
FN:272,(anonymous_23)
FN:285,(anonymous_24)
FN:298,(anonymous_25)
FN:302,(anonymous_26)
FN:305,(anonymous_27)
FNF:28
FNH:0
FNDA:0,HomePage
FNDA:0,(anonymous_1)
FNDA:0,(anonymous_2)
FNDA:0,(anonymous_3)
FNDA:0,(anonymous_4)
FNDA:0,(anonymous_5)
FNDA:0,(anonymous_6)
FNDA:0,(anonymous_7)
FNDA:0,(anonymous_8)
FNDA:0,(anonymous_9)
FNDA:0,(anonymous_10)
FNDA:0,(anonymous_11)
FNDA:0,(anonymous_12)
FNDA:0,(anonymous_13)
FNDA:0,(anonymous_14)
FNDA:0,(anonymous_15)
FNDA:0,(anonymous_16)
FNDA:0,(anonymous_17)
FNDA:0,(anonymous_18)
FNDA:0,Home
FNDA:0,(anonymous_20)
FNDA:0,(anonymous_21)
FNDA:0,(anonymous_22)
FNDA:0,(anonymous_23)
FNDA:0,(anonymous_24)
FNDA:0,(anonymous_25)
FNDA:0,(anonymous_26)
FNDA:0,(anonymous_27)
DA:34,0
DA:35,0
DA:41,0
DA:42,0
DA:43,0
DA:44,0
DA:45,0
DA:46,0
DA:47,0
DA:48,0
DA:54,0
DA:55,0
DA:56,0
DA:57,0
DA:58,0
DA:59,0
DA:60,0
DA:63,0
DA:66,0
DA:67,0
DA:70,0
DA:71,0
DA:72,0
DA:73,0
DA:75,0
DA:76,0
DA:77,0
DA:81,0
DA:82,0
DA:83,0
DA:87,0
DA:88,0
DA:89,0
DA:90,0
DA:91,0
DA:92,0
DA:93,0
DA:96,0
DA:99,0
DA:100,0
DA:101,0
DA:102,0
DA:103,0
DA:104,0
DA:105,0
DA:107,0
DA:108,0
DA:113,0
DA:114,0
DA:115,0
DA:116,0
DA:119,0
DA:121,0
DA:124,0
DA:125,0
DA:126,0
DA:129,0
DA:131,0
DA:135,0
DA:136,0
DA:138,0
DA:139,0
DA:141,0
DA:142,0
DA:145,0
DA:146,0
DA:149,0
DA:201,0
DA:205,0
DA:215,0
DA:218,0
DA:229,0
DA:230,0
DA:239,0
DA:241,0
DA:252,0
DA:255,0
DA:260,0
DA:273,0
DA:286,0
DA:299,0
DA:302,0
DA:306,0
DA:316,0
LF:84
LH:0
BRDA:82,0,0,0
BRDA:82,0,1,0
BRDA:88,1,0,0
BRDA:88,1,1,0
BRDA:88,2,0,0
BRDA:88,2,1,0
BRDA:88,2,2,0
BRDA:88,2,3,0
BRDA:88,2,4,0
BRDA:88,2,5,0
BRDA:91,3,0,0
BRDA:91,3,1,0
BRDA:103,4,0,0
BRDA:103,4,1,0
BRDA:114,5,0,0
BRDA:114,5,1,0
BRDA:114,6,0,0
BRDA:114,6,1,0
BRDA:114,6,2,0
BRDA:114,6,3,0
BRDA:114,6,4,0
BRDA:114,6,5,0
BRDA:125,7,0,0
BRDA:125,7,1,0
BRDA:125,8,0,0
BRDA:125,8,1,0
BRDA:125,8,2,0
BRDA:125,8,3,0
BRDA:125,8,4,0
BRDA:125,8,5,0
BRDA:145,9,0,0
BRDA:145,9,1,0
BRDA:153,10,0,0
BRDA:153,10,1,0
BRDA:166,11,0,0
BRDA:166,11,1,0
BRDA:170,12,0,0
BRDA:170,12,1,0
BRDA:177,13,0,0
BRDA:177,13,1,0
BRDA:179,14,0,0
BRDA:179,14,1,0
BRDA:179,14,2,0
BRDA:181,15,0,0
BRDA:181,15,1,0
BRDA:183,16,0,0
BRDA:183,16,1,0
BRDA:183,16,2,0
BRDA:185,17,0,0
BRDA:185,17,1,0
BRDA:187,18,0,0
BRDA:187,18,1,0
BRDA:187,18,2,0
BRDA:189,19,0,0
BRDA:189,19,1,0
BRDA:191,20,0,0
BRDA:191,20,1,0
BRDA:191,20,2,0
BRDA:193,21,0,0
BRDA:193,21,1,0
BRDA:195,22,0,0
BRDA:195,22,1,0
BRDA:195,22,2,0
BRDA:197,23,0,0
BRDA:197,23,1,0
BRF:65
BRH:0
end_of_record
TN:
SF:src\routes\Login.js
FN:21,(anonymous_0)
FN:28,(anonymous_1)
FN:31,(anonymous_2)
FN:32,(anonymous_3)
FN:33,(anonymous_4)
FN:37,(anonymous_5)
FN:40,(anonymous_6)
FN:41,(anonymous_7)
FN:42,(anonymous_8)
FN:72,(anonymous_9)
FN:78,(anonymous_10)
FN:84,(anonymous_11)
FN:92,(anonymous_12)
FNF:13
FNH:0
FNDA:0,(anonymous_0)
FNDA:0,(anonymous_1)
FNDA:0,(anonymous_2)
FNDA:0,(anonymous_3)
FNDA:0,(anonymous_4)
FNDA:0,(anonymous_5)
FNDA:0,(anonymous_6)
FNDA:0,(anonymous_7)
FNDA:0,(anonymous_8)
FNDA:0,(anonymous_9)
FNDA:0,(anonymous_10)
FNDA:0,(anonymous_11)
FNDA:0,(anonymous_12)
DA:22,0
DA:24,0
DA:25,0
DA:28,0
DA:29,0
DA:31,0
DA:32,0
DA:33,0
DA:37,0
DA:38,0
DA:40,0
DA:41,0
DA:42,0
DA:48,0
DA:72,0
DA:78,0
DA:84,0
DA:92,0
DA:102,0
LF:19
LH:0
BRDA:33,0,0,0
BRDA:33,0,1,0
BRDA:42,1,0,0
BRDA:42,1,1,0
BRF:4
BRH:0
end_of_record
TN:
SF:src\routes\Profile.js
FN:20,Profile
FN:26,(anonymous_1)
FN:27,(anonymous_2)
FN:32,(anonymous_3)
FN:43,(anonymous_4)
FN:50,(anonymous_5)
FN:57,(anonymous_6)
FN:61,(anonymous_7)
FN:65,(anonymous_8)
FN:105,(anonymous_9)
FN:112,(anonymous_10)
FN:123,(anonymous_11)
FN:139,(anonymous_12)
FN:155,(anonymous_13)
FN:173,(anonymous_14)
FN:189,(anonymous_15)
FN:205,(anonymous_16)
FN:224,(anonymous_17)
FNF:18
FNH:0
FNDA:0,Profile
FNDA:0,(anonymous_1)
FNDA:0,(anonymous_2)
FNDA:0,(anonymous_3)
FNDA:0,(anonymous_4)
FNDA:0,(anonymous_5)
FNDA:0,(anonymous_6)
FNDA:0,(anonymous_7)
FNDA:0,(anonymous_8)
FNDA:0,(anonymous_9)
FNDA:0,(anonymous_10)
FNDA:0,(anonymous_11)
FNDA:0,(anonymous_12)
FNDA:0,(anonymous_13)
FNDA:0,(anonymous_14)
FNDA:0,(anonymous_15)
FNDA:0,(anonymous_16)
FNDA:0,(anonymous_17)
DA:22,0
DA:23,0
DA:24,0
DA:26,0
DA:27,0
DA:28,0
DA:32,0
DA:33,0
DA:34,0
DA:35,0
DA:36,0
DA:37,0
DA:41,0
DA:43,0
DA:44,0
DA:45,0
DA:46,0
DA:47,0
DA:50,0
DA:51,0
DA:52,0
DA:57,0
DA:58,0
DA:61,0
DA:62,0
DA:65,0
DA:66,0
DA:67,0
DA:71,0
DA:105,0
DA:112,0
DA:123,0
DA:139,0
DA:155,0
DA:173,0
DA:189,0
DA:205,0
DA:224,0
DA:271,0
LF:39
LH:0
BRDA:33,0,0,0
BRDA:33,0,1,0
BRDA:33,1,0,0
BRDA:33,1,1,0
BRDA:35,2,0,0
BRDA:35,2,1,0
BRDA:66,3,0,0
BRDA:66,3,1,0
BRDA:75,4,0,0
BRDA:75,4,1,0
BRDA:91,5,0,0
BRDA:91,5,1,0
BRDA:117,6,0,0
BRDA:117,6,1,0
BRDA:121,7,0,0
BRDA:121,7,1,0
BRDA:121,7,2,0
BRDA:122,8,0,0
BRDA:122,8,1,0
BRDA:122,8,2,0
BRDA:124,9,0,0
BRDA:124,9,1,0
BRDA:134,10,0,0
BRDA:134,10,1,0
BRDA:138,11,0,0
BRDA:138,11,1,0
BRDA:138,11,2,0
BRDA:140,12,0,0
BRDA:140,12,1,0
BRDA:150,13,0,0
BRDA:150,13,1,0
BRDA:154,14,0,0
BRDA:154,14,1,0
BRDA:154,14,2,0
BRDA:156,15,0,0
BRDA:156,15,1,0
BRDA:166,16,0,0
BRDA:166,16,1,0
BRDA:171,17,0,0
BRDA:171,17,1,0
BRDA:171,17,2,0
BRDA:172,18,0,0
BRDA:172,18,1,0
BRDA:172,18,2,0
BRDA:174,19,0,0
BRDA:174,19,1,0
BRDA:184,20,0,0
BRDA:184,20,1,0
BRDA:188,21,0,0
BRDA:188,21,1,0
BRDA:188,21,2,0
BRDA:190,22,0,0
BRDA:190,22,1,0
BRDA:200,23,0,0
BRDA:200,23,1,0
BRDA:204,24,0,0
BRDA:204,24,1,0
BRDA:204,24,2,0
BRDA:206,25,0,0
BRDA:206,25,1,0
BRDA:216,26,0,0
BRDA:216,26,1,0
BRDA:231,27,0,0
BRDA:231,27,1,0
BRDA:236,28,0,0
BRDA:236,28,1,0
BRDA:236,28,2,0
BRDA:244,29,0,0
BRDA:244,29,1,0
BRDA:248,30,0,0
BRDA:248,30,1,0
BRDA:252,31,0,0
BRDA:252,31,1,0
BRDA:256,32,0,0
BRDA:256,32,1,0
BRDA:260,33,0,0
BRDA:260,33,1,0
BRF:77
BRH:0
end_of_record
TN:
SF:src\routes\Register.js
FN:15,(anonymous_0)
FN:20,(anonymous_1)
FN:42,(anonymous_2)
FN:49,(anonymous_3)
FNF:4
FNH:0
FNDA:0,(anonymous_0)
FNDA:0,(anonymous_1)
FNDA:0,(anonymous_2)
FNDA:0,(anonymous_3)
DA:16,0
DA:18,0
DA:20,0
DA:21,0
DA:22,0
DA:24,0
DA:27,0
DA:42,0
DA:49,0
DA:56,0
LF:10
LH:0
BRDA:21,0,0,0
BRDA:21,0,1,0
BRF:2
BRH:0
end_of_record
TN:
SF:src\routes\Register2.js
FN:15,(anonymous_0)
FN:22,(anonymous_1)
FN:57,(anonymous_2)
FNF:3
FNH:0
FNDA:0,(anonymous_0)
FNDA:0,(anonymous_1)
FNDA:0,(anonymous_2)
DA:16,0
DA:17,0
DA:19,0
DA:20,0
DA:22,0
DA:23,0
DA:24,0
DA:25,0
DA:27,0
DA:31,0
DA:57,0
DA:66,0
LF:12
LH:0
BRDA:24,0,0,0
BRDA:24,0,1,0
BRF:2
BRH:0
end_of_record
TN:
SF:src\routes\Register3.js
FN:18,(anonymous_0)
FN:25,(anonymous_1)
FN:33,(anonymous_2)
FN:34,(anonymous_3)
FN:55,(anonymous_4)
FN:62,(anonymous_5)
FNF:6
FNH:0
FNDA:0,(anonymous_0)
FNDA:0,(anonymous_1)
FNDA:0,(anonymous_2)
FNDA:0,(anonymous_3)
FNDA:0,(anonymous_4)
FNDA:0,(anonymous_5)
DA:19,0
DA:20,0
DA:22,0
DA:23,0
DA:25,0
DA:26,0
DA:28,0
DA:31,0
DA:33,0
DA:34,0
DA:40,0
DA:55,0
DA:62,0
DA:69,0
LF:14
LH:0
BRDA:26,0,0,0
BRDA:26,0,1,0
BRDA:34,1,0,0
BRDA:34,1,1,0
BRF:4
BRH:0
end_of_record
TN:
SF:src\routes\Request.js
FN:26,(anonymous_0)
FN:30,(anonymous_1)
FN:31,(anonymous_2)
FN:37,(anonymous_3)
FN:40,(anonymous_4)
FN:49,(anonymous_5)
FN:56,(anonymous_6)
FN:60,(anonymous_7)
FN:67,(anonymous_8)
FN:82,(anonymous_9)
FN:86,(anonymous_10)
FN:96,(anonymous_11)
FNF:12
FNH:0
FNDA:0,(anonymous_0)
FNDA:0,(anonymous_1)
FNDA:0,(anonymous_2)
FNDA:0,(anonymous_3)
FNDA:0,(anonymous_4)
FNDA:0,(anonymous_5)
FNDA:0,(anonymous_6)
FNDA:0,(anonymous_7)
FNDA:0,(anonymous_8)
FNDA:0,(anonymous_9)
FNDA:0,(anonymous_10)
FNDA:0,(anonymous_11)
DA:27,0
DA:28,0
DA:30,0
DA:31,0
DA:32,0
DA:37,0
DA:39,0
DA:40,0
DA:42,0
DA:43,0
DA:44,0
DA:45,0
DA:49,0
DA:50,0
DA:51,0
DA:56,0
DA:57,0
DA:60,0
DA:61,0
DA:67,0
DA:68,0
DA:82,0
DA:86,0
DA:92,0
DA:96,0
LF:25
LH:0
BRDA:39,0,0,0
BRDA:39,0,1,0
BRDA:39,1,0,0
BRDA:39,1,1,0
BRF:4
BRH:0
end_of_record
TN:
SF:src\routes\Setting.js
FN:30,(anonymous_0)
FN:41,(anonymous_1)
FN:42,(anonymous_2)
FN:46,(anonymous_3)
FN:50,(anonymous_4)
FN:71,(anonymous_5)
FN:82,(anonymous_6)
FN:95,(anonymous_7)
FN:109,(anonymous_8)
FN:123,(anonymous_9)
FN:136,(anonymous_10)
FNF:11
FNH:0
FNDA:0,(anonymous_0)
FNDA:0,(anonymous_1)
FNDA:0,(anonymous_2)
FNDA:0,(anonymous_3)
FNDA:0,(anonymous_4)
FNDA:0,(anonymous_5)
FNDA:0,(anonymous_6)
FNDA:0,(anonymous_7)
FNDA:0,(anonymous_8)
FNDA:0,(anonymous_9)
FNDA:0,(anonymous_10)
DA:32,0
DA:34,0
DA:35,0
DA:36,0
DA:37,0
DA:38,0
DA:39,0
DA:41,0
DA:42,0
DA:43,0
DA:46,0
DA:47,0
DA:50,0
DA:51,0
DA:52,0
DA:53,0
DA:54,0
DA:55,0
DA:56,0
DA:61,0
DA:71,0
DA:82,0
DA:95,0
DA:109,0
DA:123,0
DA:136,0
DA:155,0
LF:27
LH:0
BRDA:51,0,0,0
BRDA:51,0,1,0
BRDA:86,1,0,0
BRDA:86,1,1,0
BRDA:88,2,0,0
BRDA:88,2,1,0
BRDA:100,3,0,0
BRDA:100,3,1,0
BRDA:102,4,0,0
BRDA:102,4,1,0
BRDA:113,5,0,0
BRDA:113,5,1,0
BRDA:115,6,0,0
BRDA:115,6,1,0
BRDA:127,7,0,0
BRDA:127,7,1,0
BRDA:129,8,0,0
BRDA:129,8,1,0
BRDA:140,9,0,0
BRDA:140,9,1,0
BRDA:142,10,0,0
BRDA:142,10,1,0
BRF:22
BRH:0
end_of_record
TN:
SF:src\routes\StudyBuddy.js
FN:16,StudyBuddy
FN:24,(anonymous_1)
FN:28,(anonymous_2)
FN:32,(anonymous_3)
FN:36,(anonymous_4)
FN:37,(anonymous_5)
FN:42,(anonymous_6)
FN:79,(anonymous_7)
FN:82,(anonymous_8)
FN:88,(anonymous_9)
FN:91,(anonymous_10)
FN:101,(anonymous_11)
FN:102,(anonymous_12)
FN:105,(anonymous_13)
FN:121,(anonymous_14)
FN:131,(anonymous_15)
FN:136,(anonymous_16)
FN:145,(anonymous_17)
FN:150,(anonymous_18)
FN:156,(anonymous_19)
FNF:20
FNH:0
FNDA:0,StudyBuddy
FNDA:0,(anonymous_1)
FNDA:0,(anonymous_2)
FNDA:0,(anonymous_3)
FNDA:0,(anonymous_4)
FNDA:0,(anonymous_5)
FNDA:0,(anonymous_6)
FNDA:0,(anonymous_7)
FNDA:0,(anonymous_8)
FNDA:0,(anonymous_9)
FNDA:0,(anonymous_10)
FNDA:0,(anonymous_11)
FNDA:0,(anonymous_12)
FNDA:0,(anonymous_13)
FNDA:0,(anonymous_14)
FNDA:0,(anonymous_15)
FNDA:0,(anonymous_16)
FNDA:0,(anonymous_17)
FNDA:0,(anonymous_18)
FNDA:0,(anonymous_19)
DA:17,0
DA:18,0
DA:19,0
DA:20,0
DA:21,0
DA:22,0
DA:24,0
DA:25,0
DA:28,0
DA:29,0
DA:32,0
DA:33,0
DA:36,0
DA:37,0
DA:38,0
DA:42,0
DA:43,0
DA:44,0
DA:45,0
DA:51,0
DA:52,0
DA:59,0
DA:60,0
DA:68,0
DA:76,0
DA:77,0
DA:78,0
DA:79,0
DA:82,0
DA:83,0
DA:84,0
DA:87,0
DA:88,0
DA:91,0
DA:96,0
DA:97,0
DA:101,0
DA:102,0
DA:105,0
DA:106,0
DA:121,0
DA:131,0
DA:132,0
DA:133,0
DA:136,0
DA:137,0
DA:140,0
DA:141,0
DA:142,0
DA:145,0
DA:150,0
DA:156,0
LF:52
LH:0
BRDA:44,0,0,0
BRDA:44,0,1,0
BRDA:44,1,0,0
BRDA:44,1,1,0
BRDA:51,2,0,0
BRDA:51,2,1,0
BRDA:51,3,0,0
BRDA:51,3,1,0
BRDA:59,4,0,0
BRDA:59,4,1,0
BRDA:59,5,0,0
BRDA:59,5,1,0
BRDA:152,6,0,0
BRDA:152,6,1,0
BRF:14
BRH:0
end_of_record
TN:
SF:src\routes\StudyBuddyAddNewPost.js
FN:23,StudyBuddyAddNewPost
FN:37,(anonymous_1)
FN:39,(anonymous_2)
FN:40,(anonymous_3)
FN:41,(anonymous_4)
FN:46,(anonymous_5)
FN:98,(anonymous_6)
FN:121,(anonymous_7)
FN:137,(anonymous_8)
FN:165,(anonymous_9)
FNF:10
FNH:0
FNDA:0,StudyBuddyAddNewPost
FNDA:0,(anonymous_1)
FNDA:0,(anonymous_2)
FNDA:0,(anonymous_3)
FNDA:0,(anonymous_4)
FNDA:0,(anonymous_5)
FNDA:0,(anonymous_6)
FNDA:0,(anonymous_7)
FNDA:0,(anonymous_8)
FNDA:0,(anonymous_9)
DA:25,0
DA:28,0
DA:31,0
DA:32,0
DA:33,0
DA:34,0
DA:35,0
DA:37,0
DA:38,0
DA:39,0
DA:41,0
DA:42,0
DA:46,0
DA:47,0
DA:48,0
DA:50,0
DA:58,0
DA:59,0
DA:62,0
DA:65,0
DA:98,0
DA:99,0
DA:102,0
DA:103,0
DA:107,0
DA:121,0
DA:137,0
DA:165,0
DA:175,0
LF:29
LH:0
BRDA:47,0,0,0
BRDA:47,0,1,0
BRF:2
BRH:0
end_of_record
TN:
SF:src\routes\StudyBuddyFilter.js
FN:16,StudyBuddyFilter
FN:29,(anonymous_1)
FN:41,(anonymous_2)
FN:43,(anonymous_3)
FN:44,(anonymous_4)
FN:45,(anonymous_5)
FN:83,(anonymous_6)
FN:91,(anonymous_7)
FN:105,(anonymous_8)
FN:134,(anonymous_9)
FNF:10
FNH:0
FNDA:0,StudyBuddyFilter
FNDA:0,(anonymous_1)
FNDA:0,(anonymous_2)
FNDA:0,(anonymous_3)
FNDA:0,(anonymous_4)
FNDA:0,(anonymous_5)
FNDA:0,(anonymous_6)
FNDA:0,(anonymous_7)
FNDA:0,(anonymous_8)
FNDA:0,(anonymous_9)
DA:18,0
DA:21,0
DA:26,0
DA:29,0
DA:30,0
DA:31,0
DA:37,0
DA:38,0
DA:39,0
DA:41,0
DA:42,0
DA:43,0
DA:45,0
DA:46,0
DA:50,0
DA:83,0
DA:84,0
DA:87,0
DA:88,0
DA:91,0
DA:92,0
DA:93,0
DA:94,0
DA:97,0
DA:101,0
DA:105,0
DA:134,0
DA:144,0
LF:28
LH:0
BRDA:92,0,0,0
BRDA:92,0,1,0
BRDA:92,1,0,0
BRDA:92,1,1,0
BRF:4
BRH:0
end_of_record
TN:
SF:src\routes\StudyBuddyPost.js
FN:10,PostComments
FN:26,(anonymous_1)
FN:27,(anonymous_2)
FN:30,(anonymous_3)
FN:34,(anonymous_4)
FN:40,(anonymous_5)
FN:44,(anonymous_6)
FN:52,(anonymous_7)
FN:55,(anonymous_8)
FN:61,(anonymous_9)
FN:64,(anonymous_10)
FN:73,(anonymous_11)
FN:77,(anonymous_12)
FN:95,(anonymous_13)
FN:110,(anonymous_14)
FN:118,(anonymous_15)
FN:119,(anonymous_16)
FN:132,(anonymous_17)
FN:156,(anonymous_18)
FN:165,(anonymous_19)
FN:206,(anonymous_20)
FN:232,(anonymous_21)
FNF:22
FNH:0
FNDA:0,PostComments
FNDA:0,(anonymous_1)
FNDA:0,(anonymous_2)
FNDA:0,(anonymous_3)
FNDA:0,(anonymous_4)
FNDA:0,(anonymous_5)
FNDA:0,(anonymous_6)
FNDA:0,(anonymous_7)
FNDA:0,(anonymous_8)
FNDA:0,(anonymous_9)
FNDA:0,(anonymous_10)
FNDA:0,(anonymous_11)
FNDA:0,(anonymous_12)
FNDA:0,(anonymous_13)
FNDA:0,(anonymous_14)
FNDA:0,(anonymous_15)
FNDA:0,(anonymous_16)
FNDA:0,(anonymous_17)
FNDA:0,(anonymous_18)
FNDA:0,(anonymous_19)
FNDA:0,(anonymous_20)
FNDA:0,(anonymous_21)
DA:11,0
DA:12,0
DA:13,0
DA:14,0
DA:15,0
DA:16,0
DA:17,0
DA:19,0
DA:20,0
DA:21,0
DA:22,0
DA:24,0
DA:26,0
DA:27,0
DA:28,0
DA:30,0
DA:31,0
DA:34,0
DA:35,0
DA:36,0
DA:40,0
DA:41,0
DA:44,0
DA:45,0
DA:51,0
DA:52,0
DA:55,0
DA:56,0
DA:57,0
DA:60,0
DA:61,0
DA:64,0
DA:69,0
DA:70,0
DA:73,0
DA:74,0
DA:75,0
DA:77,0
DA:78,0
DA:79,0
DA:80,0
DA:81,0
DA:82,0
DA:84,0
DA:87,0
DA:89,0
DA:92,0
DA:95,0
DA:96,0
DA:98,0
DA:107,0
DA:108,0
DA:109,0
DA:110,0
DA:111,0
DA:112,0
DA:114,0
DA:118,0
DA:119,0
DA:120,0
DA:121,0
DA:122,0
DA:124,0
DA:125,0
DA:126,0
DA:128,0
DA:132,0
DA:133,0
DA:135,0
DA:137,0
DA:156,0
DA:165,0
DA:172,0
DA:206,0
DA:232,0
DA:242,0
LF:76
LH:0
BRDA:78,0,0,0
BRDA:78,0,1,0
BRDA:79,1,0,0
BRDA:79,1,1,0
BRDA:81,2,0,0
BRDA:81,2,1,0
BRDA:96,3,0,0
BRDA:96,3,1,0
BRDA:120,4,0,0
BRDA:120,4,1,0
BRDA:121,5,0,0
BRDA:121,5,1,0
BRDA:125,6,0,0
BRDA:125,6,1,0
BRDA:133,7,0,0
BRDA:133,7,1,0
BRDA:138,8,0,0
BRDA:138,8,1,0
BRDA:160,9,0,0
BRDA:160,9,1,0
BRDA:174,10,0,0
BRDA:174,10,1,0
BRDA:175,11,0,0
BRDA:175,11,1,0
BRDA:176,12,0,0
BRDA:176,12,1,0
BRDA:210,13,0,0
BRDA:210,13,1,0
BRDA:210,13,2,0
BRF:29
BRH:0
end_of_record
TN:
SF:src\routes\forgetPassword.js
FN:18,(anonymous_0)
FN:23,(anonymous_1)
FN:27,(anonymous_2)
FN:31,(anonymous_3)
FN:54,(anonymous_4)
FN:61,(anonymous_5)
FNF:6
FNH:0
FNDA:0,(anonymous_0)
FNDA:0,(anonymous_1)
FNDA:0,(anonymous_2)
FNDA:0,(anonymous_3)
FNDA:0,(anonymous_4)
FNDA:0,(anonymous_5)
DA:19,0
DA:21,0
DA:23,0
DA:24,0
DA:25,0
DA:28,0
DA:29,0
DA:32,0
DA:36,0
DA:40,0
DA:54,0
DA:61,0
DA:68,0
LF:13
LH:0
BRF:0
BRH:0
end_of_record
TN:
SF:src\services\Photo.js
FN:15,ImagePickerExample
FN:18,(anonymous_1)
FNF:2
FNH:0
FNDA:0,ImagePickerExample
FNDA:0,(anonymous_1)
DA:16,0
DA:18,0
DA:19,0
DA:26,0
DA:27,0
DA:31,0
LF:6
LH:0
BRDA:26,0,0,0
BRDA:26,0,1,0
BRDA:34,1,0,0
BRDA:34,1,1,0
BRF:4
BRH:0
end_of_record
